<?xml version="1.0" encoding="utf-8"?><testsuites name="pytest tests"><testsuite name="pytest" errors="0" failures="0" skipped="0" tests="16" time="111.825" timestamp="2026-03-29T07:33:35.513048+00:00" hostname="agent-env-3809a920-e363-4853-ae5a-deead2c7e952"><testcase classname="backend.tests.test_iteration_101_phase2.TestAuth" name="test_ceo_login" time="22.963" /><testcase classname="backend.tests.test_iteration_101_phase2.TestCompetitorIntelligencePhase2" name="test_list_competitors_returns_6_seeded" time="1.361" /><testcase classname="backend.tests.test_iteration_101_phase2.TestCompetitorIntelligencePhase2" name="test_scrape_competitor" time="1.109" /><testcase classname="backend.tests.test_iteration_101_phase2.TestCompetitorIntelligencePhase2" name="test_get_competitor_intel" time="0.876" /><testcase classname="backend.tests.test_iteration_101_phase2.TestCompetitorIntelligencePhase2" name="test_generate_battle_card" time="0.886" /><testcase classname="backend.tests.test_iteration_101_phase2.TestCompetitorIntelligencePhase2" name="test_get_battle_card" time="0.630" /><testcase classname="backend.tests.test_iteration_101_phase2.TestCompetitorIntelligencePhase2" name="test_scrape_all_competitors" time="4.630" /><testcase classname="backend.tests.test_iteration_101_phase2.TestCompetitorIntelligencePhase2" name="test_daily_briefing" time="2.781" /><testcase classname="backend.tests.test_iteration_101_phase2.TestClaretAIPhase2" name="test_claret_chat_with_web_context" time="23.181" /><testcase classname="backend.tests.test_iteration_101_phase2.TestClaretAIPhase2" name="test_claret_chat_sales_coaching" time="19.109" /><testcase classname="backend.tests.test_iteration_101_phase2.TestClaretAIPhase2" name="test_claret_chat_competitor_context" time="27.325" /><testcase classname="backend.tests.test_iteration_101_phase2.TestCEOCommissionApproval" name="test_commission_approval_status" time="1.491" /><testcase classname="backend.tests.test_iteration_101_phase2.TestCEOCommissionApproval" name="test_commission_approve_endpoint_exists" time="0.101" /><testcase classname="backend.tests.test_iteration_101_phase2.TestExecutiveDashboard" name="test_team_mood_endpoint" time="1.259" /><testcase classname="backend.tests.test_iteration_101_phase2.TestExecutiveDashboard" name="test_scatter_data_endpoint" time="2.121" /><testcase classname="backend.tests.test_iteration_101_phase2.TestSalesCRMColorCoding" name="test_leads_have_stage_field" time="1.910" /></testsuite></testsuites>