<?xml version="1.0" encoding="utf-8"?><testsuites name="pytest tests"><testsuite name="pytest" errors="0" failures="0" skipped="0" tests="12" time="2.814" timestamp="2026-03-10T17:53:27.680042+00:00" hostname="agent-env-58a05732-2fd7-46af-bcf6-a32f7e4bb8b4"><testcase classname="tests.test_upgrade_workflow.TestUpgradeWorkflowBackend" name="test_01_auth_login" time="0.431" /><testcase classname="tests.test_upgrade_workflow.TestUpgradeWorkflowBackend" name="test_02_get_courses_with_prices" time="0.497" /><testcase classname="tests.test_upgrade_workflow.TestUpgradeWorkflowBackend" name="test_03_ensure_student_in_activated_stage" time="0.249" /><testcase classname="tests.test_upgrade_workflow.TestUpgradeWorkflowBackend" name="test_04_initiate_upgrade_basic" time="0.133" /><testcase classname="tests.test_upgrade_workflow.TestUpgradeWorkflowBackend" name="test_05_get_upgrade_history" time="0.117" /><testcase classname="tests.test_upgrade_workflow.TestUpgradeWorkflowBackend" name="test_06_verify_student_state_after_upgrade" time="0.125" /><testcase classname="tests.test_upgrade_workflow.TestUpgradeWorkflowBackend" name="test_07_initiate_upgrade_with_mt5_change" time="0.254" /><testcase classname="tests.test_upgrade_workflow.TestUpgradeWorkflowBackend" name="test_08_upgrade_requires_course_selection" time="0.264" /><testcase classname="tests.test_upgrade_workflow.TestUpgradeWorkflowBackend" name="test_09_upgrade_invalid_course" time="0.294" /><testcase classname="tests.test_upgrade_workflow.TestUpgradeWorkflowBackend" name="test_10_upgrade_invalid_student" time="0.128" /><testcase classname="tests.test_upgrade_workflow.TestUpgradeWorkflowBackend" name="test_11_get_students_api_returns_upgrade_data" time="0.127" /><testcase classname="tests.test_upgrade_workflow.TestUpgradeWorkflowBackend" name="test_12_cleanup_reset_student_to_activated" time="0.126" /></testsuite></testsuites>