<?xml version="1.0" encoding="utf-8"?><testsuites name="pytest tests"><testsuite name="pytest" errors="0" failures="1" skipped="0" tests="18" time="7.279" timestamp="2026-02-09T03:40:54.023206+00:00" hostname="agent-env-34270b3c-2bdd-4a57-a8ed-cc01ce93e696"><testcase classname="backend.tests.test_new_features_iteration11.TestAuthentication" name="test_login_success" time="0.297" /><testcase classname="backend.tests.test_new_features_iteration11.TestRolesAPI" name="test_get_roles" time="0.298"><failure message="AssertionError: assert 2 &gt;= 10&#10; +  where 2 = len([{'action_permissions': {}, 'color': 'bg-teal-500', 'created_at': '2026-02-09T03:39:57.843417+00:00', 'created_by': '95a08229-a075-4c2d-b09d-bf57cb6d9455', ...}, {'color': 'bg-yellow-500', 'data_visibility': 'own', 'display_name': 'Sales Executive', 'id': 'sales_executive', ...}])">backend/tests/test_new_features_iteration11.py:58: in test_get_roles
    assert len(roles) &gt;= 10  # At least 10 default system roles
    ^^^^^^^^^^^^^^^^^^^^^^^
E   AssertionError: assert 2 &gt;= 10
E    +  where 2 = len([{'action_permissions': {}, 'color': 'bg-teal-500', 'created_at': '2026-02-09T03:39:57.843417+00:00', 'created_by': '95a08229-a075-4c2d-b09d-bf57cb6d9455', ...}, {'color': 'bg-yellow-500', 'data_visibility': 'own', 'display_name': 'Sales Executive', 'id': 'sales_executive', ...}])</failure></testcase><testcase classname="backend.tests.test_new_features_iteration11.TestRolesAPI" name="test_get_roles_structure" time="0.305" /><testcase classname="backend.tests.test_new_features_iteration11.TestRolesAPI" name="test_create_custom_role" time="0.310" /><testcase classname="backend.tests.test_new_features_iteration11.TestRolesAPI" name="test_update_role" time="0.380" /><testcase classname="backend.tests.test_new_features_iteration11.TestRolesAPI" name="test_update_system_role_permissions" time="0.337" /><testcase classname="backend.tests.test_new_features_iteration11.TestRolesAPI" name="test_cannot_delete_system_role" time="0.351" /><testcase classname="backend.tests.test_new_features_iteration11.TestRolesAPI" name="test_delete_custom_role" time="0.385" /><testcase classname="backend.tests.test_new_features_iteration11.TestRolesAPI" name="test_roles_require_auth" time="0.315" /><testcase classname="backend.tests.test_new_features_iteration11.TestLeadAPI" name="test_create_lead_with_lead_source" time="0.371" /><testcase classname="backend.tests.test_new_features_iteration11.TestLeadAPI" name="test_create_lead_with_all_sources" time="1.131" /><testcase classname="backend.tests.test_new_features_iteration11.TestLeadAPI" name="test_update_lead_stage_kanban" time="0.610" /><testcase classname="backend.tests.test_new_features_iteration11.TestLeadAPI" name="test_get_leads_returns_lead_source" time="0.311" /><testcase classname="backend.tests.test_new_features_iteration11.TestUsersAPI" name="test_get_users" time="0.340" /><testcase classname="backend.tests.test_new_features_iteration11.TestUsersAPI" name="test_create_user_with_role" time="0.306" /><testcase classname="backend.tests.test_new_features_iteration11.TestPhoneCountryDetection" name="test_lead_with_uae_phone" time="0.358" /><testcase classname="backend.tests.test_new_features_iteration11.TestPhoneCountryDetection" name="test_lead_with_india_phone" time="0.396" /><testcase classname="backend.tests.test_new_features_iteration11.TestPhoneCountryDetection" name="test_lead_with_saudi_phone" time="0.371" /></testsuite></testsuites>