<?xml version="1.0" encoding="utf-8"?><testsuites name="pytest tests"><testsuite name="pytest" errors="0" failures="4" skipped="0" tests="16" time="1.394" timestamp="2026-02-08T19:49:36.123798+00:00" hostname="agent-env-7deda103-c970-41bc-b1df-2ebfca94d034"><testcase classname="tests.test_3cx_integration.TestAuth" name="test_login_success" time="0.305" /><testcase classname="tests.test_3cx_integration.Test3CXTemplate" name="test_get_3cx_template" time="0.040" /><testcase classname="tests.test_3cx_integration.Test3CXContactLookup" name="test_contact_lookup_not_found" time="0.042" /><testcase classname="tests.test_3cx_integration.Test3CXContactLookup" name="test_contact_lookup_with_existing_lead" time="0.040" /><testcase classname="tests.test_3cx_integration.Test3CXContactSearch" name="test_contact_search_empty" time="0.041" /><testcase classname="tests.test_3cx_integration.Test3CXContactSearch" name="test_contact_search_with_results" time="0.037" /><testcase classname="tests.test_3cx_integration.Test3CXCallHistory" name="test_call_history_invalid_contact" time="0.032"><failure message="assert 403 == 200&#10; +  where 403 = &lt;Response [403]&gt;.status_code">tests/test_3cx_integration.py:148: in test_call_history_invalid_contact
    assert response.status_code == 200
E   assert 403 == 200
E    +  where 403 = &lt;Response [403]&gt;.status_code</failure></testcase><testcase classname="tests.test_3cx_integration.Test3CXCallHistory" name="test_call_history_valid_format" time="0.036"><failure message="assert 403 == 200&#10; +  where 403 = &lt;Response [403]&gt;.status_code">tests/test_3cx_integration.py:159: in test_call_history_valid_format
    assert response.status_code == 200
E   assert 403 == 200
E    +  where 403 = &lt;Response [403]&gt;.status_code</failure></testcase><testcase classname="tests.test_3cx_integration.Test3CXRecentCalls" name="test_recent_calls" time="0.033"><failure message="assert 403 == 200&#10; +  where 403 = &lt;Response [403]&gt;.status_code">tests/test_3cx_integration.py:175: in test_recent_calls
    assert response.status_code == 200
E   assert 403 == 200
E    +  where 403 = &lt;Response [403]&gt;.status_code</failure></testcase><testcase classname="tests.test_3cx_integration.Test3CXClickToCall" name="test_click_to_call_authenticated" time="0.340" /><testcase classname="tests.test_3cx_integration.Test3CXClickToCall" name="test_click_to_call_unauthenticated" time="0.073" /><testcase classname="tests.test_3cx_integration.Test3CXCallJournal" name="test_call_journal_inbound" time="0.033" /><testcase classname="tests.test_3cx_integration.Test3CXCallJournal" name="test_call_journal_outbound" time="0.036" /><testcase classname="tests.test_3cx_integration.Test3CXCallJournal" name="test_call_journal_missed" time="0.034" /><testcase classname="tests.test_3cx_integration.Test3CXContactCreate" name="test_contact_create_new" time="0.034" /><testcase classname="tests.test_3cx_integration.Test3CXContactCreate" name="test_contact_create_duplicate" time="0.078"><failure message="assert 520 == 200&#10; +  where 520 = &lt;Response [520]&gt;.status_code">tests/test_3cx_integration.py:342: in test_contact_create_duplicate
    assert response2.status_code == 200
E   assert 520 == 200
E    +  where 520 = &lt;Response [520]&gt;.status_code</failure></testcase></testsuite></testsuites>