<?xml version="1.0" encoding="utf-8"?><testsuites name="pytest tests"><testsuite name="pytest" errors="0" failures="0" skipped="0" tests="20" time="2.943" timestamp="2026-03-14T07:43:33.310070+00:00" hostname="agent-env-00866131-fb5e-4b15-94e1-2fe60a4fc962"><testcase classname="backend.tests.test_sla_management.TestSLAManagement" name="test_get_sla_rules_all" time="0.656" /><testcase classname="backend.tests.test_sla_management.TestSLAManagement" name="test_get_sla_rules_verify_structure" time="0.136" /><testcase classname="backend.tests.test_sla_management.TestSLAManagement" name="test_get_sla_rules_filter_by_department_sales" time="0.101" /><testcase classname="backend.tests.test_sla_management.TestSLAManagement" name="test_get_sla_rules_filter_by_department_cs" time="0.096" /><testcase classname="backend.tests.test_sla_management.TestSLAManagement" name="test_get_sla_rules_filter_by_department_hr" time="0.134" /><testcase classname="backend.tests.test_sla_management.TestSLAManagement" name="test_create_sla_rule" time="0.112" /><testcase classname="backend.tests.test_sla_management.TestSLAManagement" name="test_create_sla_rule_verify_persistence" time="0.105" /><testcase classname="backend.tests.test_sla_management.TestSLAManagement" name="test_update_sla_rule" time="0.146" /><testcase classname="backend.tests.test_sla_management.TestSLAManagement" name="test_update_sla_rule_verify_persistence" time="0.100" /><testcase classname="backend.tests.test_sla_management.TestSLAManagement" name="test_toggle_sla_rule_to_inactive" time="0.129" /><testcase classname="backend.tests.test_sla_management.TestSLAManagement" name="test_toggle_sla_rule_to_active" time="0.144" /><testcase classname="backend.tests.test_sla_management.TestSLAManagement" name="test_delete_sla_rule" time="0.135" /><testcase classname="backend.tests.test_sla_management.TestSLAManagement" name="test_delete_sla_rule_verify_removal" time="0.110" /><testcase classname="backend.tests.test_sla_management.TestSLAManagement" name="test_update_nonexistent_rule" time="0.109" /><testcase classname="backend.tests.test_sla_management.TestSLAManagement" name="test_toggle_nonexistent_rule" time="0.114" /><testcase classname="backend.tests.test_sla_management.TestSLAManagement" name="test_delete_nonexistent_rule" time="0.109" /><testcase classname="backend.tests.test_sla_management.TestSLAManagement" name="test_seeded_rules_sales" time="0.122" /><testcase classname="backend.tests.test_sla_management.TestSLAManagement" name="test_seeded_rules_cs" time="0.105" /><testcase classname="backend.tests.test_sla_management.TestSLAManagement" name="test_seeded_rules_hr" time="0.101" /><testcase classname="backend.tests.test_sla_management.TestSLAManagement" name="test_get_rules_without_auth" time="0.101" /></testsuite></testsuites>