<?xml version="1.0" encoding="utf-8"?><testsuites name="pytest tests"><testsuite name="pytest" errors="0" failures="0" skipped="0" tests="9" time="3.123" timestamp="2026-03-11T20:20:17.163313+00:00" hostname="agent-env-a3963380-ccbd-46aa-b105-0a82d7c23535"><testcase classname="backend.tests.test_user_management_team_bug.TestUserManagementTeamBug" name="test_get_users_returns_team_id" time="0.587" /><testcase classname="backend.tests.test_user_management_team_bug.TestUserManagementTeamBug" name="test_users_include_falja_della_karthika" time="0.126" /><testcase classname="backend.tests.test_user_management_team_bug.TestUserManagementTeamBug" name="test_get_all_teams_including_inactive" time="0.127" /><testcase classname="backend.tests.test_user_management_team_bug.TestUserManagementTeamBug" name="test_falja_has_team_id" time="0.116" /><testcase classname="backend.tests.test_user_management_team_bug.TestUserManagementTeamBug" name="test_update_user_team_id" time="0.580" /><testcase classname="backend.tests.test_user_management_team_bug.TestUserManagementTeamBug" name="test_bidirectional_sync_team_id" time="0.863" /><testcase classname="backend.tests.test_user_management_team_bug.TestUserManagementTeamBug" name="test_team_names_display" time="0.342" /><testcase classname="backend.tests.test_user_management_team_bug.TestUserManagementTeamBug" name="test_sync_employees_to_users_endpoint" time="0.118" /><testcase classname="backend.tests.test_user_management_team_bug.TestUserManagementTeamBug" name="test_user_count" time="0.203" /></testsuite></testsuites>