<?xml version="1.0" encoding="utf-8"?><testsuites name="pytest tests"><testsuite name="pytest" errors="0" failures="0" skipped="0" tests="10" time="5.285" timestamp="2026-03-13T20:18:04.985955+00:00" hostname="agent-env-dbe97a20-6f81-44a8-b0af-1cdfe819fafa"><testcase classname="backend.tests.test_drill_down_analytics.TestSalesDashboardDrillDown" name="test_agent_closed_students_endpoint" time="1.027" /><testcase classname="backend.tests.test_drill_down_analytics.TestSalesDashboardDrillDown" name="test_lead_pipeline_stage_details" time="0.571" /><testcase classname="backend.tests.test_drill_down_analytics.TestSalesDashboardDrillDown" name="test_monthly_revenue_details" time="0.499" /><testcase classname="backend.tests.test_drill_down_analytics.TestSalesDashboardDrillDown" name="test_team_revenue_agent_drill" time="0.346" /><testcase classname="backend.tests.test_drill_down_analytics.TestCSDashboardDrillDown" name="test_cs_agent_students_endpoint" time="0.391" /><testcase classname="backend.tests.test_drill_down_analytics.TestCSDashboardDrillDown" name="test_cs_pipeline_stage_details" time="0.461" /><testcase classname="backend.tests.test_drill_down_analytics.TestMentorDashboardDrillDown" name="test_mentor_students_endpoint" time="0.389" /><testcase classname="backend.tests.test_drill_down_analytics.TestMentorDashboardDrillDown" name="test_mentor_pipeline_stage_details" time="0.812" /><testcase classname="backend.tests.test_drill_down_analytics.TestCEODashboardDrillDown" name="test_department_employees_endpoint" time="0.500" /><testcase classname="backend.tests.test_drill_down_analytics.TestThemeToggle" name="test_theme_mode_toggle_logic" time="0.220" /></testsuite></testsuites>