<?xml version="1.0" encoding="utf-8"?><testsuites name="pytest tests"><testsuite name="pytest" errors="0" failures="0" skipped="0" tests="16" time="61.151" timestamp="2026-03-26T17:48:04.598426+00:00" hostname="agent-env-3809a920-e363-4853-ae5a-deead2c7e952"><testcase classname="backend.tests.test_iteration_84_features.TestAuth" name="test_login_super_admin" time="21.442" /><testcase classname="backend.tests.test_iteration_84_features.TestAttendanceTemplateDownload" name="test_attendance_template_download_returns_200" time="3.126" /><testcase classname="backend.tests.test_iteration_84_features.TestAttendanceTemplateDownload" name="test_attendance_template_download_different_month" time="0.412" /><testcase classname="backend.tests.test_iteration_84_features.TestAnnouncementsAPI" name="test_get_announcements" time="1.108" /><testcase classname="backend.tests.test_iteration_84_features.TestAnnouncementsAPI" name="test_create_announcement_hr_only" time="0.364" /><testcase classname="backend.tests.test_iteration_84_features.TestAnnouncementsAPI" name="test_create_announcement_with_priority" time="0.345" /><testcase classname="backend.tests.test_iteration_84_features.TestAnnouncementsAPI" name="test_delete_announcement" time="0.686" /><testcase classname="backend.tests.test_iteration_84_features.TestAnnouncementsAPI" name="test_delete_nonexistent_announcement" time="0.326" /><testcase classname="backend.tests.test_iteration_84_features.TestBirthdaysAPI" name="test_get_birthdays" time="1.108" /><testcase classname="backend.tests.test_iteration_84_features.TestBirthdaysAPI" name="test_auto_generate_birthday_announcements" time="0.362" /><testcase classname="backend.tests.test_iteration_84_features.TestEmployeePersonalUpdate" name="test_update_employee_date_of_birth" time="2.142" /><testcase classname="backend.tests.test_iteration_84_features.TestEmployeePersonalUpdate" name="test_update_employee_personal_invalid_field" time="0.355" /><testcase classname="backend.tests.test_iteration_84_features.TestPayrollRun" name="test_payroll_run_processes_all_employees" time="24.645" /><testcase classname="backend.tests.test_iteration_84_features.TestMultiCurrencySupport" name="test_update_salary_with_currency" time="2.055" /><testcase classname="backend.tests.test_iteration_84_features.TestMultiCurrencySupport" name="test_update_salary_with_inr_currency" time="0.855" /><testcase classname="backend.tests.test_iteration_84_features.TestCleanup" name="test_cleanup_test_announcements" time="1.740" /></testsuite></testsuites>