<?xml version="1.0" encoding="utf-8"?><testsuites name="pytest tests"><testsuite name="pytest" errors="0" failures="0" skipped="0" tests="13" time="38.893" timestamp="2026-03-25T18:40:45.115816+00:00" hostname="agent-env-3809a920-e363-4853-ae5a-deead2c7e952"><testcase classname="backend.tests.test_salary_leaderboard_fixes.TestSalaryConsistency" name="test_mentor_dashboard_returns_salary_aed" time="25.185" /><testcase classname="backend.tests.test_salary_leaderboard_fixes.TestSalaryConsistency" name="test_effort_summary_returns_salary" time="0.749" /><testcase classname="backend.tests.test_salary_leaderboard_fixes.TestSalaryConsistency" name="test_both_endpoints_return_identical_salary" time="2.971" /><testcase classname="backend.tests.test_salary_leaderboard_fixes.TestMentorLeaderboard" name="test_leaderboard_returns_200" time="1.489" /><testcase classname="backend.tests.test_salary_leaderboard_fixes.TestMentorLeaderboard" name="test_leaderboard_has_required_fields" time="0.767" /><testcase classname="backend.tests.test_salary_leaderboard_fixes.TestMentorLeaderboard" name="test_leaderboard_sorted_by_effort_descending" time="0.736" /><testcase classname="backend.tests.test_salary_leaderboard_fixes.TestMentorLeaderboard" name="test_rank_1_has_highest_effort" time="0.734" /><testcase classname="backend.tests.test_salary_leaderboard_fixes.TestMentorLeaderboard" name="test_leaderboard_no_upgrades_commission_in_response" time="0.750" /><testcase classname="backend.tests.test_salary_leaderboard_fixes.TestMentorLeaderboard" name="test_leaderboard_period_filter_monthly" time="0.754" /><testcase classname="backend.tests.test_salary_leaderboard_fixes.TestMentorLeaderboard" name="test_leaderboard_period_filter_quarterly" time="0.747" /><testcase classname="backend.tests.test_salary_leaderboard_fixes.TestMentorLeaderboard" name="test_leaderboard_period_filter_yearly" time="0.750" /><testcase classname="backend.tests.test_salary_leaderboard_fixes.TestMentorLeaderboard" name="test_leaderboard_period_filter_all_time" time="0.740" /><testcase classname="backend.tests.test_salary_leaderboard_fixes.TestSalaryHelperFunction" name="test_verify_edwin_hr_salary_computed_correctly" time="2.449" /></testsuite></testsuites>