<?xml version="1.0" encoding="utf-8"?><testsuites name="pytest tests"><testsuite name="pytest" errors="0" failures="0" skipped="3" tests="12" time="35.018" timestamp="2026-03-29T13:26:48.351684+00:00" hostname="agent-env-3809a920-e363-4853-ae5a-deead2c7e952"><testcase classname="tests.test_iteration_104_marketing_calendar.TestMarketingCalendarPages" name="test_list_pages" time="24.107" /><testcase classname="tests.test_iteration_104_marketing_calendar.TestMarketingCalendarPages" name="test_add_page" time="0.481" /><testcase classname="tests.test_iteration_104_marketing_calendar.TestMarketingCalendarPages" name="test_update_page" time="0.471" /><testcase classname="tests.test_iteration_104_marketing_calendar.TestMarketingCalendarPages" name="test_delete_page" time="0.473" /><testcase classname="tests.test_iteration_104_marketing_calendar.TestMarketingCalendarGeneration" name="test_generate_calendar" time="2.808" /><testcase classname="tests.test_iteration_104_marketing_calendar.TestMarketingCalendarEntries" name="test_get_entries_current_month" time="0.258" /><testcase classname="tests.test_iteration_104_marketing_calendar.TestMarketingCalendarEntries" name="test_get_entries_march" time="0.258" /><testcase classname="tests.test_iteration_104_marketing_calendar.TestMarketingCalendarEntries" name="test_update_entry_status" time="0.000"><skipped type="pytest.skip" message="No test entry available">/app/backend/tests/test_iteration_104_marketing_calendar.py:168: No test entry available</skipped></testcase><testcase classname="tests.test_iteration_104_marketing_calendar.TestMarketingCalendarEntries" name="test_update_entry_content_type" time="0.000"><skipped type="pytest.skip" message="No test entry available">/app/backend/tests/test_iteration_104_marketing_calendar.py:186: No test entry available</skipped></testcase><testcase classname="tests.test_iteration_104_marketing_calendar.TestMarketingCalendarStats" name="test_get_stats" time="2.385" /><testcase classname="tests.test_iteration_104_marketing_calendar.TestMarketingCalendarAISuggestion" name="test_suggest_content" time="0.257"><skipped type="pytest.skip" message="No entries available for AI suggestion test">/app/backend/tests/test_iteration_104_marketing_calendar.py:233: No entries available for AI suggestion test</skipped></testcase><testcase classname="tests.test_iteration_104_marketing_calendar.TestMarketingCalendarDeadlines" name="test_check_deadlines" time="3.451" /></testsuite></testsuites>