<?xml version="1.0" encoding="utf-8"?><testsuites name="pytest tests"><testsuite name="pytest" errors="0" failures="0" skipped="0" tests="11" time="43.499" timestamp="2026-03-18T12:11:04.685869+00:00" hostname="agent-env-180d8535-a379-4e20-a7d7-8e9d78b92bd0"><testcase classname="backend.tests.test_historical_import_preview_confirm.TestHistoricalImportPreview" name="test_preview_valid_row" time="21.312" /><testcase classname="backend.tests.test_historical_import_preview_confirm.TestHistoricalImportPreview" name="test_preview_missing_required_fields" time="3.350" /><testcase classname="backend.tests.test_historical_import_preview_confirm.TestHistoricalImportPreview" name="test_preview_unknown_agent_team" time="2.065" /><testcase classname="backend.tests.test_historical_import_preview_confirm.TestHistoricalImportPreview" name="test_preview_duplicate_phone_within_file" time="2.042" /><testcase classname="backend.tests.test_historical_import_preview_confirm.TestHistoricalImportPreview" name="test_preview_handles_nan_none_values" time="1.021" /><testcase classname="backend.tests.test_historical_import_preview_confirm.TestHistoricalImportConfirm" name="test_confirm_with_invalid_preview_id" time="0.546" /><testcase classname="backend.tests.test_historical_import_preview_confirm.TestHistoricalImportConfirm" name="test_full_preview_confirm_flow" time="3.015" /><testcase classname="backend.tests.test_historical_import_preview_confirm.TestHistoricalImportConfirm" name="test_confirm_already_confirmed_preview" time="3.600" /><testcase classname="backend.tests.test_historical_import_preview_confirm.TestPhoneNumberCleaning" name="test_phone_with_float_suffix_cleaned" time="1.415" /><testcase classname="backend.tests.test_historical_import_preview_confirm.TestPreviewResponseStructure" name="test_preview_response_has_all_required_fields" time="1.407" /><testcase classname="backend.tests.test_historical_import_preview_confirm.TestCleanup" name="test_cleanup_test_data" time="3.501" /></testsuite></testsuites>