<?xml version="1.0" encoding="utf-8"?><testsuites name="pytest tests"><testsuite name="pytest" errors="0" failures="1" skipped="0" tests="12" time="5.429" timestamp="2026-02-28T01:56:50.673503+00:00" hostname="agent-env-e779b8ba-6788-4602-8439-475bb68888a1"><testcase classname="backend.tests.test_marketing_module.TestMarketingConfig" name="test_get_marketing_config" time="0.598" /><testcase classname="backend.tests.test_marketing_module.TestMarketingAccounts" name="test_get_meta_accounts_empty" time="0.493" /><testcase classname="backend.tests.test_marketing_module.TestMarketingDashboard" name="test_get_marketing_dashboard" time="0.481" /><testcase classname="backend.tests.test_marketing_module.TestMarketingDashboard" name="test_get_marketing_dashboard_with_date_preset" time="0.778" /><testcase classname="backend.tests.test_marketing_module.TestMarketingLeads" name="test_get_marketing_leads" time="0.482" /><testcase classname="backend.tests.test_marketing_module.TestMarketingLeads" name="test_get_marketing_leads_with_filters" time="0.611" /><testcase classname="backend.tests.test_marketing_module.TestMarketingCampaigns" name="test_get_marketing_campaigns" time="0.447" /><testcase classname="backend.tests.test_marketing_module.TestMarketingWebhook" name="test_webhook_verification_success" time="0.142"><failure message="assert 500 == 200&#10; +  where 500 = &lt;Response [500]&gt;.status_code">backend/tests/test_marketing_module.py:250: in test_webhook_verification_success
    assert response.status_code == 200
E   assert 500 == 200
E    +  where 500 = &lt;Response [500]&gt;.status_code</failure></testcase><testcase classname="backend.tests.test_marketing_module.TestMarketingWebhook" name="test_webhook_verification_failure" time="0.099" /><testcase classname="backend.tests.test_marketing_module.TestMarketingWebhook" name="test_webhook_verification_missing_params" time="0.117" /><testcase classname="backend.tests.test_marketing_module.TestMarketingOAuthStart" name="test_oauth_start_without_credentials" time="0.442" /><testcase classname="backend.tests.test_marketing_module.TestMarketingAuthorizationAccess" name="test_marketing_endpoints_require_auth" time="0.592" /></testsuite></testsuites>