<?xml version="1.0" encoding="utf-8"?><testsuites name="pytest tests"><testsuite name="pytest" errors="0" failures="0" skipped="0" tests="10" time="67.657" timestamp="2026-03-27T05:15:31.899693+00:00" hostname="agent-env-3809a920-e363-4853-ae5a-deead2c7e952"><testcase classname="backend.tests.test_iteration_89_payroll_exec_dashboard.TestAuth" name="test_login_success" time="29.150" /><testcase classname="backend.tests.test_iteration_89_payroll_exec_dashboard.TestPayrollNoNegativeSalaries" name="test_payroll_march_2026_no_negative_salaries" time="1.868" /><testcase classname="backend.tests.test_iteration_89_payroll_exec_dashboard.TestPayrollNoNegativeSalaries" name="test_payroll_deductions_only_for_explicit_absent" time="0.548" /><testcase classname="backend.tests.test_iteration_89_payroll_exec_dashboard.TestExecutiveDashboardSalaryPayout" name="test_executive_dashboard_returns_200" time="7.632" /><testcase classname="backend.tests.test_iteration_89_payroll_exec_dashboard.TestExecutiveDashboardSalaryPayout" name="test_salary_payout_values_correct" time="6.423" /><testcase classname="backend.tests.test_iteration_89_payroll_exec_dashboard.TestExecutiveDashboardCommission" name="test_commission_matches_commission_dashboard" time="8.919" /><testcase classname="backend.tests.test_iteration_89_payroll_exec_dashboard.TestExecutiveDashboardCommission" name="test_commission_not_inflated" time="3.751" /><testcase classname="backend.tests.test_iteration_89_payroll_exec_dashboard.TestExecutiveDashboardCommission" name="test_total_payout_calculation" time="3.702" /><testcase classname="backend.tests.test_iteration_89_payroll_exec_dashboard.TestShiftsGraceMinutes" name="test_all_shifts_have_grace_minutes_30" time="1.533" /><testcase classname="backend.tests.test_iteration_89_payroll_exec_dashboard.TestCommissionDashboard" name="test_commission_dashboard_march_2026" time="4.064" /></testsuite></testsuites>