<?xml version="1.0" encoding="utf-8"?><testsuites name="pytest tests"><testsuite name="pytest" errors="0" failures="0" skipped="0" tests="16" time="48.904" timestamp="2026-03-18T10:33:55.111097+00:00" hostname="agent-env-180d8535-a379-4e20-a7d7-8e9d78b92bd0"><testcase classname="tests.test_course_catalog.TestCourseCatalogList" name="test_course_catalog_loads_for_admin" time="20.083" /><testcase classname="tests.test_course_catalog.TestCourseCatalogList" name="test_course_catalog_grouped_response" time="0.558" /><testcase classname="tests.test_course_catalog.TestCourseCatalogList" name="test_type_counts_match" time="0.539" /><testcase classname="tests.test_course_catalog.TestCourseCatalogCRUD" name="test_create_catalog_item" time="1.114" /><testcase classname="tests.test_course_catalog.TestCourseCatalogCRUD" name="test_create_requires_admin" time="1.109" /><testcase classname="tests.test_course_catalog.TestCourseCatalogCRUD" name="test_update_catalog_item" time="2.094" /><testcase classname="tests.test_course_catalog.TestCourseCatalogCRUD" name="test_delete_catalog_item" time="1.714" /><testcase classname="tests.test_course_catalog.TestBulkActions" name="test_bulk_deactivate" time="2.860" /><testcase classname="tests.test_course_catalog.TestBulkActions" name="test_bulk_activate" time="3.451" /><testcase classname="tests.test_course_catalog.TestBulkActions" name="test_bulk_delete" time="2.300" /><testcase classname="tests.test_course_catalog.TestBulkActions" name="test_bulk_action_invalid_action" time="0.340" /><testcase classname="tests.test_course_catalog.TestBulkActions" name="test_bulk_action_no_ids" time="0.344" /><testcase classname="tests.test_course_catalog.TestBulkActions" name="test_bulk_action_requires_admin" time="0.353" /><testcase classname="tests.test_course_catalog.TestHistoricalImportTemplate" name="test_template_download" time="5.781" /><testcase classname="tests.test_course_catalog.TestHistoricalImportTemplate" name="test_template_has_content" time="5.603" /><testcase classname="tests.test_course_catalog.TestSalesCRMIntegration" name="test_catalog_available_to_sales" time="0.580" /></testsuite></testsuites>