<?xml version="1.0" encoding="utf-8"?><testsuites name="pytest tests"><testsuite name="pytest" errors="0" failures="1" skipped="1" tests="19" time="39.357" timestamp="2026-03-23T11:43:54.777359+00:00" hostname="agent-env-340ea0d1-e559-406f-b93f-89539798f16e"><testcase classname="backend.tests.test_bd_crm_new_features.TestStudentNotesAPI" name="test_create_note_success" time="25.052" /><testcase classname="backend.tests.test_bd_crm_new_features.TestStudentNotesAPI" name="test_create_note_empty_text_fails" time="0.096" /><testcase classname="backend.tests.test_bd_crm_new_features.TestStudentNotesAPI" name="test_get_notes_returns_list" time="0.485" /><testcase classname="backend.tests.test_bd_crm_new_features.TestStudentNotesAPI" name="test_get_notes_invalid_student_returns_empty" time="0.318" /><testcase classname="backend.tests.test_bd_crm_new_features.TestTransactionHistoryAPI" name="test_transaction_history_returns_data" time="1.160" /><testcase classname="backend.tests.test_bd_crm_new_features.TestTransactionHistoryAPI" name="test_transaction_history_cs_head_access" time="0.759"><skipped type="pytest.skip" message="CS head login failed: 401">/app/backend/tests/test_bd_crm_new_features.py:173: CS head login failed: 401</skipped></testcase><testcase classname="backend.tests.test_bd_crm_new_features.TestTransactionHistoryAPI" name="test_transaction_history_super_admin_access" time="1.922" /><testcase classname="backend.tests.test_bd_crm_new_features.TestTransactionHistoryAPI" name="test_transaction_history_invalid_student" time="0.326" /><testcase classname="backend.tests.test_bd_crm_new_features.TestStudentReminderAPI" name="test_set_reminder_success" time="0.778" /><testcase classname="backend.tests.test_bd_crm_new_features.TestStudentReminderAPI" name="test_set_reminder_invalid_type" time="0.311" /><testcase classname="backend.tests.test_bd_crm_new_features.TestStudentReminderAPI" name="test_set_reminder_invalid_student" time="0.310" /><testcase classname="backend.tests.test_bd_crm_new_features.TestBDDashboardVisibility" name="test_bd_dashboard_super_admin_sees_revenue" time="2.225" /><testcase classname="backend.tests.test_bd_crm_new_features.TestBDDashboardVisibility" name="test_bd_dashboard_bd_agent_access" time="2.076" /><testcase classname="backend.tests.test_bd_crm_new_features.Test3CXClickToCallAPI" name="test_click_to_call_logging" time="0.740" /><testcase classname="backend.tests.test_bd_crm_new_features.Test3CXClickToCallAPI" name="test_call_history_endpoint" time="0.325" /><testcase classname="backend.tests.test_bd_crm_new_features.TestAuthenticationAndRoles" name="test_bd_agent_login_returns_correct_role" time="0.763" /><testcase classname="backend.tests.test_bd_crm_new_features.TestAuthenticationAndRoles" name="test_super_admin_login_returns_correct_role" time="0.756" /><testcase classname="backend.tests.test_bd_crm_new_features.TestAuthenticationAndRoles" name="test_cs_head_login_returns_correct_role" time="0.741"><failure message="AssertionError: Login failed: 401&#10;assert 401 == 200&#10; +  where 401 = &lt;Response [401]&gt;.status_code">backend/tests/test_bd_crm_new_features.py:373: in test_cs_head_login_returns_correct_role
    assert response.status_code == 200, f"Login failed: {response.status_code}"
E   AssertionError: Login failed: 401
E   assert 401 == 200
E    +  where 401 = &lt;Response [401]&gt;.status_code</failure></testcase><testcase classname="backend.tests.test_bd_crm_new_features.TestAuthenticationAndRoles" name="test_unauthenticated_access_denied" time="0.113" /></testsuite></testsuites>