<?xml version="1.0" encoding="utf-8"?><testsuites name="pytest tests"><testsuite name="pytest" errors="0" failures="0" skipped="0" tests="19" time="3.676" timestamp="2026-02-22T20:47:21.574024+00:00" hostname="agent-env-0f33a5bf-39af-40d5-a13c-391e44f9f6e2"><testcase classname="backend.tests.test_p0_features.TestHRSyncOptionsAPI" name="test_sync_options_returns_departments" time="0.507" /><testcase classname="backend.tests.test_p0_features.TestHRSyncOptionsAPI" name="test_sync_options_returns_roles" time="0.105" /><testcase classname="backend.tests.test_p0_features.TestHRSyncOptionsAPI" name="test_sync_options_returns_teams" time="0.140" /><testcase classname="backend.tests.test_p0_features.TestHRSyncOptionsAPI" name="test_sync_options_returns_managers" time="0.139" /><testcase classname="backend.tests.test_p0_features.TestHRSyncOptionsAPI" name="test_sync_options_returns_locations" time="0.115" /><testcase classname="backend.tests.test_p0_features.TestHRSyncOptionsAPI" name="test_sync_options_returns_employment_types" time="0.108" /><testcase classname="backend.tests.test_p0_features.TestHREmployeesMasterAPI" name="test_get_employees_list" time="0.110" /><testcase classname="backend.tests.test_p0_features.TestHREmployeesMasterAPI" name="test_get_next_employee_id" time="0.152" /><testcase classname="backend.tests.test_p0_features.TestStudentsAPIForKanban" name="test_get_students" time="0.144" /><testcase classname="backend.tests.test_p0_features.TestStudentsAPIForKanban" name="test_student_has_stage_field" time="0.121" /><testcase classname="backend.tests.test_p0_features.TestStudentsAPIForKanban" name="test_student_has_mentor_stage_field" time="0.364" /><testcase classname="backend.tests.test_p0_features.TestStudentsAPIForKanban" name="test_update_student_stage" time="0.384" /><testcase classname="backend.tests.test_p0_features.TestStudentsAPIForKanban" name="test_update_student_mentor_stage" time="0.425" /><testcase classname="backend.tests.test_p0_features.TestHRLeaveManagement" name="test_get_leave_requests" time="0.177" /><testcase classname="backend.tests.test_p0_features.TestHRLeaveManagement" name="test_get_leave_balance" time="0.097" /><testcase classname="backend.tests.test_p0_features.TestHRPayroll" name="test_get_payroll_list" time="0.109" /><testcase classname="backend.tests.test_p0_features.TestHRPayroll" name="test_get_payroll_summary" time="0.139" /><testcase classname="backend.tests.test_p0_features.TestCustomerServiceAPI" name="test_valid_cs_stages" time="0.137" /><testcase classname="backend.tests.test_p0_features.TestMentorCRMAPI" name="test_valid_mentor_stages" time="0.119" /></testsuite></testsuites>