<?xml version="1.0" encoding="utf-8"?><testsuites name="pytest tests"><testsuite name="pytest" errors="0" failures="0" skipped="2" tests="18" time="2.673" timestamp="2026-02-28T02:24:45.246950+00:00" hostname="agent-env-437cc04c-c21f-4254-a065-bb1adc080e03"><testcase classname="backend.tests.test_google_sheets_connector.TestGoogleSheetsConnectorAuth" name="test_login_success" time="0.485" /><testcase classname="backend.tests.test_google_sheets_connector.TestConnectorsConfig" name="test_get_connectors_config_requires_auth" time="0.116" /><testcase classname="backend.tests.test_google_sheets_connector.TestConnectorsConfig" name="test_get_connectors_config" time="0.118" /><testcase classname="backend.tests.test_google_sheets_connector.TestConnectorsList" name="test_get_connectors_requires_auth" time="0.130" /><testcase classname="backend.tests.test_google_sheets_connector.TestConnectorsList" name="test_get_connectors_list" time="0.114" /><testcase classname="backend.tests.test_google_sheets_connector.TestAgentsList" name="test_get_agents_requires_auth" time="0.138" /><testcase classname="backend.tests.test_google_sheets_connector.TestAgentsList" name="test_get_available_agents" time="0.107" /><testcase classname="backend.tests.test_google_sheets_connector.TestConnectorCRUD" name="test_create_connector_validation" time="0.296" /><testcase classname="backend.tests.test_google_sheets_connector.TestConnectorCRUD" name="test_create_connector_without_oauth" time="0.225" /><testcase classname="backend.tests.test_google_sheets_connector.TestConnectorCRUD" name="test_update_connector" time="0.000"><skipped type="pytest.skip" message="No connector created to update">/app/backend/tests/test_google_sheets_connector.py:229: No connector created to update</skipped></testcase><testcase classname="backend.tests.test_google_sheets_connector.TestConnectorCRUD" name="test_update_nonexistent_connector" time="0.156" /><testcase classname="backend.tests.test_google_sheets_connector.TestConnectorCRUD" name="test_delete_connector" time="0.000"><skipped type="pytest.skip" message="No connector created to delete">/app/backend/tests/test_google_sheets_connector.py:272: No connector created to delete</skipped></testcase><testcase classname="backend.tests.test_google_sheets_connector.TestConnectorCRUD" name="test_delete_nonexistent_connector" time="0.110" /><testcase classname="backend.tests.test_google_sheets_connector.TestOAuthFlow" name="test_oauth_start_requires_auth" time="0.172" /><testcase classname="backend.tests.test_google_sheets_connector.TestOAuthFlow" name="test_oauth_start_without_config" time="0.106" /><testcase classname="backend.tests.test_google_sheets_connector.TestSyncAndPreview" name="test_sync_requires_connected_sheet" time="0.119" /><testcase classname="backend.tests.test_google_sheets_connector.TestSyncAndPreview" name="test_preview_requires_connected_sheet" time="0.106" /><testcase classname="backend.tests.test_google_sheets_connector.TestLeadsPool" name="test_leads_pool_endpoint" time="0.104" /></testsuite></testsuites>