<?xml version="1.0" encoding="utf-8"?><testsuites name="pytest tests"><testsuite name="pytest" errors="0" failures="0" skipped="0" tests="23" time="19.089" timestamp="2026-03-25T10:03:09.430725+00:00" hostname="agent-env-3809a920-e363-4853-ae5a-deead2c7e952"><testcase classname="tests.test_commission_auto_trigger.TestCommissionAutoTrigger" name="test_ceo_login_success" time="0.771" /><testcase classname="tests.test_commission_auto_trigger.TestCommissionAutoTrigger" name="test_sales_login_success" time="0.755" /><testcase classname="tests.test_commission_auto_trigger.TestCommissionAutoTrigger" name="test_cs_login_success" time="0.751" /><testcase classname="tests.test_commission_auto_trigger.TestCommissionAutoTrigger" name="test_get_transactions_ceo_sees_all" time="0.941" /><testcase classname="tests.test_commission_auto_trigger.TestCommissionAutoTrigger" name="test_get_transactions_sales_sees_own_only" time="1.285" /><testcase classname="tests.test_commission_auto_trigger.TestCommissionAutoTrigger" name="test_get_transactions_cs_sees_own_only" time="1.087" /><testcase classname="tests.test_commission_auto_trigger.TestCommissionAutoTrigger" name="test_transaction_data_structure" time="0.950" /><testcase classname="tests.test_commission_auto_trigger.TestCommissionAutoTrigger" name="test_filter_transactions_by_department" time="1.055" /><testcase classname="tests.test_commission_auto_trigger.TestCommissionAutoTrigger" name="test_filter_transactions_by_status" time="0.854" /><testcase classname="tests.test_commission_auto_trigger.TestCommissionAutoTrigger" name="test_approve_single_transaction_ceo_only" time="0.310" /><testcase classname="tests.test_commission_auto_trigger.TestCommissionAutoTrigger" name="test_approve_nonexistent_transaction" time="0.324" /><testcase classname="tests.test_commission_auto_trigger.TestCommissionAutoTrigger" name="test_edit_transaction_ceo_only" time="0.646" /><testcase classname="tests.test_commission_auto_trigger.TestCommissionAutoTrigger" name="test_edit_transaction_with_notes" time="1.617" /><testcase classname="tests.test_commission_auto_trigger.TestCommissionAutoTrigger" name="test_edit_nonexistent_transaction" time="0.344" /><testcase classname="tests.test_commission_auto_trigger.TestCommissionAutoTrigger" name="test_bulk_approve_ceo_only" time="0.095" /><testcase classname="tests.test_commission_auto_trigger.TestCommissionAutoTrigger" name="test_commission_dashboard_endpoint" time="3.046" /><testcase classname="tests.test_commission_auto_trigger.TestCommissionAutoTrigger" name="test_commission_dashboard_sales_view" time="0.939" /><testcase classname="tests.test_commission_auto_trigger.TestCommissionAutoTrigger" name="test_commission_dashboard_cs_view" time="3.243" /><testcase classname="tests.test_commission_auto_trigger.TestCommissionAutoModule" name="test_commission_auto_module_exists" time="0.000" /><testcase classname="tests.test_commission_auto_trigger.TestCommissionAutoModule" name="test_commission_auto_function_defined" time="0.000" /><testcase classname="tests.test_commission_auto_trigger.TestCommissionAutoModule" name="test_enrollment_trigger_wired" time="0.003" /><testcase classname="tests.test_commission_auto_trigger.TestCommissionAutoModule" name="test_cs_upgrade_trigger_wired" time="0.003" /><testcase classname="tests.test_commission_auto_trigger.TestCommissionAutoModule" name="test_bd_redeposit_trigger_wired" time="0.003" /></testsuite></testsuites>