<?xml version="1.0" encoding="utf-8"?><testsuites name="pytest tests"><testsuite name="pytest" errors="0" failures="0" skipped="0" tests="14" time="5.582" timestamp="2026-03-01T19:21:45.409816+00:00" hostname="agent-env-88359f5f-4a48-410e-a369-f35f2967ad39"><testcase classname="backend.tests.test_sales_pipeline.TestSalesPipelineFeature" name="test_login_success" time="0.460" /><testcase classname="backend.tests.test_sales_pipeline.TestSalesPipelineFeature" name="test_pipeline_revenue_endpoint_requires_auth" time="0.179" /><testcase classname="backend.tests.test_sales_pipeline.TestSalesPipelineFeature" name="test_pipeline_revenue_returns_correct_structure" time="0.446" /><testcase classname="backend.tests.test_sales_pipeline.TestSalesPipelineFeature" name="test_pipeline_revenue_values_are_numbers" time="0.408" /><testcase classname="backend.tests.test_sales_pipeline.TestSalesPipelineFeature" name="test_pipeline_revenue_with_view_as" time="0.501" /><testcase classname="backend.tests.test_sales_pipeline.TestSalesPipelineFeature" name="test_expected_commission_endpoint_requires_auth" time="0.120" /><testcase classname="backend.tests.test_sales_pipeline.TestSalesPipelineFeature" name="test_expected_commission_returns_correct_structure" time="0.395" /><testcase classname="backend.tests.test_sales_pipeline.TestSalesPipelineFeature" name="test_expected_commission_values_are_numbers" time="0.419" /><testcase classname="backend.tests.test_sales_pipeline.TestSalesPipelineFeature" name="test_expected_commission_month_format" time="0.399" /><testcase classname="backend.tests.test_sales_pipeline.TestSalesPipelineFeature" name="test_leads_endpoint_returns_course_fields" time="0.575" /><testcase classname="backend.tests.test_sales_pipeline.TestSalesPipelineFeature" name="test_courses_endpoint_available" time="0.380" /><testcase classname="backend.tests.test_sales_pipeline.TestSalesPipelineFeature" name="test_dashboard_stats_endpoint" time="0.415" /><testcase classname="backend.tests.test_sales_pipeline.TestSalesPipelineFeature" name="test_dashboard_lead_funnel" time="0.393" /><testcase classname="backend.tests.test_sales_pipeline.TestSalesPipelineFeature" name="test_dashboard_leaderboard" time="0.410" /></testsuite></testsuites>