<?xml version="1.0" encoding="utf-8"?><testsuites name="pytest tests"><testsuite name="pytest" errors="0" failures="0" skipped="0" tests="19" time="9.163" timestamp="2026-03-16T01:30:46.257173+00:00" hostname="agent-env-7e1bfced-faf0-4d95-80cd-7d3227123a68"><testcase classname="backend.tests.test_mentor_dashboard_finance.TestMentorDashboardEdwin" name="test_mentor_dashboard_individual_view" time="0.505" /><testcase classname="backend.tests.test_mentor_dashboard_finance.TestMentorDashboardEdwin" name="test_mentor_dashboard_team_view" time="0.480" /><testcase classname="backend.tests.test_mentor_dashboard_finance.TestMentorDashboardEdwin" name="test_edwin_has_team_override_commission" time="0.469" /><testcase classname="backend.tests.test_mentor_dashboard_finance.TestMentorDashboardEdwin" name="test_bonus_slab_structure" time="0.490" /><testcase classname="backend.tests.test_mentor_dashboard_finance.TestMentorDashboardEdwin" name="test_monthly_trend_endpoint" time="0.450" /><testcase classname="backend.tests.test_mentor_dashboard_finance.TestMentorDashboardEdwin" name="test_leaderboard_endpoint" time="0.480" /><testcase classname="backend.tests.test_mentor_dashboard_finance.TestMentorDashboardEdwin" name="test_revenue_chart_endpoint" time="0.443" /><testcase classname="backend.tests.test_mentor_dashboard_finance.TestMentorDashboardRegularMentor" name="test_mentor_dashboard_individual_only" time="0.479" /><testcase classname="backend.tests.test_mentor_dashboard_finance.TestMentorDashboardRegularMentor" name="test_regular_mentor_no_team_override" time="0.463" /><testcase classname="backend.tests.test_mentor_dashboard_finance.TestMentorDashboardRegularMentor" name="test_regular_mentor_commission_1_percent_net" time="0.478" /><testcase classname="backend.tests.test_mentor_dashboard_finance.TestMentorDashboardPeriodFilters" name="test_this_month_filter" time="0.493" /><testcase classname="backend.tests.test_mentor_dashboard_finance.TestMentorDashboardPeriodFilters" name="test_this_quarter_filter" time="0.479" /><testcase classname="backend.tests.test_mentor_dashboard_finance.TestMentorDashboardPeriodFilters" name="test_this_year_filter" time="0.470" /><testcase classname="backend.tests.test_mentor_dashboard_finance.TestMentorDashboardPeriodFilters" name="test_overall_filter" time="0.467" /><testcase classname="backend.tests.test_mentor_dashboard_finance.TestFinanceWithdrawals" name="test_finance_can_access_student_deposits" time="0.478" /><testcase classname="backend.tests.test_mentor_dashboard_finance.TestFinanceWithdrawals" name="test_finance_can_list_withdrawals" time="0.472" /><testcase classname="backend.tests.test_mentor_dashboard_finance.TestFinanceWithdrawalAuthorization" name="test_mentor_cannot_access_finance_student_deposits" time="0.453" /><testcase classname="backend.tests.test_mentor_dashboard_finance.TestFinanceWithdrawalAuthorization" name="test_mentor_cannot_record_withdrawal" time="0.580" /><testcase classname="backend.tests.test_mentor_dashboard_finance.TestMentorDashboardAccessControl" name="test_unauthorized_role_denied" time="0.447" /></testsuite></testsuites>