<?xml version="1.0" encoding="utf-8"?><testsuites name="pytest tests"><testsuite name="pytest" errors="0" failures="1" skipped="5" tests="11" time="2.280" timestamp="2026-03-01T21:32:14.414629+00:00" hostname="agent-env-d2b1cf52-9d8d-4597-a65b-bb1b49f3ab6e"><testcase classname="backend.tests.test_finance_verification_flow.TestFinanceVerificationFlow" name="test_01_get_courses_for_enrollment" time="0.675" /><testcase classname="backend.tests.test_finance_verification_flow.TestFinanceVerificationFlow" name="test_02_create_lead_for_enrollment" time="0.147"><failure message="AssertionError: Failed to create lead: {&quot;detail&quot;:&quot;Lead with this phone already exists. Assigned to: None&quot;}&#10;assert 400 in [200, 201]&#10; +  where 400 = &lt;Response [400]&gt;.status_code">backend/tests/test_finance_verification_flow.py:80: in test_02_create_lead_for_enrollment
    assert response.status_code in [200, 201], f"Failed to create lead: {response.text}"
E   AssertionError: Failed to create lead: {"detail":"Lead with this phone already exists. Assigned to: None"}
E   assert 400 in [200, 201]
E    +  where 400 = &lt;Response [400]&gt;.status_code</failure></testcase><testcase classname="backend.tests.test_finance_verification_flow.TestFinanceVerificationFlow" name="test_03_enroll_lead_with_payment_details" time="0.000"><skipped type="pytest.skip" message="No test lead created">/app/backend/tests/test_finance_verification_flow.py:109: No test lead created</skipped></testcase><testcase classname="backend.tests.test_finance_verification_flow.TestFinanceVerificationFlow" name="test_04_finance_verification_created_with_all_fields" time="0.000"><skipped type="pytest.skip" message="No test lead created">/app/backend/tests/test_finance_verification_flow.py:145: No test lead created</skipped></testcase><testcase classname="backend.tests.test_finance_verification_flow.TestFinanceVerificationFlow" name="test_05_get_verification_detail" time="0.000"><skipped type="pytest.skip" message="No verification created">/app/backend/tests/test_finance_verification_flow.py:190: No verification created</skipped></testcase><testcase classname="backend.tests.test_finance_verification_flow.TestFinanceVerificationFlow" name="test_06_verify_requires_transaction_reference" time="0.000"><skipped type="pytest.skip" message="No verification created">/app/backend/tests/test_finance_verification_flow.py:219: No verification created</skipped></testcase><testcase classname="backend.tests.test_finance_verification_flow.TestFinanceVerificationFlow" name="test_07_verify_with_transaction_reference" time="0.000"><skipped type="pytest.skip" message="No verification created">/app/backend/tests/test_finance_verification_flow.py:244: No verification created</skipped></testcase><testcase classname="backend.tests.test_finance_verification_flow.TestFinanceVerificationFlow" name="test_08_split_payment_enrollment" time="0.570" /><testcase classname="backend.tests.test_finance_verification_flow.TestFinanceVerificationFlow" name="test_09_finance_transactions_api" time="0.131" /><testcase classname="backend.tests.test_finance_verification_flow.TestFinanceVerificationFlow" name="test_99_cleanup_test_data" time="0.225" /><testcase classname="backend.tests.test_finance_verification_flow.TestFinanceVerificationsPageData" name="test_verification_has_all_ui_required_fields" time="0.434" /></testsuite></testsuites>