<?xml version="1.0" encoding="utf-8"?><testsuites name="pytest tests"><testsuite name="pytest" errors="0" failures="0" skipped="0" tests="12" time="56.324" timestamp="2026-03-23T05:05:38.131666+00:00" hostname="agent-env-5a8e3ba0-e157-4244-bb5c-b04c21e0940c"><testcase classname="backend.tests.test_mentor_scoping_reassign.TestMentorRevenueSummaryScoping" name="test_revenue_summary_without_filter_returns_all" time="26.634" /><testcase classname="backend.tests.test_mentor_scoping_reassign.TestMentorRevenueSummaryScoping" name="test_revenue_summary_with_mentor_filter" time="0.759" /><testcase classname="backend.tests.test_mentor_scoping_reassign.TestMentorMonthlyClosingsScoping" name="test_monthly_closings_without_filter_returns_all" time="5.685" /><testcase classname="backend.tests.test_mentor_scoping_reassign.TestMentorMonthlyClosingsScoping" name="test_monthly_closings_with_mentor_filter" time="2.098" /><testcase classname="backend.tests.test_mentor_scoping_reassign.TestMentorMonthlyClosingsScoping" name="test_monthly_closings_comparison" time="7.562" /><testcase classname="backend.tests.test_mentor_scoping_reassign.TestStudentReassignAPI" name="test_reassign_requires_auth" time="0.108" /><testcase classname="backend.tests.test_mentor_scoping_reassign.TestStudentReassignAPI" name="test_reassign_requires_admin_role" time="0.335" /><testcase classname="backend.tests.test_mentor_scoping_reassign.TestStudentReassignAPI" name="test_reassign_validates_mentor_exists" time="1.714" /><testcase classname="backend.tests.test_mentor_scoping_reassign.TestStudentReassignAPI" name="test_get_mentors_for_reassign" time="0.313" /><testcase classname="backend.tests.test_mentor_scoping_reassign.TestStudentReassignEndToEnd" name="test_reassign_student_and_verify" time="5.599" /><testcase classname="backend.tests.test_mentor_scoping_reassign.TestMentorRoleValidation" name="test_get_all_mentor_roles" time="0.932" /><testcase classname="backend.tests.test_mentor_scoping_reassign.TestMentorRoleValidation" name="test_reassign_to_master_of_academics" time="4.517" /></testsuite></testsuites>