<?xml version="1.0" encoding="utf-8"?><testsuites name="pytest tests"><testsuite name="pytest" errors="0" failures="0" skipped="0" tests="14" time="4.707" timestamp="2026-03-11T18:45:23.826018+00:00" hostname="agent-env-a3963380-ccbd-46aa-b105-0a82d7c23535"><testcase classname="backend.tests.test_employee_fetch_and_deactivation.TestAuthentication" name="test_login_success" time="0.491" /><testcase classname="backend.tests.test_employee_fetch_and_deactivation.TestP0BugFix" name="test_get_employees_returns_200" time="0.494" /><testcase classname="backend.tests.test_employee_fetch_and_deactivation.TestP0BugFix" name="test_get_employees_returns_list" time="0.210" /><testcase classname="backend.tests.test_employee_fetch_and_deactivation.TestP0BugFix" name="test_employees_have_default_fields" time="0.118" /><testcase classname="backend.tests.test_employee_fetch_and_deactivation.TestP0BugFix" name="test_employees_have_required_fields" time="0.181" /><testcase classname="backend.tests.test_employee_fetch_and_deactivation.TestP0BugFix" name="test_employees_count" time="0.135" /><testcase classname="backend.tests.test_employee_fetch_and_deactivation.TestP1UserDeactivation" name="test_pending_deactivations_endpoint_exists" time="0.485" /><testcase classname="backend.tests.test_employee_fetch_and_deactivation.TestP1UserDeactivation" name="test_pending_deactivations_response_structure" time="0.108" /><testcase classname="backend.tests.test_employee_fetch_and_deactivation.TestP1UserDeactivation" name="test_run_deactivation_check_endpoint_exists" time="0.127" /><testcase classname="backend.tests.test_employee_fetch_and_deactivation.TestP1UserDeactivation" name="test_terminate_employee_endpoint_exists" time="0.254" /><testcase classname="backend.tests.test_employee_fetch_and_deactivation.TestTerminateDeactivateFlow" name="test_terminate_employee_sets_access_disable_date" time="0.657" /><testcase classname="backend.tests.test_employee_fetch_and_deactivation.TestTerminateDeactivateFlow" name="test_pending_deactivations_shows_terminated_employee" time="0.663" /><testcase classname="backend.tests.test_employee_fetch_and_deactivation.TestFilters" name="test_filter_by_status" time="0.449" /><testcase classname="backend.tests.test_employee_fetch_and_deactivation.TestFilters" name="test_filter_by_department" time="0.268" /></testsuite></testsuites>