<?xml version="1.0" encoding="utf-8"?><testsuites name="pytest tests"><testsuite name="pytest" errors="0" failures="0" skipped="0" tests="8" time="2.549" timestamp="2026-02-09T02:59:36.254587+00:00" hostname="agent-env-34270b3c-2bdd-4a57-a8ed-cc01ce93e696"><testcase classname="backend.tests.test_notification_env_features.TestUserPreferencesAPI" name="test_get_user_preferences" time="0.344" /><testcase classname="backend.tests.test_notification_env_features.TestUserPreferencesAPI" name="test_update_user_preferences_enable_sound" time="0.330" /><testcase classname="backend.tests.test_notification_env_features.TestUserPreferencesAPI" name="test_update_user_preferences_disable_sound" time="0.310" /><testcase classname="backend.tests.test_notification_env_features.TestUserPreferencesAPI" name="test_preferences_without_auth" time="0.309" /><testcase classname="backend.tests.test_notification_env_features.TestEnvironmentAPI" name="test_get_current_environment" time="0.267" /><testcase classname="backend.tests.test_notification_env_features.TestEnvironmentAPI" name="test_environment_database_naming_convention" time="0.272" /><testcase classname="backend.tests.test_notification_env_features.TestEnvironmentAPI" name="test_environment_without_auth" time="0.302" /><testcase classname="backend.tests.test_notification_env_features.TestNotificationEntityFields" name="test_get_notifications_structure" time="0.281" /></testsuite></testsuites>