<?xml version="1.0" encoding="utf-8"?><testsuites name="pytest tests"><testsuite name="pytest" errors="0" failures="0" skipped="0" tests="11" time="5.427" timestamp="2026-03-13T12:43:40.412996+00:00" hostname="agent-env-6db86dee-ee65-4b1e-9245-92856a251861"><testcase classname="tests.test_historical_import.TestHistoricalImport" name="test_health_endpoint" time="0.582" /><testcase classname="tests.test_historical_import.TestHistoricalImport" name="test_leads_endpoint_no_500_error" time="0.513" /><testcase classname="tests.test_historical_import.TestHistoricalImport" name="test_leads_count_matches_expected" time="0.498" /><testcase classname="tests.test_historical_import.TestHistoricalImport" name="test_enrolled_leads_from_import" time="0.491" /><testcase classname="tests.test_historical_import.TestHistoricalImport" name="test_students_count_matches_expected" time="0.576" /><testcase classname="tests.test_historical_import.TestHistoricalImport" name="test_students_are_activated_stage" time="0.501" /><testcase classname="tests.test_historical_import.TestHistoricalImport" name="test_courses_auto_created" time="0.424" /><testcase classname="tests.test_historical_import.TestHistoricalImport" name="test_courses_include_imported_types" time="0.441" /><testcase classname="tests.test_historical_import.TestHistoricalImport" name="test_students_have_agent_assignments" time="0.508" /><testcase classname="tests.test_historical_import.TestHistoricalImport" name="test_leads_have_sales_agent_assignments" time="0.488" /><testcase classname="tests.test_historical_import.TestHistoricalImport" name="test_seed_data_json_exists" time="0.346" /></testsuite></testsuites>