<?xml version="1.0" encoding="utf-8"?><testsuites name="pytest tests"><testsuite name="pytest" errors="0" failures="0" skipped="0" tests="9" time="5.225" timestamp="2026-03-13T16:04:31.285152+00:00" hostname="agent-env-6db86dee-ee65-4b1e-9245-92856a251861"><testcase classname="backend.tests.test_sales_dashboard_fixes.TestSalesDashboardFixes" name="test_dashboard_stats_total_revenue" time="0.738" /><testcase classname="backend.tests.test_sales_dashboard_fixes.TestSalesDashboardFixes" name="test_sales_by_course_has_revenue" time="0.573" /><testcase classname="backend.tests.test_sales_dashboard_fixes.TestSalesDashboardFixes" name="test_monthly_trend_has_multiple_months" time="0.475" /><testcase classname="backend.tests.test_sales_dashboard_fixes.TestSalesDashboardFixes" name="test_leaderboard_has_revenue" time="0.531" /><testcase classname="backend.tests.test_sales_dashboard_fixes.TestSalesDashboardFixes" name="test_today_transactions_endpoint" time="0.464" /><testcase classname="backend.tests.test_sales_dashboard_fixes.TestSalesDashboardFixes" name="test_sales_agent_closings_overall" time="0.628" /><testcase classname="backend.tests.test_sales_dashboard_fixes.TestSalesDashboardFixes" name="test_sales_agent_closings_this_month" time="0.459" /><testcase classname="backend.tests.test_sales_dashboard_fixes.TestSalesCRMNoImportButtons" name="test_leads_endpoint_works" time="0.708" /><testcase classname="backend.tests.test_sales_dashboard_fixes.TestFinanceCLTReceivables" name="test_finance_clt_receivables_total" time="0.572" /></testsuite></testsuites>