<?xml version="1.0" encoding="utf-8"?><testsuites name="pytest tests"><testsuite name="pytest" errors="0" failures="0" skipped="0" tests="16" time="2.678" timestamp="2026-03-13T17:48:39.639871+00:00" hostname="agent-env-a3a6675f-004b-40b8-bbfb-d5e058fb9f1f"><testcase classname="tests.test_cs_upgrade_system.TestCSUpgradePackages" name="test_get_upgrade_packages_returns_all_paths" time="0.530" /><testcase classname="tests.test_cs_upgrade_system.TestCSUpgradePackages" name="test_basic_to_intermediate_prices_and_commissions" time="0.058" /><testcase classname="tests.test_cs_upgrade_system.TestCSUpgradePackages" name="test_intermediate_to_advanced_prices_and_commissions" time="0.131" /><testcase classname="tests.test_cs_upgrade_system.TestCSUpgradePackages" name="test_basic_to_advanced_prices_and_commissions" time="0.057" /><testcase classname="tests.test_cs_upgrade_system.TestCSUpgradePackages" name="test_head_commission_structure" time="0.076" /><testcase classname="tests.test_cs_upgrade_system.TestPitchUpgrade" name="test_pitch_upgrade_requires_student" time="0.067" /><testcase classname="tests.test_cs_upgrade_system.TestPitchUpgrade" name="test_pitch_upgrade_requires_valid_path" time="0.180" /><testcase classname="tests.test_cs_upgrade_system.TestPitchUpgrade" name="test_pitch_upgrade_requires_valid_price" time="0.180" /><testcase classname="tests.test_cs_upgrade_system.TestPitchUpgrade" name="test_pitch_upgrade_success_and_stage_update" time="0.121" /><testcase classname="tests.test_cs_upgrade_system.TestConfirmUpgrade" name="test_confirm_upgrade_creates_verification_record" time="0.168" /><testcase classname="tests.test_cs_upgrade_system.TestConfirmUpgrade" name="test_confirm_upgrade_creates_commissions" time="0.240" /><testcase classname="tests.test_cs_upgrade_system.TestConfirmUpgrade" name="test_confirm_upgrade_moves_to_new_student" time="0.289" /><testcase classname="tests.test_cs_upgrade_system.TestStudentCodeUpdate" name="test_update_student_code" time="0.173" /><testcase classname="tests.test_cs_upgrade_system.TestStudentCodeUpdate" name="test_student_code_can_be_cleared" time="0.163" /><testcase classname="tests.test_cs_upgrade_system.TestStudentCodeUpdate" name="test_student_code_invalid_student" time="0.130" /><testcase classname="tests.test_cs_upgrade_system.TestCommissionValues" name="test_all_commission_values_exact" time="0.059" /></testsuite></testsuites>