<?xml version="1.0" encoding="utf-8"?><testsuites name="pytest tests"><testsuite name="pytest" errors="0" failures="0" skipped="0" tests="11" time="5.651" timestamp="2026-03-13T18:54:07.182909+00:00" hostname="agent-env-a3a6675f-004b-40b8-bbfb-d5e058fb9f1f"><testcase classname="backend.tests.test_dual_role_views.TestDualRoleViewsBackend" name="test_get_students_without_filter_returns_all" time="0.674" /><testcase classname="backend.tests.test_dual_role_views.TestDualRoleViewsBackend" name="test_get_students_with_cs_agent_id_filter" time="0.497" /><testcase classname="backend.tests.test_dual_role_views.TestDualRoleViewsBackend" name="test_get_students_with_super_admin_id_returns_zero_or_assigned" time="0.404" /><testcase classname="backend.tests.test_dual_role_views.TestDualRoleViewsBackend" name="test_get_students_with_activated_only_true" time="0.501" /><testcase classname="backend.tests.test_dual_role_views.TestDualRoleViewsBackend" name="test_get_students_with_mentor_id_filter" time="0.578" /><testcase classname="backend.tests.test_dual_role_views.TestDualRoleViewsBackend" name="test_leave_requests_pending_approval" time="0.567" /><testcase classname="backend.tests.test_dual_role_views.TestDualRoleViewsBackend" name="test_regularization_requests_pending_approval" time="0.456" /><testcase classname="backend.tests.test_dual_role_views.TestDualRoleViewsBackend" name="test_payroll_batches_endpoint" time="0.477" /><testcase classname="backend.tests.test_dual_role_views.TestDualRoleViewsBackend" name="test_get_all_students_for_team_view" time="0.555" /><testcase classname="backend.tests.test_dual_role_views.TestRoleBasedAccess" name="test_super_admin_role_check" time="0.374" /><testcase classname="backend.tests.test_dual_role_views.TestRoleBasedAccess" name="test_dashboard_stats_endpoint" time="0.504" /></testsuite></testsuites>