<?xml version="1.0" encoding="utf-8"?><testsuites name="pytest tests"><testsuite name="pytest" errors="0" failures="0" skipped="0" tests="13" time="54.938" timestamp="2026-03-28T06:01:40.380977+00:00" hostname="agent-env-3809a920-e363-4853-ae5a-deead2c7e952"><testcase classname="backend.tests.test_iteration_93_sshr_hr_attendance.TestAuthentication" name="test_ceo_login" time="25.724" /><testcase classname="backend.tests.test_iteration_93_sshr_hr_attendance.TestAuthentication" name="test_cs_head_login" time="1.286" /><testcase classname="backend.tests.test_iteration_93_sshr_hr_attendance.TestESSMonthlyDashboard" name="test_ess_dashboard_has_monthly_summary" time="4.931" /><testcase classname="backend.tests.test_iteration_93_sshr_hr_attendance.TestMyMonthlyAttendance" name="test_my_monthly_attendance_returns_days" time="2.339" /><testcase classname="backend.tests.test_iteration_93_sshr_hr_attendance.TestMyMonthlyAttendance" name="test_only_sundays_are_weekend" time="2.276" /><testcase classname="backend.tests.test_iteration_93_sshr_hr_attendance.TestMyMonthlyAttendance" name="test_late_minutes_recalculated" time="2.355" /><testcase classname="backend.tests.test_iteration_93_sshr_hr_attendance.TestHRAttendanceEndpoint" name="test_hr_attendance_returns_missing_employees" time="2.316" /><testcase classname="backend.tests.test_iteration_93_sshr_hr_attendance.TestHRAttendanceEndpoint" name="test_hr_attendance_missing_employee_structure" time="2.301" /><testcase classname="backend.tests.test_iteration_93_sshr_hr_attendance.TestHRAttendanceEndpoint" name="test_hr_attendance_late_recalculation" time="2.304" /><testcase classname="backend.tests.test_iteration_93_sshr_hr_attendance.TestHRAttendanceEndpoint" name="test_hr_attendance_team_strength" time="2.282" /><testcase classname="backend.tests.test_iteration_93_sshr_hr_attendance.TestSundayOnlyWeekend" name="test_hr_attendance_sunday_check" time="2.089" /><testcase classname="backend.tests.test_iteration_93_sshr_hr_attendance.TestSundayOnlyWeekend" name="test_hr_attendance_saturday_has_missing" time="2.072" /><testcase classname="backend.tests.test_iteration_93_sshr_hr_attendance.TestNoEmployeeRecord" name="test_sales_exec_no_employee_record" time="2.577" /></testsuite></testsuites>