<?xml version="1.0" encoding="utf-8"?><testsuites name="pytest tests"><testsuite name="pytest" errors="0" failures="0" skipped="0" tests="13" time="5.798" timestamp="2026-02-27T02:28:15.946149+00:00" hostname="agent-env-0001a0ed-b4f6-4ac8-b434-e582b7f8adaf"><testcase classname="backend.tests.test_ess_module.TestESSModule" name="test_get_leave_types" time="0.541" /><testcase classname="backend.tests.test_ess_module.TestESSModule" name="test_get_dashboard_without_hr_record" time="0.448" /><testcase classname="backend.tests.test_ess_module.TestESSModule" name="test_get_leave_balance" time="0.455" /><testcase classname="backend.tests.test_ess_module.TestESSModule" name="test_get_leave_requests" time="0.429" /><testcase classname="backend.tests.test_ess_module.TestESSModule" name="test_create_leave_request" time="0.396" /><testcase classname="backend.tests.test_ess_module.TestESSModule" name="test_get_attendance_regularization" time="0.440" /><testcase classname="backend.tests.test_ess_module.TestESSModule" name="test_create_attendance_regularization" time="0.411" /><testcase classname="backend.tests.test_ess_module.TestESSModule" name="test_get_my_attendance" time="0.456" /><testcase classname="backend.tests.test_ess_module.TestESSModule" name="test_get_my_ess_profile" time="0.392" /><testcase classname="backend.tests.test_ess_module.TestESSModule" name="test_get_my_assets" time="0.404" /><testcase classname="backend.tests.test_ess_module.TestESSModule" name="test_get_pending_approvals" time="0.421" /><testcase classname="backend.tests.test_ess_module.TestESSValidation" name="test_leave_request_invalid_type" time="0.457" /><testcase classname="backend.tests.test_ess_module.TestESSValidation" name="test_sick_leave_requires_document" time="0.453" /></testsuite></testsuites>