<?xml version="1.0" encoding="utf-8"?><testsuites name="pytest tests"><testsuite name="pytest" errors="0" failures="2" skipped="0" tests="14" time="7.761" timestamp="2026-02-27T01:54:42.516949+00:00" hostname="agent-env-0001a0ed-b4f6-4ac8-b434-e582b7f8adaf"><testcase classname="backend.tests.test_access_control_permissions.TestAccessControlPermissions" name="test_super_admin_login_successful" time="0.473" /><testcase classname="backend.tests.test_access_control_permissions.TestAccessControlPermissions" name="test_get_user_permissions_super_admin" time="0.440" /><testcase classname="backend.tests.test_access_control_permissions.TestAccessControlPermissions" name="test_get_role_permissions_empty" time="0.423" /><testcase classname="backend.tests.test_access_control_permissions.TestAccessControlPermissions" name="test_get_role_permissions_various_roles" time="0.859" /><testcase classname="backend.tests.test_access_control_permissions.TestAccessControlPermissions" name="test_save_role_permissions" time="0.541" /><testcase classname="backend.tests.test_access_control_permissions.TestAccessControlPermissions" name="test_save_role_permissions_full_finance_module" time="0.487" /><testcase classname="backend.tests.test_access_control_permissions.TestAccessControlPermissions" name="test_save_role_permissions_settings_module" time="0.445" /><testcase classname="backend.tests.test_access_control_permissions.TestAccessControlPermissions" name="test_permission_level_validation" time="0.459" /><testcase classname="backend.tests.test_access_control_permissions.TestAccessControlPermissions" name="test_module_enable_disable_toggle" time="0.507" /><testcase classname="backend.tests.test_access_control_permissions.TestAccessControlPermissions" name="test_reset_to_defaults_by_clearing" time="0.423"><failure message="assert 404 == 200&#10; +  where 404 = &lt;Response [404]&gt;.status_code">backend/tests/test_access_control_permissions.py:318: in test_reset_to_defaults_by_clearing
    assert response.status_code == 200
E   assert 404 == 200
E    +  where 404 = &lt;Response [404]&gt;.status_code</failure></testcase><testcase classname="backend.tests.test_access_control_permissions.TestAccessControlPermissions" name="test_invalid_role_returns_404" time="0.454" /><testcase classname="backend.tests.test_access_control_permissions.TestPermissionEnforcement" name="test_get_user_permissions_returns_role_based_permissions" time="0.433" /><testcase classname="backend.tests.test_access_control_permissions.TestAccessControlPageData" name="test_all_defined_roles_are_accessible" time="1.179" /><testcase classname="backend.tests.test_access_control_permissions.TestAccessControlPageData" name="test_save_complete_permission_structure" time="0.490"><failure message="assert 404 == 200&#10; +  where 404 = &lt;Response [404]&gt;.status_code">backend/tests/test_access_control_permissions.py:532: in test_save_complete_permission_structure
    assert response.status_code == 200
E   assert 404 == 200
E    +  where 404 = &lt;Response [404]&gt;.status_code</failure></testcase></testsuite></testsuites>