<?xml version="1.0" encoding="utf-8"?><testsuites name="pytest tests"><testsuite name="pytest" errors="0" failures="0" skipped="0" tests="15" time="57.346" timestamp="2026-03-28T12:29:19.841643+00:00" hostname="agent-env-3809a920-e363-4853-ae5a-deead2c7e952"><testcase classname="backend.tests.test_iteration_95_cs_kanban_chat_shift.TestCSKanbanStages" name="test_students_endpoint_returns_data" time="26.082" /><testcase classname="backend.tests.test_iteration_95_cs_kanban_chat_shift.TestCSKanbanStages" name="test_students_stage_filter_new_student" time="2.718" /><testcase classname="backend.tests.test_iteration_95_cs_kanban_chat_shift.TestCSKanbanStages" name="test_students_stage_filter_activated" time="1.712" /><testcase classname="backend.tests.test_iteration_95_cs_kanban_chat_shift.TestCSKanbanStages" name="test_students_stage_filter_satisfactory_call" time="1.654" /><testcase classname="backend.tests.test_iteration_95_cs_kanban_chat_shift.TestCSKanbanStages" name="test_students_stage_filter_pitched_for_upgrade" time="1.437" /><testcase classname="backend.tests.test_iteration_95_cs_kanban_chat_shift.TestCSKanbanStages" name="test_students_stage_filter_upgraded" time="1.602" /><testcase classname="backend.tests.test_iteration_95_cs_kanban_chat_shift.TestCSKanbanStages" name="test_students_stage_summary_endpoint" time="1.402" /><testcase classname="backend.tests.test_iteration_95_cs_kanban_chat_shift.TestHREmployeeShift" name="test_get_shifts_list" time="1.238" /><testcase classname="backend.tests.test_iteration_95_cs_kanban_chat_shift.TestHREmployeeShift" name="test_get_employees_list" time="2.032" /><testcase classname="backend.tests.test_iteration_95_cs_kanban_chat_shift.TestHREmployeeShift" name="test_get_single_employee_has_shift_id" time="1.888" /><testcase classname="backend.tests.test_iteration_95_cs_kanban_chat_shift.TestHREmployeeShift" name="test_update_employee_shift_persists" time="2.935" /><testcase classname="backend.tests.test_iteration_95_cs_kanban_chat_shift.TestClaretChatEndpoints" name="test_claret_chat_endpoint_exists" time="8.548" /><testcase classname="backend.tests.test_iteration_95_cs_kanban_chat_shift.TestClaretChatEndpoints" name="test_claret_chat_history_endpoint" time="1.435" /><testcase classname="backend.tests.test_iteration_95_cs_kanban_chat_shift.TestCSAgentLogin" name="test_cs_head_login" time="0.969" /><testcase classname="backend.tests.test_iteration_95_cs_kanban_chat_shift.TestCSAgentLogin" name="test_cs_head_can_access_students" time="1.627" /></testsuite></testsuites>