<?xml version="1.0" encoding="utf-8"?><testsuites name="pytest tests"><testsuite name="pytest" errors="0" failures="0" skipped="0" tests="26" time="7.232" timestamp="2026-02-06T06:22:04.445839+00:00" hostname="agent-env-d7a9012f-d461-48e1-b51d-0db2689dcf11"><testcase classname="backend.tests.test_clt_erp.TestHealthCheck" name="test_health_endpoint" time="0.060" /><testcase classname="backend.tests.test_clt_erp.TestAuthentication" name="test_login_success" time="0.268" /><testcase classname="backend.tests.test_clt_erp.TestAuthentication" name="test_login_invalid_credentials" time="0.040" /><testcase classname="backend.tests.test_clt_erp.TestAuthentication" name="test_login_missing_fields" time="0.039" /><testcase classname="backend.tests.test_clt_erp.TestAuthenticatedEndpoints" name="test_get_current_user" time="0.296" /><testcase classname="backend.tests.test_clt_erp.TestDepartments" name="test_get_departments" time="0.299" /><testcase classname="backend.tests.test_clt_erp.TestDepartments" name="test_create_department" time="0.343" /><testcase classname="backend.tests.test_clt_erp.TestCourses" name="test_get_courses" time="0.297" /><testcase classname="backend.tests.test_clt_erp.TestCourses" name="test_create_course" time="0.326" /><testcase classname="backend.tests.test_clt_erp.TestCommissionRules" name="test_get_commission_rules" time="0.300" /><testcase classname="backend.tests.test_clt_erp.TestCommissionRules" name="test_create_commission_rule" time="0.304" /><testcase classname="backend.tests.test_clt_erp.TestDashboard" name="test_dashboard_stats" time="0.299" /><testcase classname="backend.tests.test_clt_erp.TestDashboard" name="test_lead_funnel" time="0.298" /><testcase classname="backend.tests.test_clt_erp.TestDashboard" name="test_sales_by_course" time="0.295" /><testcase classname="backend.tests.test_clt_erp.TestDashboard" name="test_leaderboard" time="0.298" /><testcase classname="backend.tests.test_clt_erp.TestDashboard" name="test_monthly_trend" time="0.300" /><testcase classname="backend.tests.test_clt_erp.TestDashboard" name="test_student_funnel" time="0.293" /><testcase classname="backend.tests.test_clt_erp.TestDashboard" name="test_upgrades_by_month" time="0.293" /><testcase classname="backend.tests.test_clt_erp.TestDashboard" name="test_cs_leaderboard" time="0.295" /><testcase classname="backend.tests.test_clt_erp.TestUsers" name="test_get_users" time="0.317" /><testcase classname="backend.tests.test_clt_erp.TestLeads" name="test_get_leads" time="0.293" /><testcase classname="backend.tests.test_clt_erp.TestStudents" name="test_get_students" time="0.291" /><testcase classname="backend.tests.test_clt_erp.TestPayments" name="test_get_payments" time="0.291" /><testcase classname="backend.tests.test_clt_erp.TestNotifications" name="test_get_notifications" time="0.293" /><testcase classname="backend.tests.test_clt_erp.TestCommissions" name="test_get_commissions" time="0.335" /><testcase classname="backend.tests.test_clt_erp.TestCommissions" name="test_get_commission_summary" time="0.331" /></testsuite></testsuites>