<?xml version="1.0" encoding="utf-8"?><testsuites name="pytest tests"><testsuite name="pytest" errors="0" failures="0" skipped="0" tests="12" time="2.671" timestamp="2026-03-13T17:15:21.099443+00:00" hostname="agent-env-a3a6675f-004b-40b8-bbfb-d5e058fb9f1f"><testcase classname="backend.tests.test_sales_dashboard_v2.TestFilteredStats" name="test_filtered_stats_overall" time="0.591" /><testcase classname="backend.tests.test_sales_dashboard_v2.TestFilteredStats" name="test_filtered_stats_this_month" time="0.141" /><testcase classname="backend.tests.test_sales_dashboard_v2.TestFilteredStats" name="test_filtered_stats_this_year" time="0.121" /><testcase classname="backend.tests.test_sales_dashboard_v2.TestTeamRevenue" name="test_team_revenue_endpoint" time="0.155" /><testcase classname="backend.tests.test_sales_dashboard_v2.TestTeamRevenue" name="test_team_revenue_drill_down" time="0.299" /><testcase classname="backend.tests.test_sales_dashboard_v2.TestMonthComparison" name="test_month_comparison_endpoint" time="0.424" /><testcase classname="backend.tests.test_sales_dashboard_v2.TestSalesAgentClosings" name="test_sales_agent_closings_overall" time="0.137" /><testcase classname="backend.tests.test_sales_dashboard_v2.TestTodayTransactions" name="test_today_transactions_endpoint" time="0.145" /><testcase classname="backend.tests.test_sales_dashboard_v2.TestSalesByCourse" name="test_sales_by_course_endpoint" time="0.229" /><testcase classname="backend.tests.test_sales_dashboard_v2.TestMonthlyTrend" name="test_monthly_trend_endpoint" time="0.119" /><testcase classname="backend.tests.test_sales_dashboard_v2.TestLeaderboard" name="test_leaderboard_endpoint" time="0.116" /><testcase classname="backend.tests.test_sales_dashboard_v2.TestLeadFunnel" name="test_lead_funnel_endpoint" time="0.141" /></testsuite></testsuites>