<?xml version="1.0" encoding="utf-8"?><testsuites name="pytest tests"><testsuite name="pytest" errors="0" failures="0" skipped="0" tests="10" time="48.217" timestamp="2026-03-23T03:01:17.299749+00:00" hostname="agent-env-5a8e3ba0-e157-4244-bb5c-b04c21e0940c"><testcase classname="backend.tests.test_p0_iteration_59.TestDashboardOperational" name="test_dashboard_overall_returns_operational_key" time="36.887" /><testcase classname="backend.tests.test_p0_iteration_59.TestDashboardOperational" name="test_dashboard_academics_revenue_in_aed" time="0.116" /><testcase classname="backend.tests.test_p0_iteration_59.TestDashboardOperational" name="test_dashboard_revenue_split_shows_academics" time="0.111" /><testcase classname="backend.tests.test_p0_iteration_59.TestMentorRevenue" name="test_mentor_revenue_summary_returns_aed" time="2.385" /><testcase classname="backend.tests.test_p0_iteration_59.TestMentorRevenue" name="test_mentor_redeposits_summary_returns_aed" time="0.587" /><testcase classname="backend.tests.test_p0_iteration_59.TestSalesCRM" name="test_leads_endpoint_returns_data" time="3.368" /><testcase classname="backend.tests.test_p0_iteration_59.TestSalesCRM" name="test_enrolled_leads_have_enrolled_at_field" time="1.092" /><testcase classname="backend.tests.test_p0_iteration_59.TestSalesCRM" name="test_search_leads_with_no_results" time="0.402" /><testcase classname="backend.tests.test_p0_iteration_59.TestDashboardNavigation" name="test_operational_kpis_structure" time="0.857" /><testcase classname="backend.tests.test_p0_iteration_59.TestMentorCRMBanner" name="test_mentor_revenue_for_banner" time="2.343" /></testsuite></testsuites>