<?xml version="1.0" encoding="utf-8"?><testsuites name="pytest tests"><testsuite name="pytest" errors="0" failures="0" skipped="0" tests="15" time="34.205" timestamp="2026-03-30T07:11:50.886551+00:00" hostname="agent-env-3809a920-e363-4853-ae5a-deead2c7e952"><testcase classname="backend.tests.test_iteration_105_3cx_ad_intel.Test3CXWebhookPublic" name="test_webhook_accepts_basic_payload" time="23.206" /><testcase classname="backend.tests.test_iteration_105_3cx_ad_intel.Test3CXWebhookPublic" name="test_webhook_parses_duration_string_mm_ss" time="0.976" /><testcase classname="backend.tests.test_iteration_105_3cx_ad_intel.Test3CXWebhookPublic" name="test_webhook_parses_duration_string_hh_mm_ss" time="0.961" /><testcase classname="backend.tests.test_iteration_105_3cx_ad_intel.Test3CXWebhookPublic" name="test_webhook_accepts_integer_duration" time="0.933" /><testcase classname="backend.tests.test_iteration_105_3cx_ad_intel.Test3CXWebhookPublic" name="test_webhook_accepts_alternative_field_names" time="0.940" /><testcase classname="backend.tests.test_iteration_105_3cx_ad_intel.Test3CXWebhookPublic" name="test_webhook_handles_empty_payload" time="0.719" /><testcase classname="backend.tests.test_iteration_105_3cx_ad_intel.Test3CXWebhookSetupGuide" name="test_webhook_setup_guide_returns_urls" time="1.055" /><testcase classname="backend.tests.test_iteration_105_3cx_ad_intel.TestAdLibraryIntelligence" name="test_ad_library_search" time="0.951" /><testcase classname="backend.tests.test_iteration_105_3cx_ad_intel.TestAdLibraryIntelligence" name="test_get_saved_searches" time="0.317" /><testcase classname="backend.tests.test_iteration_105_3cx_ad_intel.TestMetaAdTokenSettings" name="test_get_token_status" time="0.353" /><testcase classname="backend.tests.test_iteration_105_3cx_ad_intel.TestMetaAdTokenSettings" name="test_save_token" time="0.627" /><testcase classname="backend.tests.test_iteration_105_3cx_ad_intel.TestBDCRMEndpoints" name="test_get_bd_students" time="0.923" /><testcase classname="backend.tests.test_iteration_105_3cx_ad_intel.TestBDCRMEndpoints" name="test_get_bd_agents" time="0.301" /><testcase classname="backend.tests.test_iteration_105_3cx_ad_intel.TestMentorCRMEndpoints" name="test_get_mentor_revenue_summary" time="1.537" /><testcase classname="backend.tests.test_iteration_105_3cx_ad_intel.TestCallHistory" name="test_get_recent_calls" time="0.324" /></testsuite></testsuites>