<?xml version="1.0" encoding="utf-8"?><testsuites name="pytest tests"><testsuite name="pytest" errors="0" failures="0" skipped="0" tests="12" time="95.226" timestamp="2026-03-25T02:08:47.932813+00:00" hostname="agent-env-84f0bc5b-671c-4fcb-95d3-85e472dc4016"><testcase classname="backend.tests.test_commission_tl_logic.TestCEOCommissionDashboard" name="test_ceo_can_access_commission_dashboard" time="33.344" /><testcase classname="backend.tests.test_commission_tl_logic.TestCEOCommissionDashboard" name="test_sanjeed_is_tl_or_sm_true" time="8.083" /><testcase classname="backend.tests.test_commission_tl_logic.TestCEOCommissionDashboard" name="test_sanjeed_earned_tl_from_team_members" time="8.424" /><testcase classname="backend.tests.test_commission_tl_logic.TestCEOCommissionDashboard" name="test_sanjeed_team_tl_details_populated" time="7.611" /><testcase classname="backend.tests.test_commission_tl_logic.TestCEOCommissionDashboard" name="test_aleesha_benchmark_crossed" time="7.586" /><testcase classname="backend.tests.test_commission_tl_logic.TestCEOCommissionDashboard" name="test_aleesha_earned_commission_2665" time="7.280" /><testcase classname="backend.tests.test_commission_tl_logic.TestSalesExecutiveCommissionDashboard" name="test_aleesha_can_access_own_commission" time="2.779" /><testcase classname="backend.tests.test_commission_tl_logic.TestSalesExecutiveCommissionDashboard" name="test_aleesha_has_earned_details" time="1.772" /><testcase classname="backend.tests.test_commission_tl_logic.TestCSAgentCommissionDashboard" name="test_cs_agent_can_access_commission_dashboard" time="3.889" /><testcase classname="backend.tests.test_commission_tl_logic.TestCSAgentCommissionDashboard" name="test_cs_agent_has_commission_details" time="2.862" /><testcase classname="backend.tests.test_commission_tl_logic.TestScatterDataForNetPayChart" name="test_scatter_data_returns_correct_structure" time="3.953" /><testcase classname="backend.tests.test_commission_tl_logic.TestTLNoEighteenKRule" name="test_tl_earns_commission_regardless_of_benchmark" time="7.531" /></testsuite></testsuites>