<?xml version="1.0" encoding="utf-8"?><testsuites name="pytest tests"><testsuite name="pytest" errors="0" failures="0" skipped="0" tests="24" time="38.708" timestamp="2026-03-26T05:17:12.056493+00:00" hostname="agent-env-3809a920-e363-4853-ae5a-deead2c7e952"><testcase classname="backend.tests.test_cs_kanban_features.TestStageSummaryEndpoint" name="test_stage_summary_returns_200" time="23.211" /><testcase classname="backend.tests.test_cs_kanban_features.TestStageSummaryEndpoint" name="test_stage_summary_response_structure" time="0.543" /><testcase classname="backend.tests.test_cs_kanban_features.TestStageSummaryEndpoint" name="test_stage_summary_with_date_filter" time="0.554" /><testcase classname="backend.tests.test_cs_kanban_features.TestStageSummaryEndpoint" name="test_stage_summary_with_cs_agent_filter" time="0.857" /><testcase classname="backend.tests.test_cs_kanban_features.TestStageSummaryEndpoint" name="test_stage_summary_cs_head_access" time="1.295" /><testcase classname="backend.tests.test_cs_kanban_features.TestUpgradeShadowsEndpoint" name="test_upgrade_shadows_returns_200" time="0.944" /><testcase classname="backend.tests.test_cs_kanban_features.TestUpgradeShadowsEndpoint" name="test_upgrade_shadows_response_structure" time="0.736" /><testcase classname="backend.tests.test_cs_kanban_features.TestUpgradeShadowsEndpoint" name="test_upgrade_shadows_item_structure" time="0.755" /><testcase classname="backend.tests.test_cs_kanban_features.TestUpgradeShadowsEndpoint" name="test_upgrade_shadows_with_date_filter" time="0.741" /><testcase classname="backend.tests.test_cs_kanban_features.TestUpgradeShadowsEndpoint" name="test_upgrade_shadows_pagination" time="0.735" /><testcase classname="backend.tests.test_cs_kanban_features.TestUpgradeShadowsEndpoint" name="test_upgrade_shadows_cs_head_access" time="0.772" /><testcase classname="backend.tests.test_cs_kanban_features.TestColorTagEndpoint" name="test_set_color_tag_handle_with_care" time="1.313" /><testcase classname="backend.tests.test_cs_kanban_features.TestColorTagEndpoint" name="test_set_color_tag_do_not_disturb" time="0.535" /><testcase classname="backend.tests.test_cs_kanban_features.TestColorTagEndpoint" name="test_set_color_tag_vip" time="0.526" /><testcase classname="backend.tests.test_cs_kanban_features.TestColorTagEndpoint" name="test_set_color_tag_priority" time="0.544" /><testcase classname="backend.tests.test_cs_kanban_features.TestColorTagEndpoint" name="test_set_color_tag_follow_up" time="0.525" /><testcase classname="backend.tests.test_cs_kanban_features.TestColorTagEndpoint" name="test_clear_color_tag" time="0.524" /><testcase classname="backend.tests.test_cs_kanban_features.TestColorTagEndpoint" name="test_invalid_color_tag_rejected" time="0.310" /><testcase classname="backend.tests.test_cs_kanban_features.TestColorTagEndpoint" name="test_color_tag_nonexistent_student" time="0.330" /><testcase classname="backend.tests.test_cs_kanban_features.TestColorTagEndpoint" name="test_color_tag_cs_head_access" time="0.525" /><testcase classname="backend.tests.test_cs_kanban_features.TestColorTagPersistence" name="test_color_tag_persists_in_student_data" time="2.037" /><testcase classname="backend.tests.test_cs_kanban_features.TestAuthenticationRequired" name="test_stage_summary_requires_auth" time="0.093" /><testcase classname="backend.tests.test_cs_kanban_features.TestAuthenticationRequired" name="test_upgrade_shadows_requires_auth" time="0.106" /><testcase classname="backend.tests.test_cs_kanban_features.TestAuthenticationRequired" name="test_color_tag_requires_auth" time="0.103" /></testsuite></testsuites>