<?xml version="1.0" encoding="utf-8"?><testsuites name="pytest tests"><testsuite name="pytest" errors="0" failures="0" skipped="0" tests="11" time="4.306" timestamp="2026-03-13T13:53:18.151727+00:00" hostname="agent-env-6db86dee-ee65-4b1e-9245-92856a251861"><testcase classname="backend.tests.test_dashboard_bifurcation.TestAuthentication" name="test_login_success" time="0.542" /><testcase classname="backend.tests.test_dashboard_bifurcation.TestSalesAgentClosings" name="test_top_10_agents_overall" time="0.517" /><testcase classname="backend.tests.test_dashboard_bifurcation.TestSalesAgentClosings" name="test_top_5_agents_this_month" time="0.123" /><testcase classname="backend.tests.test_dashboard_bifurcation.TestCSAgentBifurcation" name="test_cs_agent_bifurcation_overall" time="0.469" /><testcase classname="backend.tests.test_dashboard_bifurcation.TestCSAgentBifurcation" name="test_cs_agent_bifurcation_this_month" time="0.122" /><testcase classname="backend.tests.test_dashboard_bifurcation.TestMentorBifurcation" name="test_mentor_bifurcation_overall" time="0.460" /><testcase classname="backend.tests.test_dashboard_bifurcation.TestMentorBifurcation" name="test_mentor_bifurcation_this_month" time="0.179" /><testcase classname="backend.tests.test_dashboard_bifurcation.TestCustomerMasterData" name="test_customers_sorted_ascending" time="0.561" /><testcase classname="backend.tests.test_dashboard_bifurcation.TestCustomerMasterData" name="test_customers_default_get" time="0.197" /><testcase classname="backend.tests.test_dashboard_bifurcation.TestFinanceReceivables" name="test_finance_receivables" time="0.564" /><testcase classname="backend.tests.test_dashboard_bifurcation.TestCoursesWithPrice" name="test_courses_have_price_fields" time="0.499" /></testsuite></testsuites>