<?xml version="1.0" encoding="utf-8"?><testsuites name="pytest tests"><testsuite name="pytest" errors="0" failures="0" skipped="5" tests="26" time="86.038" timestamp="2026-03-24T10:01:27.323247+00:00" hostname="agent-env-84f0bc5b-671c-4fcb-95d3-85e472dc4016"><testcase classname="backend.tests.test_commission_dashboard.TestCommissionDashboardCEO" name="test_dashboard_returns_200_for_super_admin" time="29.874" /><testcase classname="backend.tests.test_commission_dashboard.TestCommissionDashboardCEO" name="test_dashboard_has_sales_commissions" time="5.044" /><testcase classname="backend.tests.test_commission_dashboard.TestCommissionDashboardCEO" name="test_dashboard_has_cs_commissions" time="3.837" /><testcase classname="backend.tests.test_commission_dashboard.TestCommissionDashboardCEO" name="test_dashboard_has_sm_bonus_pool" time="3.648" /><testcase classname="backend.tests.test_commission_dashboard.TestCommissionDashboardCEO" name="test_dashboard_has_mentor_pool" time="3.542" /><testcase classname="backend.tests.test_commission_dashboard.TestCommissionDashboardCEO" name="test_dashboard_has_total_sales_earned" time="4.438" /><testcase classname="backend.tests.test_commission_dashboard.TestCommissionDashboardCEO" name="test_dashboard_has_total_cs_earned" time="3.475" /><testcase classname="backend.tests.test_commission_dashboard.TestCommissionDashboardCEO" name="test_dashboard_with_month_param" time="2.258" /><testcase classname="backend.tests.test_commission_dashboard.TestCommissionDashboardCSHead" name="test_dashboard_returns_200_for_cs_head" time="0.759"><skipped type="pytest.skip" message="CS head authentication failed">/app/backend/tests/test_commission_dashboard.py:128: CS head authentication failed</skipped></testcase><testcase classname="backend.tests.test_commission_dashboard.TestCommissionDashboardCSHead" name="test_cs_head_has_my_commission" time="0.000"><skipped type="pytest.skip" message="CS head authentication failed">/app/backend/tests/test_commission_dashboard.py:135: CS head authentication failed</skipped></testcase><testcase classname="backend.tests.test_commission_dashboard.TestCommissionDashboardCSHead" name="test_cs_head_has_team_commissions" time="0.000"><skipped type="pytest.skip" message="CS head authentication failed">/app/backend/tests/test_commission_dashboard.py:146: CS head authentication failed</skipped></testcase><testcase classname="backend.tests.test_commission_dashboard.TestCommissionDashboardCSHead" name="test_cs_head_has_total_cs_head_earned" time="0.000"><skipped type="pytest.skip" message="CS head authentication failed">/app/backend/tests/test_commission_dashboard.py:155: CS head authentication failed</skipped></testcase><testcase classname="backend.tests.test_commission_dashboard.TestCommissionScatterData" name="test_scatter_data_returns_200" time="0.959" /><testcase classname="backend.tests.test_commission_dashboard.TestCommissionScatterData" name="test_scatter_data_has_6_months" time="0.975" /><testcase classname="backend.tests.test_commission_dashboard.TestCommissionScatterData" name="test_scatter_data_has_commission_and_net_pay" time="0.952" /><testcase classname="backend.tests.test_commission_dashboard.TestCommissionScatterData" name="test_scatter_data_has_agent_name" time="0.959" /><testcase classname="backend.tests.test_commission_dashboard.TestCEODrillDown" name="test_drill_sales_returns_200" time="2.438" /><testcase classname="backend.tests.test_commission_dashboard.TestCEODrillDown" name="test_drill_sales_has_rows" time="2.405" /><testcase classname="backend.tests.test_commission_dashboard.TestCEODrillDown" name="test_drill_sales_row_structure" time="2.407" /><testcase classname="backend.tests.test_commission_dashboard.TestCEODrillDown" name="test_drill_cs_returns_200" time="3.055" /><testcase classname="backend.tests.test_commission_dashboard.TestCEODrillDown" name="test_drill_cs_has_rows" time="3.079" /><testcase classname="backend.tests.test_commission_dashboard.TestCEODrillDown" name="test_drill_cs_row_structure" time="3.061" /><testcase classname="backend.tests.test_commission_dashboard.TestCEODrillDown" name="test_drill_requires_super_admin" time="0.000"><skipped type="pytest.skip" message="CS head authentication failed">/app/backend/tests/test_commission_dashboard.py:266: CS head authentication failed</skipped></testcase><testcase classname="backend.tests.test_commission_dashboard.TestSalesExecutiveView" name="test_dashboard_returns_200_for_sales_role" time="1.074" /><testcase classname="backend.tests.test_commission_dashboard.TestBenchmarkLogic" name="test_sales_commission_has_benchmark_field" time="3.341" /><testcase classname="backend.tests.test_commission_dashboard.TestBenchmarkLogic" name="test_earned_vs_pending_based_on_benchmark" time="4.374" /></testsuite></testsuites>