<?xml version="1.0" encoding="utf-8"?><testsuites name="pytest tests"><testsuite name="pytest" errors="0" failures="0" skipped="0" tests="15" time="3.571" timestamp="2026-03-01T20:25:46.768891+00:00" hostname="agent-env-88359f5f-4a48-410e-a369-f35f2967ad39"><testcase classname="backend.tests.test_sales_finance_workflow.TestSalesFinanceWorkflow" name="test_settlement_calculation_tabby" time="0.574" /><testcase classname="backend.tests.test_sales_finance_workflow.TestSalesFinanceWorkflow" name="test_pending_settlements_api_structure" time="0.113" /><testcase classname="backend.tests.test_sales_finance_workflow.TestSalesFinanceWorkflow" name="test_pending_settlements_filter_by_gateway" time="0.590" /><testcase classname="backend.tests.test_sales_finance_workflow.TestSalesFinanceWorkflow" name="test_journal_entries_api_structure" time="0.122" /><testcase classname="backend.tests.test_sales_finance_workflow.TestSalesFinanceWorkflow" name="test_journal_entries_filter_by_date" time="0.117" /><testcase classname="backend.tests.test_sales_finance_workflow.TestSalesFinanceWorkflow" name="test_journal_entries_filter_by_type" time="0.215" /><testcase classname="backend.tests.test_sales_finance_workflow.TestSalesFinanceWorkflow" name="test_finance_verifications_api" time="0.112" /><testcase classname="backend.tests.test_sales_finance_workflow.TestSalesFinanceWorkflow" name="test_finance_transactions_api" time="0.118" /><testcase classname="backend.tests.test_sales_finance_workflow.TestSalesFinanceWorkflow" name="test_payment_receivables_api" time="0.123" /><testcase classname="backend.tests.test_sales_finance_workflow.TestSalesFinanceWorkflow" name="test_pending_settlements_requires_auth" time="0.110" /><testcase classname="backend.tests.test_sales_finance_workflow.TestSalesFinanceWorkflow" name="test_journal_entries_requires_auth" time="0.102" /><testcase classname="backend.tests.test_sales_finance_workflow.TestSalesFinanceWorkflow" name="test_settlement_rules_in_response" time="0.118" /><testcase classname="backend.tests.test_sales_finance_workflow.TestSalesFinanceWorkflow" name="test_courses_api_for_enrollment" time="0.146" /><testcase classname="backend.tests.test_sales_finance_workflow.TestPaymentMethodsAvailability" name="test_payment_methods_constants" time="0.442" /><testcase classname="backend.tests.test_sales_finance_workflow.TestFinanceNotificationFlow" name="test_notifications_api" time="0.499" /></testsuite></testsuites>