<?xml version="1.0" encoding="utf-8"?><testsuites name="pytest tests"><testsuite name="pytest" errors="0" failures="0" skipped="0" tests="14" time="8.222" timestamp="2026-02-27T01:55:17.803650+00:00" hostname="agent-env-0001a0ed-b4f6-4ac8-b434-e582b7f8adaf"><testcase classname="backend.tests.test_access_control_permissions.TestAccessControlPermissions" name="test_super_admin_login_successful" time="0.393" /><testcase classname="backend.tests.test_access_control_permissions.TestAccessControlPermissions" name="test_get_user_permissions_super_admin" time="0.463" /><testcase classname="backend.tests.test_access_control_permissions.TestAccessControlPermissions" name="test_get_role_permissions_empty" time="0.396" /><testcase classname="backend.tests.test_access_control_permissions.TestAccessControlPermissions" name="test_get_role_permissions_various_roles" time="1.010" /><testcase classname="backend.tests.test_access_control_permissions.TestAccessControlPermissions" name="test_save_role_permissions" time="0.473" /><testcase classname="backend.tests.test_access_control_permissions.TestAccessControlPermissions" name="test_save_role_permissions_full_finance_module" time="0.549" /><testcase classname="backend.tests.test_access_control_permissions.TestAccessControlPermissions" name="test_save_role_permissions_settings_module" time="0.426" /><testcase classname="backend.tests.test_access_control_permissions.TestAccessControlPermissions" name="test_permission_level_validation" time="0.502" /><testcase classname="backend.tests.test_access_control_permissions.TestAccessControlPermissions" name="test_module_enable_disable_toggle" time="0.470" /><testcase classname="backend.tests.test_access_control_permissions.TestAccessControlPermissions" name="test_reset_to_defaults_by_clearing" time="0.486" /><testcase classname="backend.tests.test_access_control_permissions.TestAccessControlPermissions" name="test_invalid_role_returns_404" time="0.431" /><testcase classname="backend.tests.test_access_control_permissions.TestPermissionEnforcement" name="test_get_user_permissions_returns_role_based_permissions" time="0.680" /><testcase classname="backend.tests.test_access_control_permissions.TestAccessControlPageData" name="test_all_defined_roles_are_accessible" time="1.396" /><testcase classname="backend.tests.test_access_control_permissions.TestAccessControlPageData" name="test_save_complete_permission_structure" time="0.478" /></testsuite></testsuites>