<?xml version="1.0" encoding="utf-8"?><testsuites name="pytest tests"><testsuite name="pytest" errors="0" failures="3" skipped="4" tests="23" time="45.185" timestamp="2026-02-27T01:20:10.857675+00:00" hostname="agent-env-57652549-c565-4241-8444-869e706ee303"><testcase classname="backend.tests.test_comprehensive_features.TestBioCloudSync" name="test_biocloud_status" time="1.607" /><testcase classname="backend.tests.test_comprehensive_features.TestBioCloudSync" name="test_biocloud_fetch_attendance" time="21.176" /><testcase classname="backend.tests.test_comprehensive_features.TestBioCloudSync" name="test_biocloud_fetch_with_date" time="20.287" /><testcase classname="backend.tests.test_comprehensive_features.TestPayrollModule" name="test_payroll_batches_list" time="0.066" /><testcase classname="backend.tests.test_comprehensive_features.TestPayrollModule" name="test_payroll_run_duplicate_check" time="0.062"><failure message="AssertionError: Payroll run returned unexpected status: 422 - {&quot;detail&quot;:[{&quot;type&quot;:&quot;int_parsing&quot;,&quot;loc&quot;:[&quot;body&quot;,&quot;month&quot;],&quot;msg&quot;:&quot;Input should be a valid integer, unable to parse string as an integer&quot;,&quot;input&quot;:&quot;2026-02&quot;,&quot;url&quot;:&quot;https://errors.pydantic.dev/2.12/v/int_parsing&quot;}]}&#10;assert 422 in [200, 201, 400, 409]&#10; +  where 422 = &lt;Response [422]&gt;.status_code">backend/tests/test_comprehensive_features.py:129: in test_payroll_run_duplicate_check
    assert response.status_code in [200, 201, 400, 409], \
E   AssertionError: Payroll run returned unexpected status: 422 - {"detail":[{"type":"int_parsing","loc":["body","month"],"msg":"Input should be a valid integer, unable to parse string as an integer","input":"2026-02","url":"https://errors.pydantic.dev/2.12/v/int_parsing"}]}
E   assert 422 in [200, 201, 400, 409]
E    +  where 422 = &lt;Response [422]&gt;.status_code</failure></testcase><testcase classname="backend.tests.test_comprehensive_features.TestPayrollModule" name="test_payroll_list" time="0.055" /><testcase classname="backend.tests.test_comprehensive_features.TestRoundRobinDistribution" name="test_create_lead_with_assignment" time="0.139" /><testcase classname="backend.tests.test_comprehensive_features.TestFollowups" name="test_todays_followups" time="0.062" /><testcase classname="backend.tests.test_comprehensive_features.TestFollowups" name="test_upcoming_followups" time="0.093" /><testcase classname="backend.tests.test_comprehensive_features.TestViewAsDashboard" name="test_viewable_users_super_admin" time="0.054" /><testcase classname="backend.tests.test_comprehensive_features.TestViewAsDashboard" name="test_viewable_users_team_leader" time="0.399"><skipped type="pytest.skip" message="Team leader login failed: {&quot;detail&quot;:&quot;Invalid credentials&quot;}">/app/backend/tests/test_comprehensive_features.py:226: Team leader login failed: {"detail":"Invalid credentials"}</skipped></testcase><testcase classname="backend.tests.test_comprehensive_features.TestViewAsDashboard" name="test_dashboard_stats_view_as" time="0.138" /><testcase classname="backend.tests.test_comprehensive_features.TestViewAsDashboard" name="test_dashboard_stats_unauthorized_view" time="0.000"><skipped type="pytest.skip" message="Team leader login failed: {&quot;detail&quot;:&quot;Invalid credentials&quot;}">/app/backend/tests/test_comprehensive_features.py:269: Team leader login failed: {"detail":"Invalid credentials"}</skipped></testcase><testcase classname="backend.tests.test_comprehensive_features.TestLeadReassignment" name="test_get_available_agents" time="0.061" /><testcase classname="backend.tests.test_comprehensive_features.TestLeadReassignment" name="test_get_pending_approvals" time="0.065" /><testcase classname="backend.tests.test_comprehensive_features.TestLeadReassignment" name="test_get_all_reassignment_requests" time="0.077" /><testcase classname="backend.tests.test_comprehensive_features.TestLeadReassignment" name="test_reassignment_workflow_admin_direct" time="0.175"><failure message="AssertionError: Admin reassignment failed: {&quot;detail&quot;:[{&quot;type&quot;:&quot;missing&quot;,&quot;loc&quot;:[&quot;body&quot;,&quot;lead_id&quot;],&quot;msg&quot;:&quot;Field required&quot;,&quot;input&quot;:{&quot;new_agent_id&quot;:&quot;51bee6bd-84a9-480a-aca8-1e93d6ece235&quot;,&quot;current_agent_id&quot;:&quot;1c55fb37-3c72-4d2a-9935-c2b97b502495&quot;,&quot;reason&quot;:&quot;TEST_Admin direct reassignment&quot;},&quot;url&quot;:&quot;https://errors.pydantic.dev/2.12/v/missing&quot;}]}&#10;assert 422 == 200&#10; +  where 422 = &lt;Response [422]&gt;.status_code">backend/tests/test_comprehensive_features.py:358: in test_reassignment_workflow_admin_direct
    assert response.status_code == 200, f"Admin reassignment failed: {response.text}"
E   AssertionError: Admin reassignment failed: {"detail":[{"type":"missing","loc":["body","lead_id"],"msg":"Field required","input":{"new_agent_id":"51bee6bd-84a9-480a-aca8-1e93d6ece235","current_agent_id":"1c55fb37-3c72-4d2a-9935-c2b97b502495","reason":"TEST_Admin direct reassignment"},"url":"https://errors.pydantic.dev/2.12/v/missing"}]}
E   assert 422 == 200
E    +  where 422 = &lt;Response [422]&gt;.status_code</failure></testcase><testcase classname="backend.tests.test_comprehensive_features.TestTeamLeaderReassignment" name="test_team_leader_available_agents" time="0.000"><skipped type="pytest.skip" message="Team leader login failed: {&quot;detail&quot;:&quot;Invalid credentials&quot;}">/app/backend/tests/test_comprehensive_features.py:370: Team leader login failed: {"detail":"Invalid credentials"}</skipped></testcase><testcase classname="backend.tests.test_comprehensive_features.TestTeamLeaderReassignment" name="test_team_leader_reassignment_request" time="0.000"><skipped type="pytest.skip" message="Team leader login failed: {&quot;detail&quot;:&quot;Invalid credentials&quot;}">/app/backend/tests/test_comprehensive_features.py:379: Team leader login failed: {"detail":"Invalid credentials"}</skipped></testcase><testcase classname="backend.tests.test_comprehensive_features.TestAccessControl" name="test_users_list" time="0.062" /><testcase classname="backend.tests.test_comprehensive_features.TestAccessControl" name="test_user_permissions_update" time="0.130" /><testcase classname="backend.tests.test_comprehensive_features.TestSalesCRM" name="test_get_leads" time="0.072" /><testcase classname="backend.tests.test_comprehensive_features.TestSalesCRM" name="test_lead_detail" time="0.237"><failure message="AssertionError: Get lead detail failed: {&quot;detail&quot;:&quot;Method Not Allowed&quot;}&#10;assert 405 == 200&#10; +  where 405 = &lt;Response [405]&gt;.status_code">backend/tests/test_comprehensive_features.py:507: in test_lead_detail
    assert response.status_code == 200, f"Get lead detail failed: {response.text}"
E   AssertionError: Get lead detail failed: {"detail":"Method Not Allowed"}
E   assert 405 == 200
E    +  where 405 = &lt;Response [405]&gt;.status_code</failure></testcase></testsuite></testsuites>