<?xml version="1.0" encoding="utf-8"?><testsuites name="pytest tests"><testsuite name="pytest" errors="0" failures="0" skipped="1" tests="13" time="3.180" timestamp="2026-03-13T21:37:27.170556+00:00" hostname="agent-env-dbe97a20-6f81-44a8-b0af-1cdfe819fafa"><testcase classname="backend.tests.test_drill_down_v2.TestSalesDashboardDrillDown" name="test_agent_students_drill_by_name" time="0.656" /><testcase classname="backend.tests.test_drill_down_v2.TestSalesDashboardDrillDown" name="test_aleesha_agent_drill" time="0.133" /><testcase classname="backend.tests.test_drill_down_v2.TestSalesDashboardDrillDown" name="test_team_agents_drill" time="0.236" /><testcase classname="backend.tests.test_drill_down_v2.TestSalesDashboardDrillDown" name="test_team_xlnc_drill" time="0.130" /><testcase classname="backend.tests.test_drill_down_v2.TestSalesDashboardDrillDown" name="test_pipeline_stage_drill" time="0.262" /><testcase classname="backend.tests.test_drill_down_v2.TestCSDashboardDrillDown" name="test_cs_agent_students_drill" time="0.231" /><testcase classname="backend.tests.test_drill_down_v2.TestCSDashboardDrillDown" name="test_nasida_vn_drill" time="0.121" /><testcase classname="backend.tests.test_drill_down_v2.TestCSDashboardDrillDown" name="test_cs_pipeline_stage_drill" time="0.126"><skipped type="pytest.skip" message="No CS pipeline stages">/app/backend/tests/test_drill_down_v2.py:176: No CS pipeline stages</skipped></testcase><testcase classname="backend.tests.test_drill_down_v2.TestMentorDashboardDrillDown" name="test_mentor_students_drill" time="0.250" /><testcase classname="backend.tests.test_drill_down_v2.TestMentorDashboardDrillDown" name="test_ashwin_sudarsh_drill" time="0.140" /><testcase classname="backend.tests.test_drill_down_v2.TestMentorDashboardDrillDown" name="test_mentor_pipeline_stage_drill" time="0.611" /><testcase classname="backend.tests.test_drill_down_v2.TestAgentRevenueAndBifurcation" name="test_cs_agent_revenue_chart" time="0.120" /><testcase classname="backend.tests.test_drill_down_v2.TestAgentRevenueAndBifurcation" name="test_cs_agent_bifurcation_chart" time="0.110" /></testsuite></testsuites>