<?xml version="1.0" encoding="utf-8"?><testsuites name="pytest tests"><testsuite name="pytest" errors="0" failures="0" skipped="0" tests="23" time="36.935" timestamp="2026-03-27T03:10:16.489485+00:00" hostname="agent-env-3809a920-e363-4853-ae5a-deead2c7e952"><testcase classname="backend.tests.test_iteration_88_features.TestAuth" name="test_ceo_login" time="0.973" /><testcase classname="backend.tests.test_iteration_88_features.TestAuth" name="test_sales_login" time="0.983" /><testcase classname="backend.tests.test_iteration_88_features.TestExecutiveDashboard" name="test_executive_dashboard_returns_kpis" time="6.371" /><testcase classname="backend.tests.test_iteration_88_features.TestExecutiveDashboard" name="test_executive_dashboard_attendance" time="3.434" /><testcase classname="backend.tests.test_iteration_88_features.TestExecutiveDashboard" name="test_executive_dashboard_gender_breakdown" time="3.166" /><testcase classname="backend.tests.test_iteration_88_features.TestExecutiveDashboard" name="test_executive_dashboard_monthly_trend" time="3.186" /><testcase classname="backend.tests.test_iteration_88_features.TestExecutiveDashboard" name="test_executive_dashboard_revenue_by_course" time="2.283" /><testcase classname="backend.tests.test_iteration_88_features.TestExecutiveDashboard" name="test_executive_dashboard_top_performers" time="2.320" /><testcase classname="backend.tests.test_iteration_88_features.TestExecutiveDashboard" name="test_executive_dashboard_course_bifurcation" time="2.098" /><testcase classname="backend.tests.test_iteration_88_features.TestExecutiveDashboard" name="test_executive_dashboard_expiring_documents" time="1.216" /><testcase classname="backend.tests.test_iteration_88_features.TestExecutiveDashboard" name="test_executive_dashboard_salary_payout" time="1.446" /><testcase classname="backend.tests.test_iteration_88_features.TestExecutiveDashboard" name="test_executive_dashboard_recent_enrollments" time="1.187" /><testcase classname="backend.tests.test_iteration_88_features.TestExecutiveDashboard" name="test_executive_dashboard_revenue_split" time="1.174" /><testcase classname="backend.tests.test_iteration_88_features.TestExecutiveDashboard" name="test_executive_dashboard_restricted_to_admin" time="1.294" /><testcase classname="backend.tests.test_iteration_88_features.TestChatUsers" name="test_chat_users_returns_all_employees" time="0.344" /><testcase classname="backend.tests.test_iteration_88_features.TestChatUsers" name="test_chat_users_have_status_field" time="0.328" /><testcase classname="backend.tests.test_iteration_88_features.TestChatHeartbeat" name="test_heartbeat_updates_last_active" time="0.384" /><testcase classname="backend.tests.test_iteration_88_features.TestChatHeartbeat" name="test_user_shows_online_after_heartbeat" time="0.662" /><testcase classname="backend.tests.test_iteration_88_features.TestAttendanceGraceMinutes" name="test_shifts_have_30_min_grace" time="0.322" /><testcase classname="backend.tests.test_iteration_88_features.TestChatConversations" name="test_get_conversations" time="0.756" /><testcase classname="backend.tests.test_iteration_88_features.TestChatConversations" name="test_chat_unread_count" time="0.540" /><testcase classname="backend.tests.test_iteration_88_features.TestDepartmentHeadcount" name="test_department_headcount" time="1.220" /><testcase classname="backend.tests.test_iteration_88_features.TestLeadSources" name="test_lead_sources" time="1.183" /></testsuite></testsuites>