<?xml version="1.0" encoding="utf-8"?><testsuites name="pytest tests"><testsuite name="pytest" errors="0" failures="0" skipped="0" tests="18" time="76.727" timestamp="2026-03-24T18:50:43.656391+00:00" hostname="agent-env-84f0bc5b-671c-4fcb-95d3-85e472dc4016"><testcase classname="backend.tests.test_commission_decomposition.TestCommissionDecomposition" name="test_aleesha_login_success" time="23.602" /><testcase classname="backend.tests.test_commission_decomposition.TestCommissionDecomposition" name="test_sales_commission_info_endpoint" time="4.236" /><testcase classname="backend.tests.test_commission_decomposition.TestCommissionDecomposition" name="test_aleesha_march_2026_deal_earned" time="3.356" /><testcase classname="backend.tests.test_commission_decomposition.TestCommissionDecomposition" name="test_deal_details_have_decomposed_commissions" time="2.235" /><testcase classname="backend.tests.test_commission_decomposition.TestCommissionDecomposition" name="test_course_decomposition_2204_aed" time="2.229" /><testcase classname="backend.tests.test_commission_decomposition.TestCommissionDecomposition" name="test_course_decomposition_4104_aed" time="2.200" /><testcase classname="backend.tests.test_commission_decomposition.TestCommissionDecomposition" name="test_18k_benchmark_indicator" time="2.234" /><testcase classname="backend.tests.test_commission_decomposition.TestScatterDataEndpoint" name="test_scatter_data_returns_200" time="5.556" /><testcase classname="backend.tests.test_commission_decomposition.TestScatterDataEndpoint" name="test_scatter_data_has_data_points" time="5.113" /><testcase classname="backend.tests.test_commission_decomposition.TestScatterDataEndpoint" name="test_scatter_data_points_have_required_fields" time="3.691" /><testcase classname="backend.tests.test_commission_decomposition.TestScatterDataEndpoint" name="test_scatter_data_includes_agent_info" time="3.874" /><testcase classname="backend.tests.test_commission_decomposition.TestCEOCommissionDashboard" name="test_ceo_dashboard_returns_200" time="4.431" /><testcase classname="backend.tests.test_commission_decomposition.TestCEOCommissionDashboard" name="test_ceo_dashboard_has_sales_commissions" time="4.053" /><testcase classname="backend.tests.test_commission_decomposition.TestCEOCommissionDashboard" name="test_ceo_dashboard_has_totals" time="5.015" /><testcase classname="backend.tests.test_commission_decomposition.TestCEOCommissionDashboard" name="test_ceo_drill_sales_returns_correct_data" time="3.087" /><testcase classname="backend.tests.test_commission_decomposition.TestCourseCatalogCommissions" name="test_course_catalog_endpoint" time="1.093" /><testcase classname="backend.tests.test_commission_decomposition.TestCourseCatalogCommissions" name="test_offer_course_commission" time="0.317" /><testcase classname="backend.tests.test_commission_decomposition.TestCourseCatalogCommissions" name="test_full_pack_addon_commission" time="0.322" /></testsuite></testsuites>