<?xml version="1.0" encoding="utf-8"?><testsuites name="pytest tests"><testsuite name="pytest" errors="0" failures="0" skipped="0" tests="21" time="7.892" timestamp="2026-02-11T02:49:11.159726+00:00" hostname="agent-env-2ca51157-03ad-4631-a6b4-10623be4d829"><testcase classname="tests.test_finance_accounting.TestFinanceAccounting" name="test_get_accounts_empty_or_seeded" time="0.303" /><testcase classname="tests.test_finance_accounting.TestFinanceAccounting" name="test_seed_accounts" time="0.286" /><testcase classname="tests.test_finance_accounting.TestFinanceAccounting" name="test_get_accounts_after_seed" time="0.291" /><testcase classname="tests.test_finance_accounting.TestFinanceAccounting" name="test_get_accounts_by_type" time="0.286" /><testcase classname="tests.test_finance_accounting.TestFinanceAccounting" name="test_dashboard_loads" time="0.299" /><testcase classname="tests.test_finance_accounting.TestFinanceAccounting" name="test_dashboard_account_balances" time="0.452" /><testcase classname="tests.test_finance_accounting.TestFinanceAccounting" name="test_dashboard_kpis" time="0.307" /><testcase classname="tests.test_finance_accounting.TestFinanceAccounting" name="test_get_journal_entries" time="0.273" /><testcase classname="tests.test_finance_accounting.TestFinanceAccounting" name="test_create_journal_entry_balanced" time="0.569" /><testcase classname="tests.test_finance_accounting.TestFinanceAccounting" name="test_create_journal_entry_unbalanced_fails" time="0.302" /><testcase classname="tests.test_finance_accounting.TestFinanceAccounting" name="test_journal_entry_submit_workflow" time="0.530" /><testcase classname="tests.test_finance_accounting.TestFinanceAccounting" name="test_journal_entry_approve_workflow" time="0.531" /><testcase classname="tests.test_finance_accounting.TestFinanceAccounting" name="test_get_expenses" time="0.274" /><testcase classname="tests.test_finance_accounting.TestFinanceAccounting" name="test_create_expense" time="0.521" /><testcase classname="tests.test_finance_accounting.TestFinanceAccounting" name="test_get_transfers" time="0.283" /><testcase classname="tests.test_finance_accounting.TestFinanceAccounting" name="test_create_transfer" time="0.511" /><testcase classname="tests.test_finance_accounting.TestFinanceAccounting" name="test_get_settlements" time="0.318" /><testcase classname="tests.test_finance_accounting.TestFinanceAccounting" name="test_get_finance_config" time="0.263" /><testcase classname="tests.test_finance_accounting.TestFinanceAccounting" name="test_get_finance_audit_logs" time="0.274" /><testcase classname="tests.test_finance_accounting.TestFinanceAccounting" name="test_accounting_requires_auth" time="0.289" /><testcase classname="tests.test_finance_accounting.TestFinanceIntegration" name="test_dashboard_updates_after_journal_entry" time="0.554" /></testsuite></testsuites>