<?xml version="1.0" encoding="utf-8"?><testsuites name="pytest tests"><testsuite name="pytest" errors="0" failures="0" skipped="0" tests="11" time="5.513" timestamp="2026-03-15T20:47:34.922416+00:00" hostname="agent-env-7e1bfced-faf0-4d95-80cd-7d3227123a68"><testcase classname="backend.tests.test_performance_insight.TestSalesPerformanceInsight" name="test_sales_agent_performance_insight" time="0.631" /><testcase classname="backend.tests.test_performance_insight.TestSalesPerformanceInsight" name="test_team_leader_performance_insight" time="0.490" /><testcase classname="backend.tests.test_performance_insight.TestSalesPerformanceInsight" name="test_admin_performance_insight" time="0.454" /><testcase classname="backend.tests.test_performance_insight.TestCSPerformanceInsight" name="test_cs_agent_performance_insight" time="0.485" /><testcase classname="backend.tests.test_performance_insight.TestCSPerformanceInsight" name="test_cs_head_performance_insight" time="0.471" /><testcase classname="backend.tests.test_performance_insight.TestCSPerformanceInsight" name="test_admin_cs_performance_insight" time="0.450" /><testcase classname="backend.tests.test_performance_insight.TestSalesAgentClosings" name="test_sales_agent_closings_for_sales_executive" time="0.529" /><testcase classname="backend.tests.test_performance_insight.TestSalesAgentClosings" name="test_sales_agent_closings_for_team_leader" time="0.458" /><testcase classname="backend.tests.test_performance_insight.TestSalesAgentClosings" name="test_sales_agent_closings_for_admin" time="0.504" /><testcase classname="backend.tests.test_performance_insight.TestPerformanceInsightDataValidation" name="test_team_leader_has_team_name" time="0.484" /><testcase classname="backend.tests.test_performance_insight.TestPerformanceInsightDataValidation" name="test_performance_insight_month_format" time="0.476" /></testsuite></testsuites>