<?xml version="1.0" encoding="utf-8"?><testsuites name="pytest tests"><testsuite name="pytest" errors="0" failures="4" skipped="0" tests="11" time="5.843" timestamp="2026-02-22T21:02:20.182706+00:00" hostname="agent-env-0f33a5bf-39af-40d5-a13c-391e44f9f6e2"><testcase classname="backend.tests.test_user_employee_sync.TestUserEmployeeSync" name="test_01_login_super_admin" time="0.934" /><testcase classname="backend.tests.test_user_employee_sync.TestUserEmployeeSync" name="test_02_create_user_with_employee_record" time="0.498"><failure message="KeyError: 'role'">backend/tests/test_user_employee_sync.py:112: in test_02_create_user_with_employee_record
    assert employee["role"] == "sales_executive"
           ^^^^^^^^^^^^^^^^
E   KeyError: 'role'</failure></testcase><testcase classname="backend.tests.test_user_employee_sync.TestUserEmployeeSync" name="test_03_update_user_deactivate_syncs_to_employee_terminated" time="0.360"><failure message="AssertionError: Termination date should be set&#10;assert None is not None&#10; +  where None = &lt;built-in method get of dict object at 0xfd6303201540&gt;('termination_date')&#10; +    where &lt;built-in method get of dict object at 0xfd6303201540&gt; = {'annual_leave_balance': 30.0, 'bank_details': None, 'company_email': 'test.sync.1771794141@clt-academy.com', 'confirmation_date': None, ...}.get">backend/tests/test_user_employee_sync.py:167: in test_03_update_user_deactivate_syncs_to_employee_terminated
    assert employee.get("termination_date") is not None, "Termination date should be set"
E   AssertionError: Termination date should be set
E   assert None is not None
E    +  where None = &lt;built-in method get of dict object at 0xfd6303201540&gt;('termination_date')
E    +    where &lt;built-in method get of dict object at 0xfd6303201540&gt; = {'annual_leave_balance': 30.0, 'bank_details': None, 'company_email': 'test.sync.1771794141@clt-academy.com', 'confirmation_date': None, ...}.get</failure></testcase><testcase classname="backend.tests.test_user_employee_sync.TestUserEmployeeSync" name="test_04_update_user_reactivate_syncs_to_employee_active" time="0.388" /><testcase classname="backend.tests.test_user_employee_sync.TestUserEmployeeSync" name="test_05_sync_department_change" time="0.393" /><testcase classname="backend.tests.test_user_employee_sync.TestUserEmployeeSync" name="test_06_sync_role_change" time="0.379"><failure message="KeyError: 'role'">backend/tests/test_user_employee_sync.py:292: in test_06_sync_role_change
    assert employee["role"] == new_role, f"Employee role should be '{new_role}', got: {employee['role']}"
           ^^^^^^^^^^^^^^^^
E   KeyError: 'role'</failure></testcase><testcase classname="backend.tests.test_user_employee_sync.TestUserEmployeeSync" name="test_07_sync_full_name_change" time="0.351" /><testcase classname="backend.tests.test_user_employee_sync.TestUserEmployeeSync" name="test_08_create_user_without_employee_record" time="0.348" /><testcase classname="backend.tests.test_user_employee_sync.TestUserEmployeeSync" name="test_09_delete_user_terminates_employee" time="1.020"><failure message="AssertionError: Termination date should be set&#10;assert None is not None&#10; +  where None = &lt;built-in method get of dict object at 0xfd6302da3740&gt;('termination_date')&#10; +    where &lt;built-in method get of dict object at 0xfd6302da3740&gt; = {'annual_leave_balance': 30.0, 'bank_details': None, 'company_email': 'test.delete.1771794143@clt-academy.com', 'confirmation_date': None, ...}.get">backend/tests/test_user_employee_sync.py:432: in test_09_delete_user_terminates_employee
    assert employee.get("termination_date") is not None, "Termination date should be set"
E   AssertionError: Termination date should be set
E   assert None is not None
E    +  where None = &lt;built-in method get of dict object at 0xfd6302da3740&gt;('termination_date')
E    +    where &lt;built-in method get of dict object at 0xfd6302da3740&gt; = {'annual_leave_balance': 30.0, 'bank_details': None, 'company_email': 'test.delete.1771794143@clt-academy.com', 'confirmation_date': None, ...}.get</failure></testcase><testcase classname="backend.tests.test_user_employee_sync.TestEmployeeCreateUserAccount" name="test_01_create_employee_with_user_account" time="1.047" /><testcase classname="backend.tests.test_user_employee_sync.TestFrontendUIElements" name="test_users_page_has_create_employee_toggle" time="0.000" /></testsuite></testsuites>