<?xml version="1.0" encoding="utf-8"?><testsuites name="pytest tests"><testsuite name="pytest" errors="0" failures="0" skipped="1" tests="14" time="57.892" timestamp="2026-03-18T16:53:30.522621+00:00" hostname="agent-env-0269efe7-e448-4807-9780-e6665af2d6a9"><testcase classname="backend.tests.test_overall_dashboard.TestOverallDashboard" name="test_dashboard_overall_returns_200" time="24.102" /><testcase classname="backend.tests.test_overall_dashboard.TestOverallDashboard" name="test_dashboard_overall_has_revenue_section" time="4.025" /><testcase classname="backend.tests.test_overall_dashboard.TestOverallDashboard" name="test_dashboard_overall_has_monthly_trend" time="4.085" /><testcase classname="backend.tests.test_overall_dashboard.TestOverallDashboard" name="test_dashboard_overall_has_revenue_split" time="2.983" /><testcase classname="backend.tests.test_overall_dashboard.TestOverallDashboard" name="test_dashboard_overall_has_top_performers" time="2.922" /><testcase classname="backend.tests.test_overall_dashboard.TestOverallDashboard" name="test_dashboard_overall_has_treasury" time="2.087" /><testcase classname="backend.tests.test_overall_dashboard.TestOverallDashboard" name="test_dashboard_overall_has_expenses" time="2.006" /><testcase classname="backend.tests.test_overall_dashboard.TestOverallDashboard" name="test_dashboard_overall_has_hr_section" time="2.932" /><testcase classname="backend.tests.test_overall_dashboard.TestOverallDashboard" name="test_dashboard_overall_has_expiring_documents" time="2.055" /><testcase classname="backend.tests.test_overall_dashboard.TestOverallDashboard" name="test_dashboard_overall_has_recent_enrollments" time="2.446" /><testcase classname="backend.tests.test_overall_dashboard.TestOverallDashboard" name="test_dashboard_overall_has_alerts" time="2.874" /><testcase classname="backend.tests.test_overall_dashboard.TestDashboardAccessControl" name="test_dashboard_overall_forbidden_for_sales_executive" time="1.385" /><testcase classname="backend.tests.test_overall_dashboard.TestDashboardAccessControl" name="test_dashboard_overall_unauthorized_without_token" time="0.187" /><testcase classname="backend.tests.test_overall_dashboard.TestLeadDeletion" name="test_super_admin_can_delete_lead" time="3.704"><skipped type="pytest.skip" message="Could not create test lead: 200 - {&quot;full_name&quot;:&quot;TEST Delete Lead&quot;,&quot;phone&quot;:&quot;+97199999888877&quot;,&quot;email&quot;:&quot;test.delete.lead@test.com&quot;,&quot;country&quot;:&quot;UAE&quot;,&quot;city&quot;:null,&quot;lead_source&quot;:&quot;test&quot;,&quot;course_of_interest&quot;:null,&quot;campaign_name&quot;:null,&quot;notes&quot;:null,&quot;id&quot;:&quot;7b461004-c748-4362-b972-8a043e123167&quot;,&quot;stage&quot;:&quot;new_lead&quot;,&quot;assigned_to&quot;:&quot;25d4ac5e-4de5-40aa-9018-a308f6ba0777&quot;,&quot;assigned_to_name&quot;:&quot;Fathimathu Nida&quot;,&quot;rejection_reason&quot;:null,&quot;follow_up_date&quot;:null,&quot;call_notes&quot;:null,&quot;course_id&quot;:null,&quot;course_name&quot;:null,&quot;interested_course_id&quot;:null,&quot;interested_course_name&quot;:null,&quot;estimated_value&quot;:null,&quot;sale_amount&quot;:null,&quot;addons_selected&quot;:null,&quot;selected_addons&quot;:null,&quot;course_value&quot;:null,&quot;addons_value&quot;:null,&quot;call_recording_url&quot;:null,&quot;created_at&quot;:&quot;2026-03-18T16:54:26.681257+00:00&quot;,&quot;updated_at&quot;:&quot;2026-03-18T16:54:26.681257+00:00&quot;,&quot;last_activity&quot;:&quot;2026-03-18T16:54:26.681257+00:00&quot;,&quot;assigned_at&quot;:&quot;2026-03-18T16:54:26.681257+00:00&quot;,&quot;first_contact_at&quot;:null,&quot;sla_status&quot;:&quot;ok&quot;,&quot;sla_warning_at&quot;:null,&quot;sla_warning_level&quot;:0,&quot;sla_breach&quot;:false,&quot;in_pool&quot;:false,&quot;reminder_date&quot;:null,&quot;reminder_time&quot;:null,&quot;reminder_note&quot;:null,&quot;reminder_completed&quot;:false,&quot;enrolled_at&quot;:null,&quot;enrollment_amount&quot;:null,&quot;team_name&quot;:&quot;&quot;,&quot;rejection_reason_label&quot;:null,&quot;rejection_notes&quot;:null,&quot;payment_method&quot;:null,&quot;payment_verified&quot;:null}">/app/backend/tests/test_overall_dashboard.py:344: Could not create test lead: 200 - {"full_name":"TEST Delete Lead","phone":"+97199999888877","email":"test.delete.lead@test.com","country":"UAE","city":null,"lead_source":"test","course_of_interest":null,"campaign_name":null,"notes":null,"id":"7b461004-c748-4362-b972-8a043e123167","stage":"new_lead","assigned_to":"25d4ac5e-4de5-40aa-9018-a308f6ba0777","assigned_to_name":"Fathimathu Nida","rejection_reason":null,"follow_up_date":null,"call_notes":null,"course_id":null,"course_name":null,"interested_course_id":null,"interested_course_name":null,"estimated_value":null,"sale_amount":null,"addons_selected":null,"selected_addons":null,"course_value":null,"addons_value":null,"call_recording_url":null,"created_at":"2026-03-18T16:54:26.681257+00:00","updated_at":"2026-03-18T16:54:26.681257+00:00","last_activity":"2026-03-18T16:54:26.681257+00:00","assigned_at":"2026-03-18T16:54:26.681257+00:00","first_contact_at":null,"sla_status":"ok","sla_warning_at":null,"sla_warning_level":0,"sla_breach":false,"in_pool":false,"reminder_date":null,"reminder_time":null,"reminder_note":null,"reminder_completed":false,"enrolled_at":null,"enrollment_amount":null,"team_name":"","rejection_reason_label":null,"rejection_notes":null,"payment_method":null,"payment_verified":null}</skipped></testcase></testsuite></testsuites>