<?xml version="1.0" encoding="utf-8"?><testsuites name="pytest tests"><testsuite name="pytest" errors="0" failures="0" skipped="0" tests="18" time="67.104" timestamp="2026-03-23T10:33:14.410583+00:00" hostname="agent-env-340ea0d1-e559-406f-b93f-89539798f16e"><testcase classname="backend.tests.test_bd_module.TestBDLogin" name="test_bd_agent_login_success" time="24.570" /><testcase classname="backend.tests.test_bd_module.TestBDLogin" name="test_super_admin_login_success" time="0.800" /><testcase classname="backend.tests.test_bd_module.TestBDAgents" name="test_get_bd_agents_as_bd_user" time="1.283" /><testcase classname="backend.tests.test_bd_module.TestBDAgents" name="test_get_bd_agents_as_admin" time="1.266" /><testcase classname="backend.tests.test_bd_module.TestBDStudents" name="test_bd_agent_sees_own_students" time="2.405" /><testcase classname="backend.tests.test_bd_module.TestBDStudents" name="test_super_admin_sees_all_bd_students" time="1.797" /><testcase classname="backend.tests.test_bd_module.TestBDStudents" name="test_filter_students_by_stage" time="1.316" /><testcase classname="backend.tests.test_bd_module.TestBDStudents" name="test_search_students" time="1.664" /><testcase classname="backend.tests.test_bd_module.TestBDDashboard" name="test_bd_dashboard_returns_metrics" time="2.816" /><testcase classname="backend.tests.test_bd_module.TestBDDashboard" name="test_admin_dashboard_with_agent_performance" time="2.985" /><testcase classname="backend.tests.test_bd_module.TestBDDashboard" name="test_dashboard_period_filter" time="9.327" /><testcase classname="backend.tests.test_bd_module.TestBDStageUpdate" name="test_update_student_stage" time="4.505" /><testcase classname="backend.tests.test_bd_module.TestBDStageUpdate" name="test_invalid_stage_rejected" time="2.732" /><testcase classname="backend.tests.test_bd_module.TestBDRedeposit" name="test_record_redeposit" time="3.757" /><testcase classname="backend.tests.test_bd_module.TestBDReassign" name="test_admin_can_reassign_student" time="3.944" /><testcase classname="backend.tests.test_bd_module.TestBDReassign" name="test_bd_agent_cannot_reassign" time="1.656" /><testcase classname="backend.tests.test_bd_module.TestBDAccessControl" name="test_unauthenticated_access_denied" time="0.092" /><testcase classname="backend.tests.test_bd_module.TestBDAccessControl" name="test_non_bd_role_denied" time="0.098" /></testsuite></testsuites>