<?xml version="1.0" encoding="utf-8"?><testsuites name="pytest tests"><testsuite name="pytest" errors="0" failures="2" skipped="0" tests="18" time="7.293" timestamp="2026-02-09T03:39:56.481187+00:00" hostname="agent-env-34270b3c-2bdd-4a57-a8ed-cc01ce93e696"><testcase classname="backend.tests.test_new_features_iteration11.TestAuthentication" name="test_login_success" time="0.315" /><testcase classname="backend.tests.test_new_features_iteration11.TestRolesAPI" name="test_get_roles" time="0.314" /><testcase classname="backend.tests.test_new_features_iteration11.TestRolesAPI" name="test_get_roles_structure" time="0.309" /><testcase classname="backend.tests.test_new_features_iteration11.TestRolesAPI" name="test_create_custom_role" time="0.347" /><testcase classname="backend.tests.test_new_features_iteration11.TestRolesAPI" name="test_update_role" time="0.374" /><testcase classname="backend.tests.test_new_features_iteration11.TestRolesAPI" name="test_update_system_role_permissions" time="0.322" /><testcase classname="backend.tests.test_new_features_iteration11.TestRolesAPI" name="test_cannot_delete_system_role" time="0.342" /><testcase classname="backend.tests.test_new_features_iteration11.TestRolesAPI" name="test_delete_custom_role" time="0.351" /><testcase classname="backend.tests.test_new_features_iteration11.TestRolesAPI" name="test_roles_require_auth" time="0.319"><failure message="AssertionError: Should require authentication&#10;assert 403 == 401&#10; +  where 403 = &lt;Response [403]&gt;.status_code">backend/tests/test_new_features_iteration11.py:184: in test_roles_require_auth
    assert response.status_code == 401, "Should require authentication"
E   AssertionError: Should require authentication
E   assert 403 == 401
E    +  where 403 = &lt;Response [403]&gt;.status_code</failure></testcase><testcase classname="backend.tests.test_new_features_iteration11.TestLeadAPI" name="test_create_lead_with_lead_source" time="0.371" /><testcase classname="backend.tests.test_new_features_iteration11.TestLeadAPI" name="test_create_lead_with_all_sources" time="1.061" /><testcase classname="backend.tests.test_new_features_iteration11.TestLeadAPI" name="test_update_lead_stage_kanban" time="0.400"><failure message="KeyError: 'stage'">backend/tests/test_new_features_iteration11.py:270: in test_update_lead_stage_kanban
    assert get_response.json()["stage"] == stage
           ^^^^^^^^^^^^^^^^^^^^^^^^^^^^
E   KeyError: 'stage'</failure></testcase><testcase classname="backend.tests.test_new_features_iteration11.TestLeadAPI" name="test_get_leads_returns_lead_source" time="0.326" /><testcase classname="backend.tests.test_new_features_iteration11.TestUsersAPI" name="test_get_users" time="0.355" /><testcase classname="backend.tests.test_new_features_iteration11.TestUsersAPI" name="test_create_user_with_role" time="0.538" /><testcase classname="backend.tests.test_new_features_iteration11.TestPhoneCountryDetection" name="test_lead_with_uae_phone" time="0.365" /><testcase classname="backend.tests.test_new_features_iteration11.TestPhoneCountryDetection" name="test_lead_with_india_phone" time="0.372" /><testcase classname="backend.tests.test_new_features_iteration11.TestPhoneCountryDetection" name="test_lead_with_saudi_phone" time="0.351" /></testsuite></testsuites>