<?xml version="1.0" encoding="utf-8"?><testsuites name="pytest tests"><testsuite name="pytest" errors="0" failures="1" skipped="0" tests="13" time="5.894" timestamp="2026-03-11T19:32:40.284595+00:00" hostname="agent-env-a3963380-ccbd-46aa-b105-0a82d7c23535"><testcase classname="backend.tests.test_teams_management.TestTeamsEndpoint" name="test_get_teams_returns_list" time="0.648" /><testcase classname="backend.tests.test_teams_management.TestTeamsEndpoint" name="test_teams_have_leader_name_field" time="0.142" /><testcase classname="backend.tests.test_teams_management.TestTeamsEndpoint" name="test_teams_have_member_count_field" time="0.122" /><testcase classname="backend.tests.test_teams_management.TestCreateTeam" name="test_create_team_with_mentors_academics_department" time="0.139" /><testcase classname="backend.tests.test_teams_management.TestCreateTeam" name="test_create_team_with_all_departments" time="1.177" /><testcase classname="backend.tests.test_teams_management.TestTeamDetails" name="test_get_team_details" time="0.269" /><testcase classname="backend.tests.test_teams_management.TestAssignLeader" name="test_get_all_users_for_leader_selection" time="0.112" /><testcase classname="backend.tests.test_teams_management.TestAssignLeader" name="test_assign_leader_to_team" time="0.562" /><testcase classname="backend.tests.test_teams_management.TestAddMember" name="test_add_member_to_team" time="0.844"><failure message="AssertionError: User's team_id should be updated&#10;assert None == '73b4b626-a3a3-4746-abfb-903d09f2ecd9'&#10; +  where None = &lt;built-in method get of dict object at 0xfd8d2c9cb100&gt;('team_id')&#10; +    where &lt;built-in method get of dict object at 0xfd8d2c9cb100&gt; = {'commission_rate_override': None, 'created_at': '2026-02-05T02:49:49.731782Z', 'department': 'Management', 'email': 'aqib@clt-academy.com', ...}.get">backend/tests/test_teams_management.py:239: in test_add_member_to_team
    assert updated_user.get("team_id") == team_id, "User's team_id should be updated"
E   AssertionError: User's team_id should be updated
E   assert None == '73b4b626-a3a3-4746-abfb-903d09f2ecd9'
E    +  where None = &lt;built-in method get of dict object at 0xfd8d2c9cb100&gt;('team_id')
E    +    where &lt;built-in method get of dict object at 0xfd8d2c9cb100&gt; = {'commission_rate_override': None, 'created_at': '2026-02-05T02:49:49.731782Z', 'department': 'Management', 'email': 'aqib@clt-academy.com', ...}.get</failure></testcase><testcase classname="backend.tests.test_teams_management.TestLeadsN1QueryFix" name="test_leads_have_assigned_to_name" time="0.116" /><testcase classname="backend.tests.test_teams_management.TestLeadsN1QueryFix" name="test_leads_have_course_name" time="0.146" /><testcase classname="backend.tests.test_teams_management.TestSearchFunctionality" name="test_users_have_searchable_fields" time="0.122" /><testcase classname="backend.tests.test_teams_management.TestCleanup" name="test_cleanup_test_teams" time="1.408" /></testsuite></testsuites>