<?xml version="1.0" encoding="utf-8"?><testsuites name="pytest tests"><testsuite name="pytest" errors="0" failures="0" skipped="0" tests="13" time="44.257" timestamp="2026-02-26T02:56:00.914902+00:00" hostname="agent-env-57652549-c565-4241-8444-869e706ee303"><testcase classname="backend.tests.test_biocloud_payroll.TestBioCloudSync" name="test_biocloud_status_check" time="1.149" /><testcase classname="backend.tests.test_biocloud_payroll.TestBioCloudSync" name="test_biocloud_fetch_attendance" time="21.573" /><testcase classname="backend.tests.test_biocloud_payroll.TestBioCloudSync" name="test_biocloud_fetch_attendance_with_date" time="20.559" /><testcase classname="backend.tests.test_biocloud_payroll.TestPayrollRun" name="test_get_payroll_batches" time="0.071" /><testcase classname="backend.tests.test_biocloud_payroll.TestPayrollRun" name="test_run_payroll_for_new_month" time="0.073" /><testcase classname="backend.tests.test_biocloud_payroll.TestPayrollRun" name="test_run_payroll_duplicate_handling" time="0.060" /><testcase classname="backend.tests.test_biocloud_payroll.TestPayrollRun" name="test_get_payroll_records" time="0.066" /><testcase classname="backend.tests.test_biocloud_payroll.TestPayrollRun" name="test_get_payroll_by_month" time="0.060" /><testcase classname="backend.tests.test_biocloud_payroll.TestPayrollApproval" name="test_get_draft_batch" time="0.061" /><testcase classname="backend.tests.test_biocloud_payroll.TestPayrollApproval" name="test_approval_workflow" time="0.132" /><testcase classname="backend.tests.test_biocloud_payroll.TestPayrollApproval" name="test_invalid_approval_sequence" time="0.125" /><testcase classname="backend.tests.test_biocloud_payroll.TestPayrollIntegration" name="test_employees_exist" time="0.081" /><testcase classname="backend.tests.test_biocloud_payroll.TestPayrollIntegration" name="test_attendance_records_exist" time="0.061" /></testsuite></testsuites>