<?xml version="1.0" encoding="utf-8"?><testsuites name="pytest tests"><testsuite name="pytest" errors="0" failures="0" skipped="0" tests="12" time="4.659" timestamp="2026-03-11T20:04:44.801090+00:00" hostname="agent-env-a3963380-ccbd-46aa-b105-0a82d7c23535"><testcase classname="backend.tests.test_employee_role_team_bug.TestEmployeeRoleTeamBugFixes" name="test_01_sync_options_returns_roles_and_teams" time="0.516" /><testcase classname="backend.tests.test_employee_role_team_bug.TestEmployeeRoleTeamBugFixes" name="test_02_get_employee_returns_role_and_team_id" time="0.171" /><testcase classname="backend.tests.test_employee_role_team_bug.TestEmployeeRoleTeamBugFixes" name="test_03_update_employee_role_saves" time="0.666" /><testcase classname="backend.tests.test_employee_role_team_bug.TestEmployeeRoleTeamBugFixes" name="test_04_update_employee_team_id_saves" time="0.539" /><testcase classname="backend.tests.test_employee_role_team_bug.TestEmployeeRoleTeamBugFixes" name="test_05_role_syncs_to_user_account" time="0.347" /><testcase classname="backend.tests.test_employee_role_team_bug.TestEmployeeRoleTeamBugFixes" name="test_06_team_id_syncs_to_user_account" time="0.652" /><testcase classname="backend.tests.test_employee_role_team_bug.TestDateNormalization" name="test_07_get_employees_dates_normalized" time="0.475" /><testcase classname="backend.tests.test_employee_role_team_bug.TestDateNormalization" name="test_08_single_employee_dates_normalized" time="0.127" /><testcase classname="backend.tests.test_employee_role_team_bug.TestDateNormalization" name="test_09_date_normalization_samples" time="0.136" /><testcase classname="backend.tests.test_employee_role_team_bug.TestEmployeeUpdate" name="test_10_update_role_accepted_by_pydantic" time="0.446" /><testcase classname="backend.tests.test_employee_role_team_bug.TestEmployeeUpdate" name="test_11_update_team_id_accepted_by_pydantic" time="0.278" /><testcase classname="backend.tests.test_employee_role_team_bug.TestEmployeeUpdate" name="test_12_update_both_role_and_team_together" time="0.254" /></testsuite></testsuites>