<?xml version="1.0" encoding="utf-8"?><testsuites name="pytest tests"><testsuite name="pytest" errors="0" failures="1" skipped="0" tests="13" time="32.588" timestamp="2026-03-29T06:47:08.124822+00:00" hostname="agent-env-3809a920-e363-4853-ae5a-deead2c7e952"><testcase classname="backend.tests.test_competitor_intel.TestCompetitorIntelligenceBackend" name="test_list_competitors_returns_seeded_data" time="23.985" /><testcase classname="backend.tests.test_competitor_intel.TestCompetitorIntelligenceBackend" name="test_add_competitor_success" time="0.519" /><testcase classname="backend.tests.test_competitor_intel.TestCompetitorIntelligenceBackend" name="test_add_competitor_duplicate_fails" time="0.323" /><testcase classname="backend.tests.test_competitor_intel.TestCompetitorIntelligenceBackend" name="test_add_competitor_no_name_fails" time="0.108" /><testcase classname="backend.tests.test_competitor_intel.TestCompetitorIntelligenceBackend" name="test_scrape_competitor_success" time="1.108" /><testcase classname="backend.tests.test_competitor_intel.TestCompetitorIntelligenceBackend" name="test_scrape_nonexistent_competitor_fails" time="0.308" /><testcase classname="backend.tests.test_competitor_intel.TestCompetitorIntelligenceBackend" name="test_get_competitor_intel" time="0.839" /><testcase classname="backend.tests.test_competitor_intel.TestCompetitorIntelligenceBackend" name="test_delete_competitor_success" time="0.844" /><testcase classname="backend.tests.test_competitor_intel.TestCompetitorIntelligenceBackend" name="test_delete_nonexistent_competitor_fails" time="0.320" /><testcase classname="backend.tests.test_competitor_intel.TestCompetitorIntelligenceBackend" name="test_daily_briefing_returns_personalized_data" time="2.406" /><testcase classname="backend.tests.test_competitor_intel.TestCompetitorIntelligenceBackend" name="test_team_mood_endpoint" time="0.356" /><testcase classname="backend.tests.test_competitor_intel.TestCompetitorIntelligenceAccessControl" name="test_unauthenticated_access_denied" time="0.101"><failure message="AssertionError: Expected 401, got 403&#10;assert 403 == 401&#10; +  where 403 = &lt;Response [403]&gt;.status_code">backend/tests/test_competitor_intel.py:284: in test_unauthenticated_access_denied
    assert response.status_code == 401, f"Expected 401, got {response.status_code}"
E   AssertionError: Expected 401, got 403
E   assert 403 == 401
E    +  where 403 = &lt;Response [403]&gt;.status_code</failure></testcase><testcase classname="backend.tests.test_competitor_intel.TestCompetitorIntelligenceAccessControl" name="test_cs_head_can_access_competitors" time="1.276" /></testsuite></testsuites>