<?xml version="1.0" encoding="utf-8"?><testsuites name="pytest tests"><testsuite name="pytest" errors="0" failures="0" skipped="0" tests="15" time="49.701" timestamp="2026-03-28T12:48:04.108812+00:00" hostname="agent-env-3809a920-e363-4853-ae5a-deead2c7e952"><testcase classname="backend.tests.test_iteration_96_cs_kanban_chat_shift.TestAuthentication" name="test_super_admin_login" time="25.856" /><testcase classname="backend.tests.test_iteration_96_cs_kanban_chat_shift.TestAuthentication" name="test_cs_head_login" time="1.750" /><testcase classname="backend.tests.test_iteration_96_cs_kanban_chat_shift.TestCSKanbanStageSummary" name="test_stage_summary_returns_data" time="2.558" /><testcase classname="backend.tests.test_iteration_96_cs_kanban_chat_shift.TestCSKanbanStageSummary" name="test_new_student_count_not_capped" time="0.537" /><testcase classname="backend.tests.test_iteration_96_cs_kanban_chat_shift.TestCSKanbanPagination" name="test_students_endpoint_with_stage_filter" time="0.940" /><testcase classname="backend.tests.test_iteration_96_cs_kanban_chat_shift.TestCSKanbanPagination" name="test_pagination_page_2" time="0.738" /><testcase classname="backend.tests.test_iteration_96_cs_kanban_chat_shift.TestCSKanbanPagination" name="test_all_5_stages_filterable" time="3.468" /><testcase classname="backend.tests.test_iteration_96_cs_kanban_chat_shift.TestHRShiftPersistence" name="test_shifts_list" time="0.315" /><testcase classname="backend.tests.test_iteration_96_cs_kanban_chat_shift.TestHRShiftPersistence" name="test_employees_list_includes_shift_id" time="0.533" /><testcase classname="backend.tests.test_iteration_96_cs_kanban_chat_shift.TestHRShiftPersistence" name="test_single_employee_has_shift_id" time="0.861" /><testcase classname="backend.tests.test_iteration_96_cs_kanban_chat_shift.TestHRShiftPersistence" name="test_shift_update_persists" time="2.181" /><testcase classname="backend.tests.test_iteration_96_cs_kanban_chat_shift.TestClaretChatWidget" name="test_claret_chat_endpoint" time="7.395" /><testcase classname="backend.tests.test_iteration_96_cs_kanban_chat_shift.TestClaretChatWidget" name="test_claret_history_endpoint" time="0.313" /><testcase classname="backend.tests.test_iteration_96_cs_kanban_chat_shift.TestCSHeadAccess" name="test_cs_head_can_access_students" time="1.661" /><testcase classname="backend.tests.test_iteration_96_cs_kanban_chat_shift.TestCSHeadAccess" name="test_cs_head_can_access_stage_summary" time="0.525" /></testsuite></testsuites>