<?xml version="1.0" encoding="utf-8"?><testsuites name="pytest tests"><testsuite name="pytest" errors="0" failures="0" skipped="0" tests="18" time="56.376" timestamp="2026-03-23T17:52:17.974609+00:00" hostname="agent-env-340ea0d1-e559-406f-b93f-89539798f16e"><testcase classname="backend.tests.test_pagination_gzip_cs_transfer.TestAuthentication" name="test_super_admin_login" time="22.852" /><testcase classname="backend.tests.test_pagination_gzip_cs_transfer.TestAuthentication" name="test_bd_agent_login" time="0.803" /><testcase classname="backend.tests.test_pagination_gzip_cs_transfer.TestLeadsPagination" name="test_leads_pagination_default" time="2.875" /><testcase classname="backend.tests.test_pagination_gzip_cs_transfer.TestLeadsPagination" name="test_leads_pagination_page_size_25" time="0.755" /><testcase classname="backend.tests.test_pagination_gzip_cs_transfer.TestLeadsPagination" name="test_leads_pagination_page_size_100" time="1.246" /><testcase classname="backend.tests.test_pagination_gzip_cs_transfer.TestLeadsPagination" name="test_leads_pagination_page_2_different_items" time="1.817" /><testcase classname="backend.tests.test_pagination_gzip_cs_transfer.TestStudentsPagination" name="test_students_pagination_default" time="0.775" /><testcase classname="backend.tests.test_pagination_gzip_cs_transfer.TestStudentsPagination" name="test_students_pagination_page_size_25" time="0.786" /><testcase classname="backend.tests.test_pagination_gzip_cs_transfer.TestStudentsPagination" name="test_students_pagination_page_2" time="1.507" /><testcase classname="backend.tests.test_pagination_gzip_cs_transfer.TestBDStudentsPagination" name="test_bd_students_pagination_default" time="0.561" /><testcase classname="backend.tests.test_pagination_gzip_cs_transfer.TestBDStudentsPagination" name="test_bd_students_pagination_page_size_25" time="0.584" /><testcase classname="backend.tests.test_pagination_gzip_cs_transfer.TestBDStudentsPagination" name="test_bd_students_as_bd_agent" time="1.519" /><testcase classname="backend.tests.test_pagination_gzip_cs_transfer.TestGZipCompression" name="test_gzip_compression_leads" time="1.251" /><testcase classname="backend.tests.test_pagination_gzip_cs_transfer.TestGZipCompression" name="test_gzip_compression_students" time="0.770" /><testcase classname="backend.tests.test_pagination_gzip_cs_transfer.TestCSAgentTransfer" name="test_student_update_with_cs_agent_name" time="3.465" /><testcase classname="backend.tests.test_pagination_gzip_cs_transfer.TestCSAgentTransfer" name="test_student_update_cs_agent_id_and_name_together" time="2.731" /><testcase classname="backend.tests.test_pagination_gzip_cs_transfer.TestDashboardWithPagination" name="test_dashboard_overall" time="5.364" /><testcase classname="backend.tests.test_pagination_gzip_cs_transfer.TestDashboardWithPagination" name="test_dashboard_stats" time="6.629" /></testsuite></testsuites>