<?xml version="1.0" encoding="utf-8"?><testsuites name="pytest tests"><testsuite name="pytest" errors="0" failures="1" skipped="0" tests="21" time="50.642" timestamp="2026-03-27T02:48:11.012473+00:00" hostname="agent-env-3809a920-e363-4853-ae5a-deead2c7e952"><testcase classname="backend.tests.test_iteration_87_features.TestAuth" name="test_ceo_login" time="23.273" /><testcase classname="backend.tests.test_iteration_87_features.TestAuth" name="test_sales_login" time="0.988" /><testcase classname="backend.tests.test_iteration_87_features.TestExecutiveDashboard" name="test_executive_dashboard_access" time="5.255" /><testcase classname="backend.tests.test_iteration_87_features.TestExecutiveDashboard" name="test_executive_dashboard_kpis_structure" time="2.961" /><testcase classname="backend.tests.test_iteration_87_features.TestExecutiveDashboard" name="test_executive_dashboard_attendance_breakdown" time="3.028" /><testcase classname="backend.tests.test_iteration_87_features.TestExecutiveDashboard" name="test_executive_dashboard_gender_breakdown" time="1.890" /><testcase classname="backend.tests.test_iteration_87_features.TestExecutiveDashboard" name="test_executive_dashboard_monthly_trend" time="1.838" /><testcase classname="backend.tests.test_iteration_87_features.TestExecutiveDashboard" name="test_executive_dashboard_revenue_by_course" time="2.048" /><testcase classname="backend.tests.test_iteration_87_features.TestExecutiveDashboard" name="test_executive_dashboard_top_performers_all_depts" time="0.972" /><testcase classname="backend.tests.test_iteration_87_features.TestExecutiveDashboard" name="test_executive_dashboard_revenue_split" time="0.968" /><testcase classname="backend.tests.test_iteration_87_features.TestExecutiveDashboard" name="test_executive_dashboard_recent_enrollments" time="0.957" /><testcase classname="backend.tests.test_iteration_87_features.TestExecutiveDashboard" name="test_executive_dashboard_restricted_for_non_admin" time="1.295" /><testcase classname="backend.tests.test_iteration_87_features.TestChatUsersStatus" name="test_chat_users_returns_status" time="0.324" /><testcase classname="backend.tests.test_iteration_87_features.TestChatUsersStatus" name="test_chat_heartbeat" time="0.336" /><testcase classname="backend.tests.test_iteration_87_features.TestChatUsersStatus" name="test_chat_conversations_include_participant_status" time="0.744" /><testcase classname="backend.tests.test_iteration_87_features.TestAttendanceGracePeriod" name="test_shifts_grace_period" time="0.357"><failure message="AssertionError: Morning shift grace should be 30, got 15&#10;assert 15 == 30">backend/tests/test_iteration_87_features.py:264: in test_shifts_grace_period
    assert grace == 30, f"Morning shift grace should be 30, got {grace}"
E   AssertionError: Morning shift grace should be 30, got 15
E   assert 15 == 30</failure></testcase><testcase classname="backend.tests.test_iteration_87_features.TestLeaveApprovalAttendance" name="test_leave_requests_endpoint" time="0.320" /><testcase classname="backend.tests.test_iteration_87_features.TestChatAPIs" name="test_chat_users_includes_all_employees" time="0.311" /><testcase classname="backend.tests.test_iteration_87_features.TestChatAPIs" name="test_create_conversation" time="0.697" /><testcase classname="backend.tests.test_iteration_87_features.TestDashboardDataIntegrity" name="test_revenue_totals_match" time="1.002" /><testcase classname="backend.tests.test_iteration_87_features.TestDashboardDataIntegrity" name="test_monthly_trend_has_6_months" time="0.964" /></testsuite></testsuites>