<?xml version="1.0" encoding="utf-8"?><testsuites name="pytest tests"><testsuite name="pytest" errors="0" failures="0" skipped="0" tests="14" time="38.069" timestamp="2026-03-27T17:22:30.038513+00:00" hostname="agent-env-3809a920-e363-4853-ae5a-deead2c7e952"><testcase classname="backend.tests.test_iteration_90_features.TestAuthMe" name="test_auth_me_returns_designation" time="23.599" /><testcase classname="backend.tests.test_iteration_90_features.TestTaskCategories" name="test_get_task_categories" time="1.096" /><testcase classname="backend.tests.test_iteration_90_features.TestTaskManagement" name="test_create_task" time="1.620" /><testcase classname="backend.tests.test_iteration_90_features.TestTaskManagement" name="test_get_tasks" time="0.697" /><testcase classname="backend.tests.test_iteration_90_features.TestTaskManagement" name="test_update_task_status" time="0.888" /><testcase classname="backend.tests.test_iteration_90_features.TestTaskManagement" name="test_delete_task" time="1.337" /><testcase classname="backend.tests.test_iteration_90_features.TestITAssets" name="test_get_it_assets" time="1.330" /><testcase classname="backend.tests.test_iteration_90_features.TestITAssets" name="test_create_it_asset" time="0.668" /><testcase classname="backend.tests.test_iteration_90_features.TestITAssets" name="test_update_it_asset" time="0.986" /><testcase classname="backend.tests.test_iteration_90_features.TestITAssets" name="test_delete_it_asset" time="1.394" /><testcase classname="backend.tests.test_iteration_90_features.TestAttendanceForDate" name="test_get_attendance_for_date" time="1.753" /><testcase classname="backend.tests.test_iteration_90_features.TestCOOAccess" name="test_require_roles_includes_coo" time="0.000" /><testcase classname="backend.tests.test_iteration_90_features.TestSalesUserAccess" name="test_sales_cannot_access_it_assets" time="2.283" /><testcase classname="backend.tests.test_iteration_90_features.TestSalesUserAccess" name="test_sales_can_access_tasks" time="0.331" /></testsuite></testsuites>