<?xml version="1.0" encoding="utf-8"?><testsuites name="pytest tests"><testsuite name="pytest" errors="0" failures="0" skipped="0" tests="11" time="2.670" timestamp="2026-03-14T01:06:10.428802+00:00" hostname="agent-env-00866131-fb5e-4b15-94e1-2fe60a4fc962"><testcase classname="tests.test_new_features_iteration47.TestRoundRobinAPIs" name="test_get_round_robin_status" time="0.663" /><testcase classname="tests.test_new_features_iteration47.TestRoundRobinAPIs" name="test_round_robin_agents_have_required_fields" time="0.128" /><testcase classname="tests.test_new_features_iteration47.TestRoundRobinAPIs" name="test_toggle_agent_pause_resume" time="0.456" /><testcase classname="tests.test_new_features_iteration47.TestTransferRequestsAPIs" name="test_get_transfer_requests_pending" time="0.157" /><testcase classname="tests.test_new_features_iteration47.TestTransferRequestsAPIs" name="test_get_transfer_requests_all_statuses" time="0.151" /><testcase classname="tests.test_new_features_iteration47.TestTransferRequestsAPIs" name="test_get_transfer_requests_by_status_tabs" time="0.456" /><testcase classname="tests.test_new_features_iteration47.TestSalaryEstimationAPI" name="test_get_salary_estimation" time="0.116" /><testcase classname="tests.test_new_features_iteration47.TestSalaryEstimationAPI" name="test_salary_estimation_includes_breakdown" time="0.144" /><testcase classname="tests.test_new_features_iteration47.TestAPIAuthentication" name="test_round_robin_requires_auth" time="0.108" /><testcase classname="tests.test_new_features_iteration47.TestAPIAuthentication" name="test_transfers_requires_auth" time="0.111" /><testcase classname="tests.test_new_features_iteration47.TestAPIAuthentication" name="test_salary_estimation_requires_auth" time="0.112" /></testsuite></testsuites>