<?xml version="1.0" encoding="utf-8"?><testsuites name="pytest tests"><testsuite name="pytest" errors="0" failures="0" skipped="0" tests="18" time="39.115" timestamp="2026-03-23T05:33:53.584868+00:00" hostname="agent-env-5a8e3ba0-e157-4244-bb5c-b04c21e0940c"><testcase classname="backend.tests.test_period_filter.TestLeadsPeriodFilter" name="test_leads_endpoint_accepts_date_params" time="25.555" /><testcase classname="backend.tests.test_period_filter.TestLeadsPeriodFilter" name="test_leads_filter_by_enrolled_at" time="0.678" /><testcase classname="backend.tests.test_period_filter.TestLeadsPeriodFilter" name="test_leads_filter_by_created_at_today" time="0.674" /><testcase classname="backend.tests.test_period_filter.TestLeadsPeriodFilter" name="test_leads_filter_this_week" time="0.674" /><testcase classname="backend.tests.test_period_filter.TestLeadsPeriodFilter" name="test_leads_no_filter_returns_all" time="4.107" /><testcase classname="backend.tests.test_period_filter.TestStudentsPeriodFilter" name="test_students_endpoint_accepts_date_params" time="1.148" /><testcase classname="backend.tests.test_period_filter.TestStudentsPeriodFilter" name="test_students_filter_by_upgrade_date" time="0.675" /><testcase classname="backend.tests.test_period_filter.TestStudentsPeriodFilter" name="test_students_filter_by_deposit_date_activated_only" time="0.676" /><testcase classname="backend.tests.test_period_filter.TestStudentsPeriodFilter" name="test_students_filter_by_deposit_date_without_activated" time="0.672" /><testcase classname="backend.tests.test_period_filter.TestStudentsPeriodFilter" name="test_students_no_filter_returns_all" time="0.760" /><testcase classname="backend.tests.test_period_filter.TestCustomRangePeriodFilter" name="test_leads_custom_range_last_quarter" time="0.296" /><testcase classname="backend.tests.test_period_filter.TestCustomRangePeriodFilter" name="test_students_custom_range_this_year" time="0.739" /><testcase classname="backend.tests.test_period_filter.TestCustomRangePeriodFilter" name="test_leads_custom_single_day" time="0.252" /><testcase classname="backend.tests.test_period_filter.TestPeriodFilterEdgeCases" name="test_leads_invalid_date_format" time="0.256" /><testcase classname="backend.tests.test_period_filter.TestPeriodFilterEdgeCases" name="test_leads_future_date_range" time="0.252" /><testcase classname="backend.tests.test_period_filter.TestPeriodFilterEdgeCases" name="test_students_unknown_date_field" time="0.265" /><testcase classname="backend.tests.test_period_filter.TestPeriodFilterDataVerification" name="test_leads_enrolled_at_data_verification" time="0.692" /><testcase classname="backend.tests.test_period_filter.TestPeriodFilterDataVerification" name="test_students_upgrade_date_data_verification" time="0.674" /></testsuite></testsuites>