<?xml version="1.0" encoding="utf-8"?><testsuites name="pytest tests"><testsuite name="pytest" errors="0" failures="1" skipped="0" tests="21" time="127.467" timestamp="2026-03-28T00:31:44.662243+00:00" hostname="agent-env-3809a920-e363-4853-ae5a-deead2c7e952"><testcase classname="backend.tests.test_iteration_92_ceo_commission_approval.TestCEOCommissionApproval" name="test_ceo_dashboard_returns_sales_and_cs_totals" time="29.244" /><testcase classname="backend.tests.test_iteration_92_ceo_commission_approval.TestCEOCommissionApproval" name="test_ceo_dashboard_includes_sales_commissions_list" time="4.796" /><testcase classname="backend.tests.test_iteration_92_ceo_commission_approval.TestCEOCommissionApproval" name="test_ceo_dashboard_includes_cs_commissions_list" time="4.094" /><testcase classname="backend.tests.test_iteration_92_ceo_commission_approval.TestCEOCommissionApproval" name="test_ceo_can_approve_sales_commissions" time="0.364" /><testcase classname="backend.tests.test_iteration_92_ceo_commission_approval.TestCEOCommissionApproval" name="test_ceo_can_revoke_sales_approval" time="0.320" /><testcase classname="backend.tests.test_iteration_92_ceo_commission_approval.TestCEOCommissionApproval" name="test_ceo_can_approve_cs_commissions" time="0.325" /><testcase classname="backend.tests.test_iteration_92_ceo_commission_approval.TestCEOCommissionApproval" name="test_ceo_can_revoke_cs_approval" time="0.314" /><testcase classname="backend.tests.test_iteration_92_ceo_commission_approval.TestCEOCommissionApproval" name="test_non_ceo_cannot_approve_commissions" time="1.282" /><testcase classname="backend.tests.test_iteration_92_ceo_commission_approval.TestCEOCommissionApproval" name="test_ceo_can_get_transactions" time="2.152" /><testcase classname="backend.tests.test_iteration_92_ceo_commission_approval.TestCEOCommissionApproval" name="test_ceo_can_filter_transactions_by_department" time="1.900" /><testcase classname="backend.tests.test_iteration_92_ceo_commission_approval.TestCEOCommissionApproval" name="test_ceo_can_generate_transactions" time="60.100"><failure message="AssertionError: Expected 200, got 502: The preview environment is not responding. It may be starting up.&#10;  &#10;assert 502 == 200&#10; +  where 502 = &lt;Response [502]&gt;.status_code">backend/tests/test_iteration_92_ceo_commission_approval.py:238: in test_ceo_can_generate_transactions
    assert response.status_code == 200, f"Expected 200, got {response.status_code}: {response.text}"
E   AssertionError: Expected 200, got 502: The preview environment is not responding. It may be starting up.
E     
E   assert 502 == 200
E    +  where 502 = &lt;Response [502]&gt;.status_code</failure></testcase><testcase classname="backend.tests.test_iteration_92_ceo_commission_approval.TestCEOCommissionApproval" name="test_ceo_can_bulk_approve_transactions" time="0.523" /><testcase classname="backend.tests.test_iteration_92_ceo_commission_approval.TestCEOCommissionApproval" name="test_sales_exec_dashboard_returns_approval_status" time="1.376" /><testcase classname="backend.tests.test_iteration_92_ceo_commission_approval.TestCEOCommissionApproval" name="test_sales_exec_sees_my_commission" time="0.966" /><testcase classname="backend.tests.test_iteration_92_ceo_commission_approval.TestCEOCommissionApproval" name="test_sales_exec_can_view_own_transactions" time="0.323" /><testcase classname="backend.tests.test_iteration_92_ceo_commission_approval.TestCEOCommissionApproval" name="test_cs_head_dashboard_returns_approval_status" time="3.609" /><testcase classname="backend.tests.test_iteration_92_ceo_commission_approval.TestCEOCommissionApproval" name="test_cs_head_sees_team_commissions" time="2.662" /><testcase classname="backend.tests.test_iteration_92_ceo_commission_approval.TestCEOCommissionApproval" name="test_approval_status_changes_after_ceo_approval" time="2.510" /><testcase classname="backend.tests.test_iteration_92_ceo_commission_approval.TestCEOCommissionApproval" name="test_cs_approval_status_changes_after_ceo_approval" time="6.046" /><testcase classname="backend.tests.test_iteration_92_ceo_commission_approval.TestCEOCommissionApproval" name="test_ceo_can_drill_down_sales" time="3.715" /><testcase classname="backend.tests.test_iteration_92_ceo_commission_approval.TestCEOCommissionApproval" name="test_ceo_can_drill_down_cs" time="0.732" /></testsuite></testsuites>