<?xml version="1.0" encoding="utf-8"?><testsuites name="pytest tests"><testsuite name="pytest" errors="0" failures="0" skipped="0" tests="9" time="6.093" timestamp="2026-03-10T20:16:46.256254+00:00" hostname="agent-env-58a05732-2fd7-46af-bcf6-a32f7e4bb8b4"><testcase classname="tests.test_upgrade_path_and_welcome_email.TestAuthentication" name="test_login_success" time="0.464" /><testcase classname="tests.test_upgrade_path_and_welcome_email.TestUpgradePathIndicator" name="test_get_students_with_upgrade_history" time="0.479" /><testcase classname="tests.test_upgrade_path_and_welcome_email.TestUpgradePathIndicator" name="test_get_student_upgrade_history_endpoint" time="0.679" /><testcase classname="tests.test_upgrade_path_and_welcome_email.TestUpgradePathIndicator" name="test_courses_api_for_upgrade_levels" time="0.477" /><testcase classname="tests.test_upgrade_path_and_welcome_email.TestWelcomeEmailForEmployees" name="test_create_employee_with_user_endpoint_exists" time="0.531" /><testcase classname="tests.test_upgrade_path_and_welcome_email.TestWelcomeEmailForEmployees" name="test_create_employee_with_welcome_email" time="1.968" /><testcase classname="tests.test_upgrade_path_and_welcome_email.TestWelcomeEmailForEmployees" name="test_welcome_email_template_function" time="0.463" /><testcase classname="tests.test_upgrade_path_and_welcome_email.TestStudentDetailModalFields" name="test_student_has_upgrade_fields" time="0.506" /><testcase classname="tests.test_upgrade_path_and_welcome_email.TestEmailServiceConfiguration" name="test_email_config_status" time="0.477" /></testsuite></testsuites>