<?xml version="1.0" encoding="utf-8"?><testsuites name="pytest tests"><testsuite name="pytest" errors="0" failures="1" skipped="0" tests="12" time="78.241" timestamp="2026-03-23T04:43:17.644773+00:00" hostname="agent-env-5a8e3ba0-e157-4244-bb5c-b04c21e0940c"><testcase classname="backend.tests.test_iteration_60_features.TestMentorMonthlyClosings" name="test_monthly_closings_endpoint_exists" time="32.419" /><testcase classname="backend.tests.test_iteration_60_features.TestMentorMonthlyClosings" name="test_monthly_closings_response_structure" time="5.933" /><testcase classname="backend.tests.test_iteration_60_features.TestMentorMonthlyClosings" name="test_monthly_closings_student_fields" time="5.496" /><testcase classname="backend.tests.test_iteration_60_features.TestMentorMonthlyClosings" name="test_monthly_closings_with_month_param" time="5.494" /><testcase classname="backend.tests.test_iteration_60_features.TestMentorMonthlyClosings" name="test_monthly_closings_totals_calculation" time="5.460" /><testcase classname="backend.tests.test_iteration_60_features.TestCSKanbanLastUpgradeDate" name="test_students_endpoint_returns_last_upgrade_date" time="3.340" /><testcase classname="backend.tests.test_iteration_60_features.TestCSKanbanLastUpgradeDate" name="test_students_endpoint_structure" time="2.341" /><testcase classname="backend.tests.test_iteration_60_features.TestCustomerMasterNetLTV" name="test_customers_endpoint_returns_net_ltv" time="1.744" /><testcase classname="backend.tests.test_iteration_60_features.TestCustomerMasterNetLTV" name="test_customer_detail_returns_mentor_data" time="3.111" /><testcase classname="backend.tests.test_iteration_60_features.TestCustomerMasterNetLTV" name="test_net_ltv_calculation" time="1.952" /><testcase classname="backend.tests.test_iteration_60_features.TestCustomerMasterNetLTV" name="test_customers_sortable_by_net_ltv" time="2.146"><failure message="AssertionError: Customers not sorted by net_ltv desc: 1999.0 &lt; 2604.0&#10;assert 1999.0 &gt;= 2604.0">backend/tests/test_iteration_60_features.py:256: in test_customers_sortable_by_net_ltv
    assert ltv1 &gt;= ltv2, f"Customers not sorted by net_ltv desc: {ltv1} &lt; {ltv2}"
E   AssertionError: Customers not sorted by net_ltv desc: 1999.0 &lt; 2604.0
E   assert 1999.0 &gt;= 2604.0</failure></testcase><testcase classname="backend.tests.test_iteration_60_features.TestIntegration" name="test_all_endpoints_accessible" time="8.712" /></testsuite></testsuites>