<?xml version="1.0" encoding="utf-8"?><testsuites name="pytest tests"><testsuite name="pytest" errors="0" failures="0" skipped="0" tests="23" time="17.129" timestamp="2026-03-26T01:24:39.319492+00:00" hostname="agent-env-3809a920-e363-4853-ae5a-deead2c7e952"><testcase classname="backend.tests.test_mt5_integration.TestMT5StatusEndpoint" name="test_admin_can_access_mt5_status" time="1.756" /><testcase classname="backend.tests.test_mt5_integration.TestMT5StatusEndpoint" name="test_cs_head_can_access_mt5_status" time="1.924" /><testcase classname="backend.tests.test_mt5_integration.TestMT5StatusEndpoint" name="test_mentor_cannot_access_mt5_status" time="1.077" /><testcase classname="backend.tests.test_mt5_integration.TestMT5LinkedStudentsEndpoint" name="test_admin_can_get_linked_students" time="0.536" /><testcase classname="backend.tests.test_mt5_integration.TestMT5LinkedStudentsEndpoint" name="test_linked_students_search" time="0.552" /><testcase classname="backend.tests.test_mt5_integration.TestMT5LinkedStudentsEndpoint" name="test_linked_students_pagination" time="1.104" /><testcase classname="backend.tests.test_mt5_integration.TestMT5LinkedStudentsEndpoint" name="test_mentor_cannot_access_linked_students" time="0.108" /><testcase classname="backend.tests.test_mt5_integration.TestMT5LinkStudent" name="test_admin_can_link_student" time="1.834" /><testcase classname="backend.tests.test_mt5_integration.TestMT5LinkStudent" name="test_link_requires_student_id_and_mt5_account" time="0.225" /><testcase classname="backend.tests.test_mt5_integration.TestMT5LinkStudent" name="test_link_fails_for_nonexistent_student" time="0.314" /><testcase classname="backend.tests.test_mt5_integration.TestMT5LinkStudent" name="test_mentor_cannot_link_student" time="0.101" /><testcase classname="backend.tests.test_mt5_integration.TestMT5DuplicateCheck" name="test_cannot_link_same_mt5_to_two_students" time="2.531" /><testcase classname="backend.tests.test_mt5_integration.TestMT5UnlinkStudent" name="test_admin_can_unlink_student" time="1.513" /><testcase classname="backend.tests.test_mt5_integration.TestMT5UnlinkStudent" name="test_unlink_requires_student_id" time="0.108" /><testcase classname="backend.tests.test_mt5_integration.TestMT5UnlinkStudent" name="test_mentor_cannot_unlink_student" time="0.111" /><testcase classname="backend.tests.test_mt5_integration.TestMT5SyncEndpoint" name="test_admin_can_trigger_sync" time="0.831" /><testcase classname="backend.tests.test_mt5_integration.TestMT5SyncEndpoint" name="test_cs_head_can_trigger_sync" time="0.830" /><testcase classname="backend.tests.test_mt5_integration.TestMT5SyncEndpoint" name="test_mentor_cannot_trigger_sync" time="0.099" /><testcase classname="backend.tests.test_mt5_integration.TestMT5SyncLogs" name="test_admin_can_get_sync_logs" time="0.354" /><testcase classname="backend.tests.test_mt5_integration.TestMT5SyncLogs" name="test_sync_logs_limit" time="0.390" /><testcase classname="backend.tests.test_mt5_integration.TestMT5SyncLogs" name="test_mentor_cannot_get_sync_logs" time="0.110" /><testcase classname="backend.tests.test_mt5_integration.TestMT5RoleAccess" name="test_all_admin_cs_roles_have_access" time="0.000" /><testcase classname="backend.tests.test_mt5_integration.TestMT5RoleAccess" name="test_mentor_role_excluded" time="0.657" /></testsuite></testsuites>