<?xml version="1.0" encoding="utf-8"?><testsuites name="pytest tests"><testsuite name="pytest" errors="0" failures="0" skipped="0" tests="12" time="50.843" timestamp="2026-03-18T15:39:13.629503+00:00" hostname="agent-env-0269efe7-e448-4807-9780-e6665af2d6a9"><testcase classname="backend.tests.test_p0_features_56.TestAuthAndSetup" name="test_super_admin_login" time="19.877" /><testcase classname="backend.tests.test_p0_features_56.TestAuthAndSetup" name="test_sales_executive_login" time="0.832" /><testcase classname="backend.tests.test_p0_features_56.TestSuperAdminDirectLeadAssignment" name="test_super_admin_create_lead_with_direct_assignment" time="3.912" /><testcase classname="backend.tests.test_p0_features_56.TestSuperAdminDirectLeadAssignment" name="test_super_admin_create_lead_without_assignment_uses_round_robin" time="4.974" /><testcase classname="backend.tests.test_p0_features_56.TestSuperAdminDirectLeadAssignment" name="test_get_sales_agents_for_dropdown" time="1.329" /><testcase classname="backend.tests.test_p0_features_56.TestCustomerMasterSorting" name="test_get_customers_sorted_by_total_spent_desc" time="1.315" /><testcase classname="backend.tests.test_p0_features_56.TestCustomerMasterSorting" name="test_get_customers_sorted_by_total_spent_asc" time="1.296" /><testcase classname="backend.tests.test_p0_features_56.TestCustomerMasterSorting" name="test_invalid_sort_field_defaults_to_created_at" time="1.294" /><testcase classname="backend.tests.test_p0_features_56.TestRejectedLeadsInPool" name="test_rejected_lead_appears_in_pool" time="6.007" /><testcase classname="backend.tests.test_p0_features_56.TestRejectedLeadsInPool" name="test_pool_endpoint_includes_rejected_stage" time="1.309" /><testcase classname="backend.tests.test_p0_features_56.TestDuplicateLeadDetection" name="test_duplicate_phone_returns_409" time="4.781" /><testcase classname="backend.tests.test_p0_features_56.TestNonSuperAdminCannotDirectAssign" name="test_sales_exec_lead_uses_round_robin" time="3.836" /></testsuite></testsuites>