<?xml version="1.0" encoding="utf-8"?><testsuites name="pytest tests"><testsuite name="pytest" errors="0" failures="0" skipped="4" tests="23" time="43.901" timestamp="2026-02-27T01:30:50.720916+00:00" hostname="agent-env-57652549-c565-4241-8444-869e706ee303"><testcase classname="backend.tests.test_comprehensive_features.TestBioCloudSync" name="test_biocloud_status" time="1.062" /><testcase classname="backend.tests.test_comprehensive_features.TestBioCloudSync" name="test_biocloud_fetch_attendance" time="20.291" /><testcase classname="backend.tests.test_comprehensive_features.TestBioCloudSync" name="test_biocloud_fetch_with_date" time="20.374" /><testcase classname="backend.tests.test_comprehensive_features.TestPayrollModule" name="test_payroll_batches_list" time="0.079" /><testcase classname="backend.tests.test_comprehensive_features.TestPayrollModule" name="test_payroll_run_duplicate_check" time="0.067" /><testcase classname="backend.tests.test_comprehensive_features.TestPayrollModule" name="test_payroll_list" time="0.058" /><testcase classname="backend.tests.test_comprehensive_features.TestRoundRobinDistribution" name="test_create_lead_with_assignment" time="0.125" /><testcase classname="backend.tests.test_comprehensive_features.TestFollowups" name="test_todays_followups" time="0.063" /><testcase classname="backend.tests.test_comprehensive_features.TestFollowups" name="test_upcoming_followups" time="0.062" /><testcase classname="backend.tests.test_comprehensive_features.TestViewAsDashboard" name="test_viewable_users_super_admin" time="0.066" /><testcase classname="backend.tests.test_comprehensive_features.TestViewAsDashboard" name="test_viewable_users_team_leader" time="0.440"><skipped type="pytest.skip" message="Team leader login failed: {&quot;detail&quot;:&quot;Invalid credentials&quot;}">/app/backend/tests/test_comprehensive_features.py:229: Team leader login failed: {"detail":"Invalid credentials"}</skipped></testcase><testcase classname="backend.tests.test_comprehensive_features.TestViewAsDashboard" name="test_dashboard_stats_view_as" time="0.115" /><testcase classname="backend.tests.test_comprehensive_features.TestViewAsDashboard" name="test_dashboard_stats_unauthorized_view" time="0.000"><skipped type="pytest.skip" message="Team leader login failed: {&quot;detail&quot;:&quot;Invalid credentials&quot;}">/app/backend/tests/test_comprehensive_features.py:272: Team leader login failed: {"detail":"Invalid credentials"}</skipped></testcase><testcase classname="backend.tests.test_comprehensive_features.TestLeadReassignment" name="test_get_available_agents" time="0.063" /><testcase classname="backend.tests.test_comprehensive_features.TestLeadReassignment" name="test_get_pending_approvals" time="0.057" /><testcase classname="backend.tests.test_comprehensive_features.TestLeadReassignment" name="test_get_all_reassignment_requests" time="0.061" /><testcase classname="backend.tests.test_comprehensive_features.TestLeadReassignment" name="test_reassignment_workflow_admin_direct" time="0.273" /><testcase classname="backend.tests.test_comprehensive_features.TestTeamLeaderReassignment" name="test_team_leader_available_agents" time="0.000"><skipped type="pytest.skip" message="Team leader login failed: {&quot;detail&quot;:&quot;Invalid credentials&quot;}">/app/backend/tests/test_comprehensive_features.py:375: Team leader login failed: {"detail":"Invalid credentials"}</skipped></testcase><testcase classname="backend.tests.test_comprehensive_features.TestTeamLeaderReassignment" name="test_team_leader_reassignment_request" time="0.000"><skipped type="pytest.skip" message="Team leader login failed: {&quot;detail&quot;:&quot;Invalid credentials&quot;}">/app/backend/tests/test_comprehensive_features.py:384: Team leader login failed: {"detail":"Invalid credentials"}</skipped></testcase><testcase classname="backend.tests.test_comprehensive_features.TestAccessControl" name="test_users_list" time="0.111" /><testcase classname="backend.tests.test_comprehensive_features.TestAccessControl" name="test_user_permissions_update" time="0.153" /><testcase classname="backend.tests.test_comprehensive_features.TestSalesCRM" name="test_get_leads" time="0.112" /><testcase classname="backend.tests.test_comprehensive_features.TestSalesCRM" name="test_lead_detail_from_list" time="0.208" /></testsuite></testsuites>