<?xml version="1.0" encoding="utf-8"?><testsuites name="pytest tests"><testsuite name="pytest" errors="0" failures="4" skipped="12" tests="16" time="685.513" timestamp="2026-03-25T10:52:17.895415+00:00" hostname="agent-env-3809a920-e363-4853-ae5a-deead2c7e952"><testcase classname="backend.tests.test_p0_iteration_77.TestAuthentication" name="test_ceo_login" time="60.190"><failure message="AssertionError: CEO login failed: The preview environment is not responding. It may be starting up.&#10;  &#10;assert 502 == 200&#10; +  where 502 = &lt;Response [502]&gt;.status_code">backend/tests/test_p0_iteration_77.py:27: in test_ceo_login
    assert response.status_code == 200, f"CEO login failed: {response.text}"
E   AssertionError: CEO login failed: The preview environment is not responding. It may be starting up.
E     
E   assert 502 == 200
E    +  where 502 = &lt;Response [502]&gt;.status_code</failure></testcase><testcase classname="backend.tests.test_p0_iteration_77.TestAuthentication" name="test_team_leader_login" time="52.437"><failure message="AssertionError: Team Leader login failed: Worker error: Network connection lost.&#10;assert 500 == 200&#10; +  where 500 = &lt;Response [500]&gt;.status_code">backend/tests/test_p0_iteration_77.py:36: in test_team_leader_login
    assert response.status_code == 200, f"Team Leader login failed: {response.text}"
E   AssertionError: Team Leader login failed: Worker error: Network connection lost.
E   assert 500 == 200
E    +  where 500 = &lt;Response [500]&gt;.status_code</failure></testcase><testcase classname="backend.tests.test_p0_iteration_77.TestAuthentication" name="test_cs_head_login" time="60.159"><failure message="AssertionError: CS Head login failed: The preview environment is not responding. It may be starting up.&#10;  &#10;assert 502 == 200&#10; +  where 502 = &lt;Response [502]&gt;.status_code">backend/tests/test_p0_iteration_77.py:46: in test_cs_head_login
    assert response.status_code == 200, f"CS Head login failed: {response.text}"
E   AssertionError: CS Head login failed: The preview environment is not responding. It may be starting up.
E     
E   assert 502 == 200
E    +  where 502 = &lt;Response [502]&gt;.status_code</failure></testcase><testcase classname="backend.tests.test_p0_iteration_77.TestAuthentication" name="test_cs_agent_login" time="60.203"><failure message="AssertionError: CS Agent login failed: The preview environment is not responding. It may be starting up.&#10;  &#10;assert 502 == 200&#10; +  where 502 = &lt;Response [502]&gt;.status_code">backend/tests/test_p0_iteration_77.py:56: in test_cs_agent_login
    assert response.status_code == 200, f"CS Agent login failed: {response.text}"
E   AssertionError: CS Agent login failed: The preview environment is not responding. It may be starting up.
E     
E   assert 502 == 200
E    +  where 502 = &lt;Response [502]&gt;.status_code</failure></testcase><testcase classname="backend.tests.test_p0_iteration_77.TestLeadsAPIForTeamLeader" name="test_team_leader_can_fetch_all_leads" time="60.223"><skipped type="pytest.skip" message="Team Leader authentication failed">/app/backend/tests/test_p0_iteration_77.py:102: Team Leader authentication failed</skipped></testcase><testcase classname="backend.tests.test_p0_iteration_77.TestLeadsAPIForTeamLeader" name="test_team_leader_can_filter_own_leads" time="60.183"><skipped type="pytest.skip" message="Team Leader authentication failed">/app/backend/tests/test_p0_iteration_77.py:112: Team Leader authentication failed</skipped></testcase><testcase classname="backend.tests.test_p0_iteration_77.TestLeadsAPIWithPeriodFilter" name="test_leads_with_this_month_filter" time="60.182"><skipped type="pytest.skip" message="CEO authentication failed">/app/backend/tests/test_p0_iteration_77.py:136: CEO authentication failed</skipped></testcase><testcase classname="backend.tests.test_p0_iteration_77.TestStudentsAPIWithPeriodFilter" name="test_students_with_this_month_filter" time="60.228"><skipped type="pytest.skip" message="CS Head authentication failed">/app/backend/tests/test_p0_iteration_77.py:166: CS Head authentication failed</skipped></testcase><testcase classname="backend.tests.test_p0_iteration_77.TestCSCommissionTransactions" name="test_cs_commission_transactions_exist" time="60.249"><skipped type="pytest.skip" message="CEO authentication failed">/app/backend/tests/test_p0_iteration_77.py:194: CEO authentication failed</skipped></testcase><testcase classname="backend.tests.test_p0_iteration_77.TestCSCommissionTransactions" name="test_cs_commission_for_nasida" time="7.109"><skipped type="pytest.skip" message="CEO authentication failed">/app/backend/tests/test_p0_iteration_77.py:215: CEO authentication failed</skipped></testcase><testcase classname="backend.tests.test_p0_iteration_77.TestCSCommissionTransactions" name="test_cs_commission_for_della" time="60.114"><skipped type="pytest.skip" message="CEO authentication failed">/app/backend/tests/test_p0_iteration_77.py:246: CEO authentication failed</skipped></testcase><testcase classname="backend.tests.test_p0_iteration_77.TestCommissionDashboard" name="test_ceo_commission_dashboard_has_cs_data" time="60.222"><skipped type="pytest.skip" message="CEO authentication failed">/app/backend/tests/test_p0_iteration_77.py:278: CEO authentication failed</skipped></testcase><testcase classname="backend.tests.test_p0_iteration_77.TestCommissionDashboard" name="test_cs_head_sees_team_commission" time="23.551"><skipped type="pytest.skip" message="CS Head authentication failed">/app/backend/tests/test_p0_iteration_77.py:296: CS Head authentication failed</skipped></testcase><testcase classname="backend.tests.test_p0_iteration_77.TestCSUpgradesCollection" name="test_cs_upgrades_have_date_field" time="0.114"><skipped type="pytest.skip" message="CEO authentication failed">/app/backend/tests/test_p0_iteration_77.py:308: CEO authentication failed</skipped></testcase><testcase classname="backend.tests.test_p0_iteration_77.TestUserRoles" name="test_team_leader_role" time="0.111"><skipped type="pytest.skip" message="Team Leader authentication failed">/app/backend/tests/test_p0_iteration_77.py:329: Team Leader authentication failed</skipped></testcase><testcase classname="backend.tests.test_p0_iteration_77.TestUserRoles" name="test_cs_head_role" time="0.114"><skipped type="pytest.skip" message="CS Head authentication failed">/app/backend/tests/test_p0_iteration_77.py:342: CS Head authentication failed</skipped></testcase></testsuite></testsuites>