<?xml version="1.0" encoding="utf-8"?><testsuites name="pytest tests"><testsuite name="pytest" errors="0" failures="0" skipped="0" tests="5" time="32.407" timestamp="2026-03-30T08:30:15.882717+00:00" hostname="agent-env-3809a920-e363-4853-ae5a-deead2c7e952"><testcase classname="backend.tests.test_iteration_106_redeposit.TestBDRecordRedeposit" name="test_bd_record_redeposit_cycles_to_new_student" time="25.762" /><testcase classname="backend.tests.test_iteration_106_redeposit.TestMentorClosedCycle" name="test_mentor_closed_cycles_to_new_student" time="3.250" /><testcase classname="backend.tests.test_iteration_106_redeposit.TestRedepositCountBadge" name="test_bd_students_include_redeposit_count" time="0.526" /><testcase classname="backend.tests.test_iteration_106_redeposit.TestRedepositCountBadge" name="test_mentor_students_include_redeposit_count" time="0.736" /><testcase classname="backend.tests.test_iteration_106_redeposit.TestBDStageUpdate" name="test_bd_stage_update" time="2.069" /></testsuite></testsuites>