<?xml version="1.0" encoding="utf-8"?><testsuites name="pytest tests"><testsuite name="pytest" errors="0" failures="0" skipped="0" tests="20" time="57.435" timestamp="2026-03-24T08:13:42.198532+00:00" hostname="agent-env-4ae499ab-30d1-4d70-be05-89f45c2db1ce"><testcase classname="backend.tests.test_student_merge_system.TestStudentMergeSystem" name="test_duplicate_detection_endpoint_exists" time="23.594" /><testcase classname="backend.tests.test_student_merge_system.TestStudentMergeSystem" name="test_duplicate_detection_returns_match_score" time="2.139" /><testcase classname="backend.tests.test_student_merge_system.TestStudentMergeSystem" name="test_duplicate_detection_excludes_merged_students" time="2.116" /><testcase classname="backend.tests.test_student_merge_system.TestStudentMergeSystem" name="test_duplicate_detection_invalid_student" time="1.013" /><testcase classname="backend.tests.test_student_merge_system.TestStudentMergeSystem" name="test_merge_preview_endpoint" time="3.407" /><testcase classname="backend.tests.test_student_merge_system.TestStudentMergeSystem" name="test_merge_preview_transactions_summary" time="3.438" /><testcase classname="backend.tests.test_student_merge_system.TestStudentMergeSystem" name="test_merge_preview_invalid_student" time="1.288" /><testcase classname="backend.tests.test_student_merge_system.TestStudentMergeSystem" name="test_get_merge_requests" time="1.003" /><testcase classname="backend.tests.test_student_merge_system.TestStudentMergeSystem" name="test_get_merge_requests_with_status_filter" time="1.793" /><testcase classname="backend.tests.test_student_merge_system.TestStudentMergeSystem" name="test_merge_request_status_values" time="1.033" /><testcase classname="backend.tests.test_student_merge_system.TestStudentMergeSystem" name="test_approved_merge_request_exists" time="1.042" /><testcase classname="backend.tests.test_student_merge_system.TestStudentMergeSystem" name="test_approve_endpoint_requires_valid_request" time="1.019" /><testcase classname="backend.tests.test_student_merge_system.TestStudentMergeSystem" name="test_reject_endpoint_requires_valid_request" time="1.074" /><testcase classname="backend.tests.test_student_merge_system.TestStudentMergeSystem" name="test_cannot_approve_already_approved_request" time="1.255" /><testcase classname="backend.tests.test_student_merge_system.TestStudentMergeSystem" name="test_cannot_reject_already_approved_request" time="1.249" /><testcase classname="backend.tests.test_student_merge_system.TestStudentMergeSystem" name="test_merged_students_excluded_from_listing" time="1.855" /><testcase classname="backend.tests.test_student_merge_system.TestStudentMergeSystem" name="test_merged_student_has_correct_stage" time="1.129" /><testcase classname="backend.tests.test_student_merge_system.TestStudentMergeSystem" name="test_create_merge_request_duplicate_check" time="5.851" /><testcase classname="backend.tests.test_student_merge_system.TestMergeRequestStructure" name="test_merge_request_has_all_required_fields" time="1.027" /><testcase classname="backend.tests.test_student_merge_system.TestMergeRequestStructure" name="test_approved_request_has_approval_fields" time="1.011" /></testsuite></testsuites>