<?xml version="1.0" encoding="utf-8"?><testsuites name="pytest tests"><testsuite name="pytest" errors="0" failures="2" skipped="3" tests="14" time="42.989" timestamp="2026-03-18T11:09:31.126359+00:00" hostname="agent-env-180d8535-a379-4e20-a7d7-8e9d78b92bd0"><testcase classname="backend.tests.test_course_catalog_commissions.TestGetCourseCatalog" name="test_get_course_catalog_returns_items" time="21.357" /><testcase classname="backend.tests.test_course_catalog_commissions.TestGetCourseCatalog" name="test_course_catalog_items_have_commission_fields" time="0.478" /><testcase classname="backend.tests.test_course_catalog_commissions.TestCreateCourseCatalogItem" name="test_create_item_with_commission_fields" time="0.478"><failure message="AssertionError: Expected 201, got 200: {&quot;id&quot;:&quot;dade2d9f-e31b-4d1f-ad14-71ced93215c7&quot;,&quot;name&quot;:&quot;TEST_Course_With_Commission&quot;,&quot;price&quot;:5000.0,&quot;type&quot;:&quot;course&quot;,&quot;is_active&quot;:true,&quot;commission_sales_executive&quot;:150.0,&quot;commission_team_leader&quot;:100.0,&quot;commission_sales_manager&quot;:50.0,&quot;created_at&quot;:&quot;2026-03-18T11:09:53.281571+00:00&quot;,&quot;updated_at&quot;:&quot;2026-03-18T11:09:53.281571+00:00&quot;}&#10;assert 200 == 201&#10; +  where 200 = &lt;Response [200]&gt;.status_code">backend/tests/test_course_catalog_commissions.py:110: in test_create_item_with_commission_fields
    assert response.status_code == 201, f"Expected 201, got {response.status_code}: {response.text}"
E   AssertionError: Expected 201, got 200: {"id":"dade2d9f-e31b-4d1f-ad14-71ced93215c7","name":"TEST_Course_With_Commission","price":5000.0,"type":"course","is_active":true,"commission_sales_executive":150.0,"commission_team_leader":100.0,"commission_sales_manager":50.0,"created_at":"2026-03-18T11:09:53.281571+00:00","updated_at":"2026-03-18T11:09:53.281571+00:00"}
E   assert 200 == 201
E    +  where 200 = &lt;Response [200]&gt;.status_code</failure></testcase><testcase classname="backend.tests.test_course_catalog_commissions.TestCreateCourseCatalogItem" name="test_create_addon_with_commission" time="0.486"><failure message="assert 200 == 201&#10; +  where 200 = &lt;Response [200]&gt;.status_code">backend/tests/test_course_catalog_commissions.py:140: in test_create_addon_with_commission
    assert response.status_code == 201
E   assert 200 == 201
E    +  where 200 = &lt;Response [200]&gt;.status_code</failure></testcase><testcase classname="backend.tests.test_course_catalog_commissions.TestUpdateCourseCatalogItem" name="test_update_commission_fields" time="1.888" /><testcase classname="backend.tests.test_course_catalog_commissions.TestBulkActions" name="test_bulk_deactivate" time="1.575"><skipped type="pytest.skip" message="No test items created">/app/backend/tests/test_course_catalog_commissions.py:247: No test items created</skipped></testcase><testcase classname="backend.tests.test_course_catalog_commissions.TestBulkActions" name="test_bulk_activate" time="1.447"><skipped type="pytest.skip" message="No test items created">/app/backend/tests/test_course_catalog_commissions.py:275: No test items created</skipped></testcase><testcase classname="backend.tests.test_course_catalog_commissions.TestBulkActions" name="test_bulk_delete" time="2.433"><skipped type="pytest.skip" message="Could not create items for delete test">/app/backend/tests/test_course_catalog_commissions.py:322: Could not create items for delete test</skipped></testcase><testcase classname="backend.tests.test_course_catalog_commissions.TestBulkActions" name="test_bulk_action_invalid_action" time="1.703" /><testcase classname="backend.tests.test_course_catalog_commissions.TestBulkActions" name="test_bulk_action_empty_ids" time="1.712" /><testcase classname="backend.tests.test_course_catalog_commissions.TestBulkActions" name="test_bulk_action_requires_admin" time="2.581" /><testcase classname="backend.tests.test_course_catalog_commissions.TestHistoricalImportTemplate" name="test_template_download_returns_xlsx" time="5.523" /><testcase classname="backend.tests.test_course_catalog_commissions.TestHistoricalImportTemplate" name="test_template_info_endpoint" time="0.261" /><testcase classname="backend.tests.test_course_catalog_commissions.TestCleanup" name="test_cleanup_test_items" time="0.960" /></testsuite></testsuites>