<?xml version="1.0" encoding="utf-8"?><testsuites name="pytest tests"><testsuite name="pytest" errors="0" failures="0" skipped="0" tests="21" time="9.027" timestamp="2026-02-22T19:16:11.274019+00:00" hostname="agent-env-43ca0dea-698a-42ed-95e4-04df915fe6d6"><testcase classname="backend.tests.test_new_features.TestAuth" name="test_super_admin_login" time="0.427" /><testcase classname="backend.tests.test_new_features.TestAuth" name="test_team_leader_login" time="0.371" /><testcase classname="backend.tests.test_new_features.TestAuth" name="test_sales_exec_login" time="0.365" /><testcase classname="backend.tests.test_new_features.TestQuickStatsAPI" name="test_quick_stats_super_admin" time="0.386" /><testcase classname="backend.tests.test_new_features.TestQuickStatsAPI" name="test_quick_stats_returns_role_appropriate_data" time="0.469" /><testcase classname="backend.tests.test_new_features.TestMentorLeaderboard" name="test_mentor_leaderboard_default_period" time="0.416" /><testcase classname="backend.tests.test_new_features.TestMentorLeaderboard" name="test_mentor_leaderboard_monthly" time="0.428" /><testcase classname="backend.tests.test_new_features.TestMentorLeaderboard" name="test_mentor_leaderboard_all_time" time="0.405" /><testcase classname="backend.tests.test_new_features.TestCommissionRules" name="test_get_commission_rules" time="0.389" /><testcase classname="backend.tests.test_new_features.TestCommissionRules" name="test_create_commission_rule" time="0.394" /><testcase classname="backend.tests.test_new_features.TestCommissionRules" name="test_update_commission_rule" time="0.377" /><testcase classname="backend.tests.test_new_features.TestCommissionRules" name="test_delete_commission_rule" time="0.382" /><testcase classname="backend.tests.test_new_features.TestBankReconciliation" name="test_reconciliation_summary" time="0.518" /><testcase classname="backend.tests.test_new_features.TestBankReconciliation" name="test_bank_statements_list" time="0.636" /><testcase classname="backend.tests.test_new_features.TestUserProfile" name="test_get_current_user" time="0.422" /><testcase classname="backend.tests.test_new_features.TestUserProfile" name="test_update_profile_bio" time="0.468" /><testcase classname="backend.tests.test_new_features.TestUserProfile" name="test_update_profile_additional_phones" time="0.397" /><testcase classname="backend.tests.test_new_features.TestTeamBasedLeadFiltering" name="test_super_admin_sees_all_leads" time="0.389" /><testcase classname="backend.tests.test_new_features.TestTeamBasedLeadFiltering" name="test_team_leader_lead_filtering" time="0.384" /><testcase classname="backend.tests.test_new_features.TestTeamBasedLeadFiltering" name="test_sales_executive_lead_filtering" time="0.415" /><testcase classname="backend.tests.test_new_features.TestTeamsAPI" name="test_list_teams" time="0.453" /></testsuite></testsuites>