<?xml version="1.0" encoding="utf-8"?><testsuites name="pytest tests"><testsuite name="pytest" errors="0" failures="0" skipped="0" tests="11" time="3.763" timestamp="2026-02-27T09:58:01.891355+00:00" hostname="agent-env-0001a0ed-b4f6-4ac8-b434-e582b7f8adaf"><testcase classname="backend.tests.test_sshr_module.TestAuthentication" name="test_login_success" time="0.493" /><testcase classname="backend.tests.test_sshr_module.TestCompanyDocuments" name="test_get_company_documents" time="0.481" /><testcase classname="backend.tests.test_sshr_module.TestCompanyDocuments" name="test_create_company_document" time="0.208" /><testcase classname="backend.tests.test_sshr_module.TestCompanyDocuments" name="test_update_company_document" time="0.334" /><testcase classname="backend.tests.test_sshr_module.TestCompanyDocuments" name="test_delete_company_document" time="0.315" /><testcase classname="backend.tests.test_sshr_module.TestCompanyDocuments" name="test_get_expiring_documents" time="0.100" /><testcase classname="backend.tests.test_sshr_module.TestCompanyDocuments" name="test_invalid_document_update_404" time="0.101" /><testcase classname="backend.tests.test_sshr_module.TestPayslips" name="test_get_payslips" time="0.432" /><testcase classname="backend.tests.test_sshr_module.TestPayslips" name="test_get_payslips_with_year_filter" time="0.103" /><testcase classname="backend.tests.test_sshr_module.TestHRApprovalQueue" name="test_get_pending_approvals" time="0.431" /><testcase classname="backend.tests.test_sshr_module.TestCleanup" name="test_cleanup_test_documents" time="0.647" /></testsuite></testsuites>