<?xml version="1.0" encoding="utf-8"?><testsuites name="pytest tests"><testsuite name="pytest" errors="0" failures="1" skipped="0" tests="11" time="6.546" timestamp="2026-02-22T21:02:53.866593+00:00" hostname="agent-env-0f33a5bf-39af-40d5-a13c-391e44f9f6e2"><testcase classname="backend.tests.test_user_employee_sync.TestUserEmployeeSync" name="test_01_login_super_admin" time="0.749" /><testcase classname="backend.tests.test_user_employee_sync.TestUserEmployeeSync" name="test_02_create_user_with_employee_record" time="0.611"><failure message="KeyError: 'created_via'">backend/tests/test_user_employee_sync.py:115: in test_02_create_user_with_employee_record
    assert employee["created_via"] == "user_management"
           ^^^^^^^^^^^^^^^^^^^^^^^
E   KeyError: 'created_via'</failure></testcase><testcase classname="backend.tests.test_user_employee_sync.TestUserEmployeeSync" name="test_03_update_user_deactivate_syncs_to_employee_terminated" time="0.588" /><testcase classname="backend.tests.test_user_employee_sync.TestUserEmployeeSync" name="test_04_update_user_reactivate_syncs_to_employee_active" time="0.357" /><testcase classname="backend.tests.test_user_employee_sync.TestUserEmployeeSync" name="test_05_sync_department_change" time="0.363" /><testcase classname="backend.tests.test_user_employee_sync.TestUserEmployeeSync" name="test_06_sync_role_change" time="0.778" /><testcase classname="backend.tests.test_user_employee_sync.TestUserEmployeeSync" name="test_07_sync_full_name_change" time="0.365" /><testcase classname="backend.tests.test_user_employee_sync.TestUserEmployeeSync" name="test_08_create_user_without_employee_record" time="0.346" /><testcase classname="backend.tests.test_user_employee_sync.TestUserEmployeeSync" name="test_09_delete_user_terminates_employee" time="1.138" /><testcase classname="backend.tests.test_user_employee_sync.TestEmployeeCreateUserAccount" name="test_01_create_employee_with_user_account" time="1.176" /><testcase classname="backend.tests.test_user_employee_sync.TestFrontendUIElements" name="test_users_page_has_create_employee_toggle" time="0.000" /></testsuite></testsuites>