<?xml version="1.0" encoding="utf-8"?><testsuites name="pytest tests"><testsuite name="pytest" errors="0" failures="0" skipped="0" tests="12" time="30.276" timestamp="2026-03-17T06:33:00.635284+00:00" hostname="agent-env-6e28c26e-9d73-4640-bde4-863c4ab6d93e"><testcase classname="backend.tests.test_sales_commission_system.TestSalesExecutiveCommission" name="test_commission_info_for_sales_executive" time="20.042" /><testcase classname="backend.tests.test_sales_commission_system.TestSalesExecutiveCommission" name="test_commission_unlock_logic" time="1.011" /><testcase classname="backend.tests.test_sales_commission_system.TestTeamLeaderCommission" name="test_find_team_leader_for_testing" time="1.338" /><testcase classname="backend.tests.test_sales_commission_system.TestSuperAdminCommission" name="test_commission_info_not_applicable_for_super_admin" time="1.314" /><testcase classname="backend.tests.test_sales_commission_system.TestHistoricalSalesImport" name="test_historical_sales_template_endpoint" time="1.111" /><testcase classname="backend.tests.test_sales_commission_system.TestHistoricalSalesImport" name="test_historical_sales_import_endpoint_exists" time="0.376" /><testcase classname="backend.tests.test_sales_commission_system.TestHistoricalSalesImport" name="test_import_requires_admin_role" time="1.095" /><testcase classname="backend.tests.test_sales_commission_system.TestExistingDashboardComponents" name="test_lead_funnel_endpoint" time="1.310" /><testcase classname="backend.tests.test_sales_commission_system.TestExistingDashboardComponents" name="test_monthly_trend_endpoint" time="0.536" /><testcase classname="backend.tests.test_sales_commission_system.TestExistingDashboardComponents" name="test_sales_by_course_endpoint" time="0.564" /><testcase classname="backend.tests.test_sales_commission_system.TestExistingDashboardComponents" name="test_leaderboard_endpoint" time="0.537" /><testcase classname="backend.tests.test_sales_commission_system.TestExistingDashboardComponents" name="test_filtered_stats_endpoint" time="0.975" /></testsuite></testsuites>