<?xml version="1.0" encoding="utf-8"?><testsuites name="pytest tests"><testsuite name="pytest" errors="0" failures="1" skipped="0" tests="16" time="73.276" timestamp="2026-03-25T06:01:12.644289+00:00" hostname="agent-env-3809a920-e363-4853-ae5a-deead2c7e952"><testcase classname="backend.tests.test_commission_approval.TestCommissionApprovalWorkflow" name="test_01_ceo_login" time="7.208"><failure message="AssertionError: CEO login failed&#10;assert None is not None&#10; +  where None = &lt;test_commission_approval.TestCommissionApprovalWorkflow object at 0xfee6004d4490&gt;.ceo_token">backend/tests/test_commission_approval.py:46: in test_01_ceo_login
    assert self.ceo_token is not None, "CEO login failed"
E   AssertionError: CEO login failed
E   assert None is not None
E    +  where None = &lt;test_commission_approval.TestCommissionApprovalWorkflow object at 0xfee6004d4490&gt;.ceo_token</failure></testcase><testcase classname="backend.tests.test_commission_approval.TestCommissionApprovalWorkflow" name="test_02_sales_login" time="27.271" /><testcase classname="backend.tests.test_commission_approval.TestCommissionApprovalWorkflow" name="test_03_cs_agent_login" time="1.099" /><testcase classname="backend.tests.test_commission_approval.TestCommissionApprovalWorkflow" name="test_04_ceo_can_access_commission_dashboard" time="18.060" /><testcase classname="backend.tests.test_commission_approval.TestCommissionApprovalWorkflow" name="test_05_non_ceo_cannot_approve_commissions" time="1.188" /><testcase classname="backend.tests.test_commission_approval.TestCommissionApprovalWorkflow" name="test_06_cs_agent_cannot_approve_commissions" time="1.758" /><testcase classname="backend.tests.test_commission_approval.TestCommissionApprovalWorkflow" name="test_07_ceo_can_approve_sales_commissions" time="1.051" /><testcase classname="backend.tests.test_commission_approval.TestCommissionApprovalWorkflow" name="test_08_ceo_can_approve_cs_commissions" time="1.035" /><testcase classname="backend.tests.test_commission_approval.TestCommissionApprovalWorkflow" name="test_09_approval_status_endpoint_returns_correct_data" time="1.043" /><testcase classname="backend.tests.test_commission_approval.TestCommissionApprovalWorkflow" name="test_10_non_ceo_sees_approval_status_in_dashboard" time="2.896" /><testcase classname="backend.tests.test_commission_approval.TestCommissionApprovalWorkflow" name="test_11_cs_agent_sees_approval_status_in_dashboard" time="3.745" /><testcase classname="backend.tests.test_commission_approval.TestCommissionApprovalWorkflow" name="test_12_ceo_can_revoke_sales_approval" time="1.327" /><testcase classname="backend.tests.test_commission_approval.TestCommissionApprovalWorkflow" name="test_13_ceo_can_revoke_cs_approval" time="1.002" /><testcase classname="backend.tests.test_commission_approval.TestCommissionApprovalWorkflow" name="test_14_after_revoke_status_is_pending" time="2.903" /><testcase classname="backend.tests.test_commission_approval.TestCommissionApprovalWorkflow" name="test_15_invalid_department_rejected" time="0.812" /><testcase classname="backend.tests.test_commission_approval.TestCommissionApprovalWorkflow" name="test_16_missing_params_rejected" time="0.787" /></testsuite></testsuites>