<?xml version="1.0" encoding="utf-8"?><testsuites name="pytest tests"><testsuite name="pytest" errors="0" failures="0" skipped="0" tests="27" time="52.926" timestamp="2026-03-27T02:22:25.260586+00:00" hostname="agent-env-3809a920-e363-4853-ae5a-deead2c7e952"><testcase classname="backend.tests.test_iteration_86_features.TestAuth" name="test_ceo_login" time="22.472" /><testcase classname="backend.tests.test_iteration_86_features.TestAuth" name="test_sales_login" time="0.789" /><testcase classname="backend.tests.test_iteration_86_features.TestAuth" name="test_cs_head_login" time="0.777" /><testcase classname="backend.tests.test_iteration_86_features.TestExecutiveDashboard" name="test_executive_dashboard_ceo_access" time="3.749" /><testcase classname="backend.tests.test_iteration_86_features.TestExecutiveDashboard" name="test_executive_dashboard_sales_denied" time="1.109" /><testcase classname="backend.tests.test_iteration_86_features.TestExecutiveDashboard" name="test_executive_dashboard_monthly_trend_structure" time="1.678" /><testcase classname="backend.tests.test_iteration_86_features.TestChatSystem" name="test_get_conversations_empty_or_list" time="0.787" /><testcase classname="backend.tests.test_iteration_86_features.TestChatSystem" name="test_get_chat_users" time="0.317" /><testcase classname="backend.tests.test_iteration_86_features.TestChatSystem" name="test_get_unread_count" time="0.547" /><testcase classname="backend.tests.test_iteration_86_features.TestChatSystem" name="test_create_conversation_and_send_message" time="2.182" /><testcase classname="backend.tests.test_iteration_86_features.TestChatSystem" name="test_create_conversation_requires_participants" time="0.113" /><testcase classname="backend.tests.test_iteration_86_features.TestChatSystem" name="test_send_empty_message_fails" time="0.952" /><testcase classname="backend.tests.test_iteration_86_features.TestCommissionApproval" name="test_get_approval_status" time="0.325" /><testcase classname="backend.tests.test_iteration_86_features.TestCommissionApproval" name="test_approve_sales_commissions" time="0.685" /><testcase classname="backend.tests.test_iteration_86_features.TestCommissionApproval" name="test_approve_cs_commissions" time="0.316" /><testcase classname="backend.tests.test_iteration_86_features.TestCommissionApproval" name="test_revoke_sales_approval" time="0.640" /><testcase classname="backend.tests.test_iteration_86_features.TestCommissionApproval" name="test_non_ceo_cannot_approve" time="0.095" /><testcase classname="backend.tests.test_iteration_86_features.TestCommissionApproval" name="test_invalid_department_fails" time="0.111" /><testcase classname="backend.tests.test_iteration_86_features.TestCommissionScatterData" name="test_get_scatter_data" time="0.983" /><testcase classname="backend.tests.test_iteration_86_features.TestCommissionScatterData" name="test_scatter_data_sales_user" time="1.417" /><testcase classname="backend.tests.test_iteration_86_features.TestCommissionScatterData" name="test_scatter_data_cs_user" time="2.007" /><testcase classname="backend.tests.test_iteration_86_features.TestLeadStages" name="test_get_leads_with_stages" time="1.873" /><testcase classname="backend.tests.test_iteration_86_features.TestLeadStages" name="test_enrolled_leads_have_enrolled_stage" time="1.567" /><testcase classname="backend.tests.test_iteration_86_features.TestLeadStages" name="test_rejected_leads_have_rejected_stage" time="0.543" /><testcase classname="backend.tests.test_iteration_86_features.TestCommissionDashboard" name="test_commission_dashboard_ceo" time="4.643" /><testcase classname="backend.tests.test_iteration_86_features.TestCommissionDashboard" name="test_commission_dashboard_sales" time="0.979" /><testcase classname="backend.tests.test_iteration_86_features.TestCommissionDashboard" name="test_commission_transactions" time="1.165" /></testsuite></testsuites>