<?xml version="1.0" encoding="utf-8"?><testsuites name="pytest tests"><testsuite name="pytest" errors="0" failures="2" skipped="0" tests="16" time="102.513" timestamp="2026-03-26T18:41:16.971370+00:00" hostname="agent-env-3809a920-e363-4853-ae5a-deead2c7e952"><testcase classname="backend.tests.test_iteration_85_features.Test3CXCallMinutesAPI" name="test_3cx_daily_minutes_returns_200" time="23.723" /><testcase classname="backend.tests.test_iteration_85_features.Test3CXCallMinutesAPI" name="test_3cx_daily_minutes_with_month_param" time="0.589" /><testcase classname="backend.tests.test_iteration_85_features.Test3CXCallMinutesAPI" name="test_3cx_daily_minutes_invalid_month_format" time="0.166" /><testcase classname="backend.tests.test_iteration_85_features.Test3CXCallMinutesAPI" name="test_3cx_yearly_summary_returns_200" time="0.523" /><testcase classname="backend.tests.test_iteration_85_features.Test3CXCallMinutesAPI" name="test_3cx_yearly_summary_with_year_param" time="0.549" /><testcase classname="backend.tests.test_iteration_85_features.TestStudentMigration" name="test_migrate_students_to_new_student_super_admin" time="1.220" /><testcase classname="backend.tests.test_iteration_85_features.TestStudentMigration" name="test_migrate_students_to_new_student_cs_head" time="2.341" /><testcase classname="backend.tests.test_iteration_85_features.TestBiocloudAttendanceSync" name="test_biocloud_fetch_attendance_returns_proper_error" time="32.718" /><testcase classname="backend.tests.test_iteration_85_features.TestBiocloudAttendanceSync" name="test_biocloud_fetch_attendance_with_date" time="31.738" /><testcase classname="backend.tests.test_iteration_85_features.TestAttendanceTemplateDownload" name="test_attendance_template_download_returns_200" time="2.600" /><testcase classname="backend.tests.test_iteration_85_features.TestAttendanceTemplateDownload" name="test_attendance_template_download_different_months" time="2.869" /><testcase classname="backend.tests.test_iteration_85_features.TestAttendanceTemplateDownload" name="test_attendance_template_download_invalid_month" time="0.139" /><testcase classname="backend.tests.test_iteration_85_features.TestAttendanceImport" name="test_attendance_import_endpoint_exists" time="0.947" /><testcase classname="backend.tests.test_iteration_85_features.TestActivationQuestionnaireDefaults" name="test_broker_name_default_in_code" time="0.001" /><testcase classname="backend.tests.test_iteration_85_features.TestEmployeeCurrencySelector" name="test_employee_salary_update_with_currency" time="1.729"><failure message="AttributeError: 'list' object has no attribute 'get'">backend/tests/test_iteration_85_features.py:278: in test_employee_salary_update_with_currency
    employees = data.get("items") or data.get("employees") or (data if isinstance(data, list) else [])
                ^^^^^^^^
E   AttributeError: 'list' object has no attribute 'get'</failure></testcase><testcase classname="backend.tests.test_iteration_85_features.TestEmployeeCurrencySelector" name="test_employee_salary_supports_inr_currency" time="0.548"><failure message="AttributeError: 'list' object has no attribute 'get'">backend/tests/test_iteration_85_features.py:314: in test_employee_salary_supports_inr_currency
    employees = data.get("items") or data.get("employees") or (data if isinstance(data, list) else [])
                ^^^^^^^^
E   AttributeError: 'list' object has no attribute 'get'</failure></testcase></testsuite></testsuites>