<?xml version="1.0" encoding="utf-8"?><testsuites name="pytest tests"><testsuite name="pytest" errors="0" failures="0" skipped="0" tests="12" time="40.031" timestamp="2026-03-16T20:26:33.573492+00:00" hostname="agent-env-6e28c26e-9d73-4640-bde4-863c4ab6d93e"><testcase classname="backend.tests.test_mentor_dashboard_commission_fix.TestCommissionFix" name="test_edwin_net_commission_rate_is_one_percent" time="3.901" /><testcase classname="backend.tests.test_mentor_dashboard_commission_fix.TestCommissionFix" name="test_edwin_team_override_is_half_percent" time="3.891" /><testcase classname="backend.tests.test_mentor_dashboard_commission_fix.TestCommissionFix" name="test_regular_mentor_net_commission_is_one_percent" time="3.269" /><testcase classname="backend.tests.test_mentor_dashboard_commission_fix.TestCommissionFix" name="test_regular_mentor_no_team_override" time="3.671" /><testcase classname="backend.tests.test_mentor_dashboard_commission_fix.TestCommissionFix" name="test_leaderboard_returns_mentor_data" time="2.379" /><testcase classname="backend.tests.test_mentor_dashboard_commission_fix.TestCommissionFix" name="test_revenue_chart_returns_mentor_data" time="2.143" /><testcase classname="backend.tests.test_mentor_dashboard_commission_fix.TestCommissionFix" name="test_monthly_trend_returns_data" time="2.423" /><testcase classname="backend.tests.test_mentor_dashboard_commission_fix.TestCommissionFix" name="test_edwin_team_view_aggregates_team_data" time="4.144" /><testcase classname="backend.tests.test_mentor_dashboard_commission_fix.TestCommissionFix" name="test_ashwin_individual_view_only" time="3.215" /><testcase classname="backend.tests.test_mentor_dashboard_commission_fix.TestCommissionFix" name="test_bonus_slabs_structure" time="3.954" /><testcase classname="backend.tests.test_mentor_dashboard_commission_fix.TestCommissionFix" name="test_student_stages_present" time="3.886" /><testcase classname="backend.tests.test_mentor_dashboard_commission_fix.TestCommissionCalculation" name="test_commission_formula_verification" time="3.077" /></testsuite></testsuites>