<?xml version="1.0" encoding="utf-8"?><testsuites name="pytest tests"><testsuite name="pytest" errors="0" failures="0" skipped="0" tests="15" time="3.242" timestamp="2026-02-08T02:59:19.970702+00:00" hostname="agent-env-990e7438-cab7-4dca-ba13-8fffb76568b1"><testcase classname="backend.tests.test_reminder_followups.TestAuth" name="test_login_success" time="0.296" /><testcase classname="backend.tests.test_reminder_followups.TestLeadReminder" name="test_set_lead_reminder" time="0.350" /><testcase classname="backend.tests.test_reminder_followups.TestLeadReminder" name="test_lead_has_reminder_fields" time="0.073" /><testcase classname="backend.tests.test_reminder_followups.TestLeadReminder" name="test_complete_lead_reminder" time="0.109" /><testcase classname="backend.tests.test_reminder_followups.TestStudentReminder" name="test_set_student_reminder_upgrade" time="0.411" /><testcase classname="backend.tests.test_reminder_followups.TestStudentReminder" name="test_set_student_reminder_redeposit" time="0.034" /><testcase classname="backend.tests.test_reminder_followups.TestStudentReminder" name="test_complete_student_reminder" time="0.068" /><testcase classname="backend.tests.test_reminder_followups.TestFollowupsToday" name="test_get_todays_followups" time="0.289" /><testcase classname="backend.tests.test_reminder_followups.TestFollowupsToday" name="test_followups_with_lead_reminder_today" time="0.184" /><testcase classname="backend.tests.test_reminder_followups.TestUserEnvironmentAccess" name="test_create_user_with_environment_access" time="0.555" /><testcase classname="backend.tests.test_reminder_followups.TestUserEnvironmentAccess" name="test_update_user_environment_access" time="0.320" /><testcase classname="backend.tests.test_reminder_followups.TestUserEnvironmentAccess" name="test_get_users_shows_environment_access" time="0.032" /><testcase classname="backend.tests.test_reminder_followups.TestExistingEndpoints" name="test_get_leads" time="0.333" /><testcase classname="backend.tests.test_reminder_followups.TestExistingEndpoints" name="test_get_students" time="0.035" /><testcase classname="backend.tests.test_reminder_followups.TestExistingEndpoints" name="test_get_users" time="0.033" /></testsuite></testsuites>