<?xml version="1.0" encoding="utf-8"?><testsuites name="pytest tests"><testsuite name="pytest" errors="0" failures="0" skipped="0" tests="12" time="39.601" timestamp="2026-03-28T00:11:40.066356+00:00" hostname="agent-env-3809a920-e363-4853-ae5a-deead2c7e952"><testcase classname="backend.tests.test_iteration_91_attendance_settings.TestAttendanceSettingsAPI" name="test_get_holidays_2026" time="21.511" /><testcase classname="backend.tests.test_iteration_91_attendance_settings.TestAttendanceSettingsAPI" name="test_create_holiday_date_range" time="2.402" /><testcase classname="backend.tests.test_iteration_91_attendance_settings.TestAttendanceSettingsAPI" name="test_delete_holiday" time="1.677" /><testcase classname="backend.tests.test_iteration_91_attendance_settings.TestAttendanceSettingsAPI" name="test_get_attendance_rules" time="1.217" /><testcase classname="backend.tests.test_iteration_91_attendance_settings.TestAttendanceSettingsAPI" name="test_update_attendance_rules" time="1.508" /><testcase classname="backend.tests.test_iteration_91_attendance_settings.TestAttendanceSettingsAPI" name="test_get_shifts" time="1.197" /><testcase classname="backend.tests.test_iteration_91_attendance_settings.TestAttendanceSettingsAPI" name="test_update_shift" time="1.456" /><testcase classname="backend.tests.test_iteration_91_attendance_settings.TestAttendanceSettingsAPI" name="test_create_and_delete_shift" time="1.576" /><testcase classname="backend.tests.test_iteration_91_attendance_settings.TestAttendanceSettingsAPI" name="test_monthly_attendance_holiday_status" time="2.238" /><testcase classname="backend.tests.test_iteration_91_attendance_settings.TestAttendanceSettingsAPI" name="test_monthly_attendance_special_period" time="2.230" /><testcase classname="backend.tests.test_iteration_91_attendance_settings.TestAttendanceSettingsIntegration" name="test_special_period_affects_attendance_calculation" time="1.219" /><testcase classname="backend.tests.test_iteration_91_attendance_settings.TestAttendanceSettingsIntegration" name="test_holidays_excluded_from_working_days" time="1.302" /></testsuite></testsuites>