<?xml version="1.0" encoding="utf-8"?><testsuites name="pytest tests"><testsuite name="pytest" errors="0" failures="0" skipped="0" tests="10" time="36.863" timestamp="2026-03-29T06:07:50.066545+00:00" hostname="agent-env-3809a920-e363-4853-ae5a-deead2c7e952"><testcase classname="backend.tests.test_iteration_99.TestTransactionHistoryEndpoint" name="test_transaction_history_returns_data" time="24.841" /><testcase classname="backend.tests.test_iteration_99.TestTransactionHistoryEndpoint" name="test_transaction_history_with_super_admin" time="2.104" /><testcase classname="backend.tests.test_iteration_99.TestTransactionHistoryEndpoint" name="test_transaction_history_invalid_student" time="0.332" /><testcase classname="backend.tests.test_iteration_99.TestExecutiveTeamMoodEndpoint" name="test_team_mood_returns_data" time="0.322" /><testcase classname="backend.tests.test_iteration_99.TestExecutiveTeamMoodEndpoint" name="test_team_mood_requires_admin_role" time="1.286" /><testcase classname="backend.tests.test_iteration_99.TestExecutiveTeamMoodEndpoint" name="test_team_mood_without_auth" time="0.104" /><testcase classname="backend.tests.test_iteration_99.TestExecutiveDashboardEndpoint" name="test_executive_dashboard_returns_kpis" time="6.773" /><testcase classname="backend.tests.test_iteration_99.TestStudentsEndpoint" name="test_get_student_by_id" time="0.197" /><testcase classname="backend.tests.test_iteration_99.TestStudentsEndpoint" name="test_list_students_with_upgraded_filter" time="0.737" /><testcase classname="backend.tests.test_iteration_99.TestCallHistoryEndpoint" name="test_call_history_endpoint_exists" time="0.103" /></testsuite></testsuites>