<?xml version="1.0" encoding="utf-8"?><testsuites name="pytest tests"><testsuite name="pytest" errors="0" failures="0" skipped="0" tests="18" time="6.355" timestamp="2026-02-08T08:26:29.664356+00:00" hostname="agent-env-990e7438-cab7-4dca-ba13-8fffb76568b1"><testcase classname="backend.tests.test_new_features.TestAuth" name="test_login_success" time="0.301" /><testcase classname="backend.tests.test_new_features.TestMentorDashboard" name="test_mentor_dashboard_endpoint_exists" time="0.304" /><testcase classname="backend.tests.test_new_features.TestMentorDashboard" name="test_mentor_dashboard_returns_expected_fields" time="0.343" /><testcase classname="backend.tests.test_new_features.TestMentorDashboard" name="test_mentor_dashboard_student_stages_is_dict" time="0.299" /><testcase classname="backend.tests.test_new_features.TestMentorDashboard" name="test_mentor_dashboard_recent_activities_is_list" time="0.303" /><testcase classname="backend.tests.test_new_features.TestImportTemplates" name="test_courses_template_endpoint" time="0.299" /><testcase classname="backend.tests.test_new_features.TestImportTemplates" name="test_users_template_endpoint" time="0.299" /><testcase classname="backend.tests.test_new_features.TestImportTemplates" name="test_courses_template_has_csv_content" time="0.337" /><testcase classname="backend.tests.test_new_features.TestImportTemplates" name="test_users_template_has_csv_content" time="0.296" /><testcase classname="backend.tests.test_new_features.TestBulkImportCourses" name="test_import_courses_endpoint_accepts_file" time="0.420" /><testcase classname="backend.tests.test_new_features.TestBulkImportCourses" name="test_import_courses_validates_required_fields" time="0.296" /><testcase classname="backend.tests.test_new_features.TestBulkImportUsers" name="test_import_users_endpoint_accepts_file" time="0.870" /><testcase classname="backend.tests.test_new_features.TestBulkImportUsers" name="test_import_users_validates_role" time="0.303" /><testcase classname="backend.tests.test_new_features.TestBulkImportUsers" name="test_import_users_skips_duplicate_emails" time="0.301" /><testcase classname="backend.tests.test_new_features.TestExistingEndpoints" name="test_get_courses" time="0.321" /><testcase classname="backend.tests.test_new_features.TestExistingEndpoints" name="test_get_users" time="0.338" /><testcase classname="backend.tests.test_new_features.TestExistingEndpoints" name="test_get_leads" time="0.298" /><testcase classname="backend.tests.test_new_features.TestExistingEndpoints" name="test_get_students" time="0.295" /></testsuite></testsuites>