<?xml version="1.0" encoding="utf-8"?><testsuites name="pytest tests"><testsuite name="pytest" errors="0" failures="0" skipped="0" tests="17" time="2.529" timestamp="2026-03-06T00:39:44.052835+00:00" hostname="agent-env-d4fa4533-5d8a-4d3d-902b-c59ac7793879"><testcase classname="backend.tests.test_finance_settings_biocloud.TestAuthentication" name="test_login_success" time="0.353" /><testcase classname="backend.tests.test_finance_settings_biocloud.TestChartOfAccounts" name="test_create_chart_of_account_no_objectid_error" time="0.409" /><testcase classname="backend.tests.test_finance_settings_biocloud.TestChartOfAccounts" name="test_get_chart_of_accounts" time="0.051" /><testcase classname="backend.tests.test_finance_settings_biocloud.TestCostCenters" name="test_create_cost_center_no_objectid_error" time="0.125" /><testcase classname="backend.tests.test_finance_settings_biocloud.TestCostCenters" name="test_get_cost_centers" time="0.050" /><testcase classname="backend.tests.test_finance_settings_biocloud.TestPaymentMethods" name="test_create_payment_method_no_objectid_error" time="0.129" /><testcase classname="backend.tests.test_finance_settings_biocloud.TestPaymentMethods" name="test_get_payment_methods" time="0.076" /><testcase classname="backend.tests.test_finance_settings_biocloud.TestPaymentGateways" name="test_create_payment_gateway_no_objectid_error" time="0.114" /><testcase classname="backend.tests.test_finance_settings_biocloud.TestPaymentGateways" name="test_get_payment_gateways" time="0.058" /><testcase classname="backend.tests.test_finance_settings_biocloud.TestPSPBankMapping" name="test_create_psp_bank_mapping_no_objectid_error" time="0.130" /><testcase classname="backend.tests.test_finance_settings_biocloud.TestPSPBankMapping" name="test_get_psp_bank_mappings" time="0.050" /><testcase classname="backend.tests.test_finance_settings_biocloud.TestBankAccounts" name="test_create_bank_account_no_objectid_error" time="0.103" /><testcase classname="backend.tests.test_finance_settings_biocloud.TestBankAccounts" name="test_get_bank_accounts" time="0.049" /><testcase classname="backend.tests.test_finance_settings_biocloud.TestVendors" name="test_create_vendor_no_objectid_error" time="0.103" /><testcase classname="backend.tests.test_finance_settings_biocloud.TestVendors" name="test_get_vendors" time="0.051" /><testcase classname="backend.tests.test_finance_settings_biocloud.TestBioCloudSync" name="test_biocloud_status" time="0.542" /><testcase classname="backend.tests.test_finance_settings_biocloud.TestBioCloudSync" name="test_biocloud_sync_history" time="0.066" /></testsuite></testsuites>