<?xml version="1.0" encoding="utf-8"?><testsuites name="pytest tests"><testsuite name="pytest" errors="0" failures="0" skipped="0" tests="14" time="4.474" timestamp="2026-03-11T19:12:44.373606+00:00" hostname="agent-env-a3963380-ccbd-46aa-b105-0a82d7c23535"><testcase classname="backend.tests.test_manual_attendance_import.TestAttendanceTemplateDownload" name="test_download_template_success" time="0.846" /><testcase classname="backend.tests.test_manual_attendance_import.TestAttendanceTemplateDownload" name="test_download_template_invalid_month" time="0.171" /><testcase classname="backend.tests.test_manual_attendance_import.TestAttendanceTemplateDownload" name="test_download_template_xlsx_structure" time="0.384" /><testcase classname="backend.tests.test_manual_attendance_import.TestAttendanceTemplateDownload" name="test_download_template_has_employee_data" time="0.137" /><testcase classname="backend.tests.test_manual_attendance_import.TestAttendanceTemplateDownload" name="test_download_template_attendance_columns_initialized" time="0.187" /><testcase classname="backend.tests.test_manual_attendance_import.TestAttendanceImport" name="test_import_attendance_with_valid_data" time="0.318" /><testcase classname="backend.tests.test_manual_attendance_import.TestAttendanceImport" name="test_import_validates_total_days" time="0.284" /><testcase classname="backend.tests.test_manual_attendance_import.TestAttendanceImport" name="test_import_invalid_month_format" time="0.246" /><testcase classname="backend.tests.test_manual_attendance_import.TestAttendanceImport" name="test_import_creates_correct_record_types" time="0.325" /><testcase classname="backend.tests.test_manual_attendance_import.TestReImport" name="test_reimport_replaces_manual_records" time="0.591" /><testcase classname="backend.tests.test_manual_attendance_import.TestPayrollIntegration" name="test_payroll_picks_up_imported_attendance" time="0.456" /><testcase classname="backend.tests.test_manual_attendance_import.TestFrontendIntegration" name="test_attendance_page_loads" time="0.176" /><testcase classname="backend.tests.test_manual_attendance_import.TestFrontendIntegration" name="test_auth_required_for_template" time="0.160" /><testcase classname="backend.tests.test_manual_attendance_import.TestFrontendIntegration" name="test_auth_required_for_import" time="0.124" /></testsuite></testsuites>