<?xml version="1.0" encoding="utf-8"?><testsuites name="pytest tests"><testsuite name="pytest" errors="0" failures="0" skipped="0" tests="21" time="70.477" timestamp="2026-03-25T18:03:08.394027+00:00" hostname="agent-env-3809a920-e363-4853-ae5a-deead2c7e952"><testcase classname="backend.tests.test_cross_mentor_deposits.TestCrossMentorDeposits" name="test_student_search_endpoint_exists" time="22.236" /><testcase classname="backend.tests.test_cross_mentor_deposits.TestCrossMentorDeposits" name="test_student_search_returns_list" time="0.054" /><testcase classname="backend.tests.test_cross_mentor_deposits.TestCrossMentorDeposits" name="test_student_search_result_fields" time="0.054" /><testcase classname="backend.tests.test_cross_mentor_deposits.TestCrossMentorDeposits" name="test_cross_deposits_list_endpoint" time="0.470" /><testcase classname="backend.tests.test_cross_mentor_deposits.TestCrossMentorDeposits" name="test_cross_deposits_with_period_filter" time="0.474" /><testcase classname="backend.tests.test_cross_mentor_deposits.TestCrossMentorDeposits" name="test_cross_deposits_effort_summary_structure" time="0.486" /><testcase classname="backend.tests.test_cross_mentor_deposits.TestCrossMentorDeposits" name="test_effort_summary_endpoint" time="0.683" /><testcase classname="backend.tests.test_cross_mentor_deposits.TestCrossMentorDeposits" name="test_effort_summary_has_required_fields" time="0.687" /><testcase classname="backend.tests.test_cross_mentor_deposits.TestCrossMentorDeposits" name="test_effort_summary_total_calculation" time="0.682" /><testcase classname="backend.tests.test_cross_mentor_deposits.TestCrossMentorDeposits" name="test_mentor_dashboard_endpoint" time="6.781" /><testcase classname="backend.tests.test_cross_mentor_deposits.TestCrossMentorDeposits" name="test_mentor_dashboard_commission_fields" time="6.381" /><testcase classname="backend.tests.test_cross_mentor_deposits.TestCrossMentorDeposits" name="test_mentor_dashboard_bonus_structure" time="6.370" /><testcase classname="backend.tests.test_cross_mentor_deposits.TestCrossMentorDeposits" name="test_mentor_dashboard_total_commission_calculation" time="6.387" /><testcase classname="backend.tests.test_cross_mentor_deposits.TestCrossMentorDeposits" name="test_record_cross_deposit_requires_student_id" time="0.053" /><testcase classname="backend.tests.test_cross_mentor_deposits.TestCrossMentorDeposits" name="test_record_cross_deposit_requires_positive_amount" time="0.051" /><testcase classname="backend.tests.test_cross_mentor_deposits.TestCrossMentorDeposits" name="test_record_cross_deposit_validates_student" time="0.266" /><testcase classname="backend.tests.test_cross_mentor_deposits.TestCrossMentorDeposits" name="test_admin_can_access_cross_deposits" time="1.416" /><testcase classname="backend.tests.test_cross_mentor_deposits.TestCrossMentorDeposits" name="test_admin_can_access_effort_summary" time="0.696" /><testcase classname="backend.tests.test_cross_mentor_deposits.TestMentorDashboardCommission" name="test_dashboard_individual_view" time="3.416" /><testcase classname="backend.tests.test_cross_mentor_deposits.TestMentorDashboardCommission" name="test_dashboard_team_view_for_master" time="6.377" /><testcase classname="backend.tests.test_cross_mentor_deposits.TestMentorDashboardCommission" name="test_dashboard_revenue_fields" time="6.377" /></testsuite></testsuites>