<?xml version="1.0" encoding="utf-8"?><testsuites name="pytest tests"><testsuite name="pytest" errors="0" failures="1" skipped="0" tests="13" time="56.368" timestamp="2026-03-25T11:49:30.042147+00:00" hostname="agent-env-3809a920-e363-4853-ae5a-deead2c7e952"><testcase classname="backend.tests.test_p0_iteration_78.TestAnzilRoleChange" name="test_anzil_has_quality_control_role" time="18.310" /><testcase classname="backend.tests.test_p0_iteration_78.TestAnzilRoleChange" name="test_anzil_has_zero_students" time="1.910" /><testcase classname="backend.tests.test_p0_iteration_78.TestClosureTimeEndpoint" name="test_closure_time_endpoint_exists" time="1.346" /><testcase classname="backend.tests.test_p0_iteration_78.TestClosureTimeEndpoint" name="test_closure_time_returns_summary" time="1.424" /><testcase classname="backend.tests.test_p0_iteration_78.TestClosureTimeEndpoint" name="test_closure_time_returns_agents" time="1.344" /><testcase classname="backend.tests.test_p0_iteration_78.TestClosureTimeEndpoint" name="test_closure_time_with_period_filter" time="1.344" /><testcase classname="backend.tests.test_p0_iteration_78.TestDateFieldAnyFilter" name="test_leads_with_date_field_any" time="1.945" /><testcase classname="backend.tests.test_p0_iteration_78.TestDateFieldAnyFilter" name="test_date_field_any_includes_enrolled_leads" time="2.957" /><testcase classname="backend.tests.test_p0_iteration_78.TestDateFieldAnyFilter" name="test_date_field_any_vs_created_at" time="4.116" /><testcase classname="backend.tests.test_p0_iteration_78.TestDashboardStatsAvgClosureDays" name="test_dashboard_stats_has_avg_closure_days" time="6.647" /><testcase classname="backend.tests.test_p0_iteration_78.TestDashboardStatsAvgClosureDays" name="test_dashboard_stats_has_closures_this_month" time="6.718" /><testcase classname="backend.tests.test_p0_iteration_78.TestCSAgentListExcludesAnzil" name="test_cs_agents_list_excludes_quality_control" time="1.305" /><testcase classname="backend.tests.test_p0_iteration_78.TestSLABreachOptimization" name="test_dashboard_stats_performance" time="6.888"><failure message="AssertionError: Dashboard stats took 6.11s, should be &lt; 5s&#10;assert 6.108901500701904 &lt; 5">backend/tests/test_p0_iteration_78.py:293: in test_dashboard_stats_performance
    assert elapsed &lt; 5, f"Dashboard stats took {elapsed:.2f}s, should be &lt; 5s"
E   AssertionError: Dashboard stats took 6.11s, should be &lt; 5s
E   assert 6.108901500701904 &lt; 5</failure></testcase></testsuite></testsuites>