<?xml version="1.0" encoding="utf-8"?><testsuites name="pytest tests"><testsuite name="pytest" errors="0" failures="0" skipped="0" tests="12" time="58.131" timestamp="2026-03-29T02:31:07.333698+00:00" hostname="agent-env-3809a920-e363-4853-ae5a-deead2c7e952"><testcase classname="backend.tests.test_claret_onboarding.TestOnboardingQuestionsEndpoint" name="test_get_english_questions" time="21.963" /><testcase classname="backend.tests.test_claret_onboarding.TestOnboardingQuestionsEndpoint" name="test_get_hinglish_questions" time="0.175" /><testcase classname="backend.tests.test_claret_onboarding.TestOnboardingQuestionsEndpoint" name="test_get_manglish_questions" time="0.105" /><testcase classname="backend.tests.test_claret_onboarding.TestOnboardingQuestionsEndpoint" name="test_default_language_fallback" time="0.165" /><testcase classname="backend.tests.test_claret_onboarding.TestClaretProfileEndpoint" name="test_get_profile_new_user" time="1.430" /><testcase classname="backend.tests.test_claret_onboarding.TestClaretProfileEndpoint" name="test_save_profile" time="0.783" /><testcase classname="backend.tests.test_claret_onboarding.TestClaretProfileEndpoint" name="test_save_profile_hinglish" time="0.519" /><testcase classname="backend.tests.test_claret_onboarding.TestClaretProfileEndpoint" name="test_update_existing_profile" time="0.790" /><testcase classname="backend.tests.test_claret_onboarding.TestClaretChatWithRole" name="test_chat_with_user_role" time="8.623" /><testcase classname="backend.tests.test_claret_onboarding.TestClaretChatWithRole" name="test_chat_with_cs_head_role" time="12.717" /><testcase classname="backend.tests.test_claret_onboarding.TestClaretChatWithRole" name="test_chat_erp_data_query" time="10.308" /><testcase classname="backend.tests.test_claret_onboarding.TestClaretProfileForExistingUser" name="test_get_profile_for_logged_in_user" time="0.470" /></testsuite></testsuites>