<?xml version="1.0" encoding="utf-8"?><testsuites name="pytest tests"><testsuite name="pytest" errors="0" failures="1" skipped="0" tests="15" time="35.638" timestamp="2026-03-23T19:35:45.826030+00:00" hostname="agent-env-340ea0d1-e559-406f-b93f-89539798f16e"><testcase classname="backend.tests.test_new_features_iteration67.TestAuthentication" name="test_login_success" time="23.246" /><testcase classname="backend.tests.test_new_features_iteration67.TestNotificationCenter" name="test_get_notifications_returns_paginated_response" time="1.591" /><testcase classname="backend.tests.test_new_features_iteration67.TestNotificationCenter" name="test_get_notifications_with_pagination" time="0.737" /><testcase classname="backend.tests.test_new_features_iteration67.TestNotificationCenter" name="test_mark_all_notifications_read" time="0.398" /><testcase classname="backend.tests.test_new_features_iteration67.TestCertificateGeneration" name="test_generate_certificate_returns_pdf_base64" time="1.256" /><testcase classname="backend.tests.test_new_features_iteration67.TestCertificateGeneration" name="test_generate_certificate_requires_student_name" time="0.178" /><testcase classname="backend.tests.test_new_features_iteration67.TestCertificateGeneration" name="test_get_certificates_list" time="0.315" /><testcase classname="backend.tests.test_new_features_iteration67.TestReportBuilder" name="test_get_report_collections" time="0.873" /><testcase classname="backend.tests.test_new_features_iteration67.TestReportBuilder" name="test_generate_report_leads" time="0.522"><failure message="AssertionError: Missing field email in row&#10;assert 'email' in {'full_name': 'AG NE SH', 'stage': 'new_lead'}">backend/tests/test_new_features_iteration67.py:207: in test_generate_report_leads
    assert field in row, f"Missing field {field} in row"
E   AssertionError: Missing field email in row
E   assert 'email' in {'full_name': 'AG NE SH', 'stage': 'new_lead'}</failure></testcase><testcase classname="backend.tests.test_new_features_iteration67.TestReportBuilder" name="test_generate_report_with_filters" time="0.567" /><testcase classname="backend.tests.test_new_features_iteration67.TestReportBuilder" name="test_generate_report_invalid_collection" time="0.125" /><testcase classname="backend.tests.test_new_features_iteration67.TestRevenueForecast" name="test_get_revenue_forecast" time="5.285" /><testcase classname="backend.tests.test_new_features_iteration67.TestAccessControl" name="test_reports_requires_auth" time="0.135" /><testcase classname="backend.tests.test_new_features_iteration67.TestAccessControl" name="test_forecasting_requires_auth" time="0.115" /><testcase classname="backend.tests.test_new_features_iteration67.TestAccessControl" name="test_certificates_requires_auth" time="0.160" /></testsuite></testsuites>