<?xml version="1.0" encoding="utf-8"?><testsuites name="pytest tests"><testsuite name="pytest" errors="0" failures="0" skipped="0" tests="19" time="1.849" timestamp="2026-02-22T20:10:33.771247+00:00" hostname="agent-env-02456728-b7fd-4faa-b19f-b60bafabc162"><testcase classname="backend.tests.test_hr_module.TestHRDashboard" name="test_hr_dashboard_loads" time="0.513" /><testcase classname="backend.tests.test_hr_module.TestLeaveManagement" name="test_get_leave_requests" time="0.052" /><testcase classname="backend.tests.test_hr_module.TestLeaveManagement" name="test_get_pending_approvals" time="0.054" /><testcase classname="backend.tests.test_hr_module.TestLeaveManagement" name="test_get_leave_by_status" time="0.055" /><testcase classname="backend.tests.test_hr_module.TestAttendance" name="test_get_attendance_records" time="0.051" /><testcase classname="backend.tests.test_hr_module.TestAttendance" name="test_get_regularization_requests" time="0.058" /><testcase classname="backend.tests.test_hr_module.TestPayroll" name="test_get_payroll_batches" time="0.065" /><testcase classname="backend.tests.test_hr_module.TestPayroll" name="test_get_payroll_records" time="0.054" /><testcase classname="backend.tests.test_hr_module.TestPerformanceManagement" name="test_get_kpis" time="0.057" /><testcase classname="backend.tests.test_hr_module.TestPerformanceManagement" name="test_get_kpi_scores" time="0.062" /><testcase classname="backend.tests.test_hr_module.TestPerformanceManagement" name="test_get_performance_reviews" time="0.069" /><testcase classname="backend.tests.test_hr_module.TestAssetManagement" name="test_get_assets" time="0.062" /><testcase classname="backend.tests.test_hr_module.TestAssetManagement" name="test_get_assets_dashboard" time="0.056" /><testcase classname="backend.tests.test_hr_module.TestAssetManagement" name="test_get_asset_requests" time="0.091" /><testcase classname="backend.tests.test_hr_module.TestHRAnalytics" name="test_analytics_overview" time="0.059" /><testcase classname="backend.tests.test_hr_module.TestHRAnalytics" name="test_analytics_attendance" time="0.156" /><testcase classname="backend.tests.test_hr_module.TestHRAnalytics" name="test_analytics_leave" time="0.064" /><testcase classname="backend.tests.test_hr_module.TestHRAnalytics" name="test_analytics_payroll" time="0.094" /><testcase classname="backend.tests.test_hr_module.TestHREmployees" name="test_get_employees" time="0.054" /></testsuite></testsuites>