<?xml version="1.0" encoding="utf-8"?><testsuites name="pytest tests"><testsuite name="pytest" errors="0" failures="0" skipped="0" tests="13" time="128.116" timestamp="2026-03-29T11:20:30.519211+00:00" hostname="agent-env-3809a920-e363-4853-ae5a-deead2c7e952"><testcase classname="tests.test_iteration_102_claret_competitor.TestClaretReminderSystem" name="test_claret_chat_creates_reminder" time="34.349" /><testcase classname="tests.test_iteration_102_claret_competitor.TestClaretReminderSystem" name="test_get_user_schedule" time="1.282" /><testcase classname="tests.test_iteration_102_claret_competitor.TestClaretReminderSystem" name="test_get_user_reminders" time="1.222" /><testcase classname="tests.test_iteration_102_claret_competitor.TestClaretReminderSystem" name="test_delete_reminder" time="11.397" /><testcase classname="tests.test_iteration_102_claret_competitor.TestClaretEnhancedFeatures" name="test_claret_target_calculation" time="13.177" /><testcase classname="tests.test_iteration_102_claret_competitor.TestClaretEnhancedFeatures" name="test_claret_chat_with_web_context" time="18.220" /><testcase classname="tests.test_iteration_102_claret_competitor.TestCompetitorIntelligence" name="test_list_competitors_with_real_urls" time="1.293" /><testcase classname="tests.test_iteration_102_claret_competitor.TestCompetitorIntelligence" name="test_scrape_competitor" time="4.163" /><testcase classname="tests.test_iteration_102_claret_competitor.TestCompetitorIntelligence" name="test_get_competitor_intel" time="1.717" /><testcase classname="tests.test_iteration_102_claret_competitor.TestCompetitorIntelligence" name="test_generate_battle_card" time="36.336" /><testcase classname="tests.test_iteration_102_claret_competitor.TestDailyBriefingAndTeamMood" name="test_get_daily_briefing" time="3.376" /><testcase classname="tests.test_iteration_102_claret_competitor.TestDailyBriefingAndTeamMood" name="test_get_team_mood" time="1.211" /><testcase classname="tests.test_iteration_102_claret_competitor.TestAccessControl" name="test_unauthenticated_access_denied" time="0.283" /></testsuite></testsuites>