<?xml version="1.0" encoding="utf-8"?><testsuites name="pytest tests"><testsuite name="pytest" errors="0" failures="1" skipped="0" tests="17" time="97.047" timestamp="2026-03-25T06:34:32.843238+00:00" hostname="agent-env-3809a920-e363-4853-ae5a-deead2c7e952"><testcase classname="backend.tests.test_iteration_74_fixes.TestAuthentication" name="test_ceo_login" time="23.222" /><testcase classname="backend.tests.test_iteration_74_fixes.TestAuthentication" name="test_cs_head_login" time="0.771" /><testcase classname="backend.tests.test_iteration_74_fixes.TestAuthentication" name="test_sales_exec_login" time="1.025" /><testcase classname="backend.tests.test_iteration_74_fixes.TestCSDashboardStats" name="test_cs_dashboard_stats_returns_commission_data" time="10.632" /><testcase classname="backend.tests.test_iteration_74_fixes.TestCSDashboardStats" name="test_cs_dashboard_stats_individual_view" time="12.388" /><testcase classname="backend.tests.test_iteration_74_fixes.TestCEOCommissionDashboard" name="test_ceo_commission_dashboard_has_cs_commissions" time="13.442" /><testcase classname="backend.tests.test_iteration_74_fixes.TestCEOCommissionDashboard" name="test_ceo_dashboard_has_approvals" time="9.617" /><testcase classname="backend.tests.test_iteration_74_fixes.TestDepartmentHeadAssignment" name="test_users_endpoint_returns_all_active_users" time="1.892" /><testcase classname="backend.tests.test_iteration_74_fixes.TestDepartmentHeadAssignment" name="test_departments_endpoint" time="3.067" /><testcase classname="backend.tests.test_iteration_74_fixes.TestTeamLeaderMultiTeam" name="test_teams_endpoint" time="1.401" /><testcase classname="backend.tests.test_iteration_74_fixes.TestBDCRMStageChange" name="test_bd_students_endpoint" time="1.832" /><testcase classname="backend.tests.test_iteration_74_fixes.TestBDCRMStageChange" name="test_bd_stage_update_endpoint_exists" time="2.287" /><testcase classname="backend.tests.test_iteration_74_fixes.TestAccessControlPages" name="test_roles_endpoint" time="1.109" /><testcase classname="backend.tests.test_iteration_74_fixes.TestAccessControlPages" name="test_role_permissions_endpoint" time="1.036" /><testcase classname="backend.tests.test_iteration_74_fixes.TestJWTExpiry" name="test_jwt_token_valid" time="0.803"><failure message="AssertionError: JWT validation failed: {&quot;detail&quot;:&quot;Method Not Allowed&quot;}&#10;assert 405 == 200&#10; +  where 405 = &lt;Response [405]&gt;.status_code">backend/tests/test_iteration_74_fixes.py:234: in test_jwt_token_valid
    assert response.status_code == 200, f"JWT validation failed: {response.text}"
E   AssertionError: JWT validation failed: {"detail":"Method Not Allowed"}
E   assert 405 == 200
E    +  where 405 = &lt;Response [405]&gt;.status_code</failure></testcase><testcase classname="backend.tests.test_iteration_74_fixes.TestCSMergeApprovals" name="test_merge_approvals_endpoint" time="0.782" /><testcase classname="backend.tests.test_iteration_74_fixes.TestCommissionDashboardSync" name="test_cs_head_commission_dashboard" time="11.633" /></testsuite></testsuites>