<?xml version="1.0" encoding="utf-8"?><testsuites name="pytest tests"><testsuite name="pytest" errors="0" failures="0" skipped="0" tests="22" time="3.037" timestamp="2026-03-13T19:11:02.501838+00:00" hostname="agent-env-a3a6675f-004b-40b8-bbfb-d5e058fb9f1f"><testcase classname="backend.tests.test_cs_dashboard.TestCSDashboardStats" name="test_stats_returns_required_fields" time="0.727" /><testcase classname="backend.tests.test_cs_dashboard.TestCSDashboardStats" name="test_stats_values_are_numeric" time="0.072" /><testcase classname="backend.tests.test_cs_dashboard.TestCSDashboardStats" name="test_stats_with_period_filter" time="0.535" /><testcase classname="backend.tests.test_cs_dashboard.TestCSDashboardStats" name="test_stats_with_view_mode_team" time="0.082" /><testcase classname="backend.tests.test_cs_dashboard.TestCSDashboardStats" name="test_stats_with_view_mode_individual" time="0.125" /><testcase classname="backend.tests.test_cs_dashboard.TestCSDashboardAgentRevenue" name="test_agent_revenue_returns_list" time="0.143" /><testcase classname="backend.tests.test_cs_dashboard.TestCSDashboardAgentRevenue" name="test_agent_revenue_item_structure" time="0.072" /><testcase classname="backend.tests.test_cs_dashboard.TestCSDashboardAgentRevenue" name="test_agent_revenue_with_period" time="0.083" /><testcase classname="backend.tests.test_cs_dashboard.TestCSDashboardMonthlyTrend" name="test_monthly_trend_returns_list" time="0.093" /><testcase classname="backend.tests.test_cs_dashboard.TestCSDashboardMonthlyTrend" name="test_monthly_trend_item_structure" time="0.092" /><testcase classname="backend.tests.test_cs_dashboard.TestCSDashboardMonthComparison" name="test_month_comparison_returns_structure" time="0.084" /><testcase classname="backend.tests.test_cs_dashboard.TestCSDashboardMonthComparison" name="test_month_comparison_data_items" time="0.101" /><testcase classname="backend.tests.test_cs_dashboard.TestCSDashboardPipeline" name="test_pipeline_returns_list" time="0.066" /><testcase classname="backend.tests.test_cs_dashboard.TestCSDashboardPipeline" name="test_pipeline_item_structure" time="0.068" /><testcase classname="backend.tests.test_cs_dashboard.TestCSDashboardPipeline" name="test_pipeline_with_view_mode_team" time="0.053" /><testcase classname="backend.tests.test_cs_dashboard.TestCSDashboardPipeline" name="test_pipeline_with_view_mode_individual" time="0.061" /><testcase classname="backend.tests.test_cs_dashboard.TestCSDashboardLeaderboard" name="test_leaderboard_returns_list" time="0.074" /><testcase classname="backend.tests.test_cs_dashboard.TestCSDashboardLeaderboard" name="test_leaderboard_item_structure" time="0.071" /><testcase classname="backend.tests.test_cs_dashboard.TestCSDashboardLeaderboard" name="test_leaderboard_sorted_by_commission" time="0.071" /><testcase classname="backend.tests.test_cs_dashboard.TestCSDashboardLeaderboard" name="test_leaderboard_with_period" time="0.106" /><testcase classname="backend.tests.test_cs_dashboard.TestCSDashboardDataIntegrity" name="test_total_commission_equals_sum" time="0.062" /><testcase classname="backend.tests.test_cs_dashboard.TestCSDashboardDataIntegrity" name="test_leaderboard_commission_vs_stats" time="0.123" /></testsuite></testsuites>