<?xml version="1.0" encoding="utf-8"?><testsuites name="pytest tests"><testsuite name="pytest" errors="0" failures="0" skipped="0" tests="12" time="5.358" timestamp="2026-02-28T01:57:14.841071+00:00" hostname="agent-env-e779b8ba-6788-4602-8439-475bb68888a1"><testcase classname="backend.tests.test_marketing_module.TestMarketingConfig" name="test_get_marketing_config" time="0.467" /><testcase classname="backend.tests.test_marketing_module.TestMarketingAccounts" name="test_get_meta_accounts_empty" time="0.465" /><testcase classname="backend.tests.test_marketing_module.TestMarketingDashboard" name="test_get_marketing_dashboard" time="0.447" /><testcase classname="backend.tests.test_marketing_module.TestMarketingDashboard" name="test_get_marketing_dashboard_with_date_preset" time="0.739" /><testcase classname="backend.tests.test_marketing_module.TestMarketingLeads" name="test_get_marketing_leads" time="0.477" /><testcase classname="backend.tests.test_marketing_module.TestMarketingLeads" name="test_get_marketing_leads_with_filters" time="0.591" /><testcase classname="backend.tests.test_marketing_module.TestMarketingCampaigns" name="test_get_marketing_campaigns" time="0.469" /><testcase classname="backend.tests.test_marketing_module.TestMarketingWebhook" name="test_webhook_verification_success" time="0.106" /><testcase classname="backend.tests.test_marketing_module.TestMarketingWebhook" name="test_webhook_verification_failure" time="0.109" /><testcase classname="backend.tests.test_marketing_module.TestMarketingWebhook" name="test_webhook_verification_missing_params" time="0.107" /><testcase classname="backend.tests.test_marketing_module.TestMarketingOAuthStart" name="test_oauth_start_without_credentials" time="0.461" /><testcase classname="backend.tests.test_marketing_module.TestMarketingAuthorizationAccess" name="test_marketing_endpoints_require_auth" time="0.832" /></testsuite></testsuites>