<?xml version="1.0" encoding="utf-8"?><testsuites name="pytest tests"><testsuite name="pytest" errors="0" failures="0" skipped="0" tests="15" time="25.012" timestamp="2026-03-29T02:55:31.458087+00:00" hostname="agent-env-3809a920-e363-4853-ae5a-deead2c7e952"><testcase classname="backend.tests.test_iteration_98.TestAuthentication" name="test_super_admin_login" time="0.987" /><testcase classname="backend.tests.test_iteration_98.TestAuthentication" name="test_sales_exec_login" time="0.950" /><testcase classname="backend.tests.test_iteration_98.TestSecurityEndpoints" name="test_claret_profiles_admin_access" time="1.695" /><testcase classname="backend.tests.test_iteration_98.TestSecurityEndpoints" name="test_claret_profiles_sales_exec_denied" time="1.098" /><testcase classname="backend.tests.test_iteration_98.TestSecurityEndpoints" name="test_team_chat_data_admin_access" time="1.290" /><testcase classname="backend.tests.test_iteration_98.TestSecurityEndpoints" name="test_team_chat_data_sales_exec_denied" time="1.050" /><testcase classname="backend.tests.test_iteration_98.TestSecurityEndpoints" name="test_claret_chats_admin_access" time="1.902" /><testcase classname="backend.tests.test_iteration_98.TestClaretOnboarding" name="test_onboarding_questions_english" time="0.107" /><testcase classname="backend.tests.test_iteration_98.TestClaretOnboarding" name="test_onboarding_questions_hinglish" time="0.103" /><testcase classname="backend.tests.test_iteration_98.TestClaretOnboarding" name="test_onboarding_questions_manglish" time="0.117" /><testcase classname="backend.tests.test_iteration_98.TestSalesDirectoryAPI" name="test_leads_enrolled_filter" time="5.688" /><testcase classname="backend.tests.test_iteration_98.TestSalesDirectoryAPI" name="test_leads_date_filter" time="3.475" /><testcase classname="backend.tests.test_iteration_98.TestSalesDirectoryAPI" name="test_leads_agent_filter" time="1.999" /><testcase classname="backend.tests.test_iteration_98.TestSalesCRMTableView" name="test_leads_list_for_table_view" time="1.740" /><testcase classname="backend.tests.test_iteration_98.TestAccessControl" name="test_sales_exec_can_access_leads" time="2.750" /></testsuite></testsuites>