<?xml version="1.0" encoding="utf-8"?><testsuites name="pytest tests"><testsuite name="pytest" errors="0" failures="0" skipped="0" tests="15" time="0.994" timestamp="2026-02-06T08:13:22.407168+00:00" hostname="agent-env-d7a9012f-d461-48e1-b51d-0db2689dcf11"><testcase classname="backend.tests.test_sla_features.TestSLAConfig" name="test_get_sla_config" time="0.337" /><testcase classname="backend.tests.test_sla_features.TestSLABreaches" name="test_get_sla_breaches" time="0.018" /><testcase classname="backend.tests.test_sla_features.TestLeadsPool" name="test_get_leads_pool" time="0.052" /><testcase classname="backend.tests.test_sla_features.TestLeadsPool" name="test_create_lead_with_sla_fields" time="0.012" /><testcase classname="backend.tests.test_sla_features.TestLeadsPool" name="test_lead_stage_update_resets_sla" time="0.117" /><testcase classname="backend.tests.test_sla_features.TestCustomerMaster" name="test_get_customers" time="0.050" /><testcase classname="backend.tests.test_sla_features.TestCustomerMaster" name="test_get_customers_with_search" time="0.052" /><testcase classname="backend.tests.test_sla_features.TestCustomerMaster" name="test_customer_not_found" time="0.010" /><testcase classname="backend.tests.test_sla_features.TestLeadsPoolAssignment" name="test_assign_lead_from_pool_round_robin" time="0.072" /><testcase classname="backend.tests.test_sla_features.TestSLACheck" name="test_trigger_sla_check" time="0.010" /><testcase classname="backend.tests.test_sla_features.TestExistingEndpoints" name="test_get_leads" time="0.013" /><testcase classname="backend.tests.test_sla_features.TestExistingEndpoints" name="test_get_students" time="0.052" /><testcase classname="backend.tests.test_sla_features.TestExistingEndpoints" name="test_get_payments" time="0.010" /><testcase classname="backend.tests.test_sla_features.TestExistingEndpoints" name="test_dashboard_stats" time="0.061" /><testcase classname="backend.tests.test_sla_features.TestCleanup" name="test_cleanup_test_leads" time="0.021" /></testsuite></testsuites>