<?xml version="1.0" encoding="utf-8"?><testsuites name="pytest tests"><testsuite name="pytest" errors="0" failures="0" skipped="0" tests="18" time="50.566" timestamp="2026-03-28T06:47:01.053323+00:00" hostname="agent-env-3809a920-e363-4853-ae5a-deead2c7e952"><testcase classname="tests.test_claret_kb_module.TestKnowledgeBase" name="test_kb_list_empty_or_existing" time="27.460" /><testcase classname="tests.test_claret_kb_module.TestKnowledgeBase" name="test_kb_upload_document" time="0.542" /><testcase classname="tests.test_claret_kb_module.TestKnowledgeBase" name="test_kb_get_document" time="0.317" /><testcase classname="tests.test_claret_kb_module.TestKnowledgeBase" name="test_kb_download_document" time="0.351" /><testcase classname="tests.test_claret_kb_module.TestKnowledgeBase" name="test_kb_filter_by_category" time="0.520" /><testcase classname="tests.test_claret_kb_module.TestKnowledgeBase" name="test_kb_delete_document" time="0.772" /><testcase classname="tests.test_claret_kb_module.TestClaretChat" name="test_claret_chat_send_message" time="6.916" /><testcase classname="tests.test_claret_kb_module.TestClaretChat" name="test_claret_chat_with_session" time="8.393" /><testcase classname="tests.test_claret_kb_module.TestClaretChat" name="test_claret_chat_history" time="0.338" /><testcase classname="tests.test_claret_kb_module.TestClaretChat" name="test_claret_chat_sessions" time="0.301" /><testcase classname="tests.test_claret_kb_module.TestMoodScoring" name="test_my_mood_scores" time="0.324" /><testcase classname="tests.test_claret_kb_module.TestMoodScoring" name="test_team_mood_overview_ceo" time="0.303" /><testcase classname="tests.test_claret_kb_module.TestMoodScoring" name="test_mood_analytics_ceo" time="0.306" /><testcase classname="tests.test_claret_kb_module.TestMoodScoring" name="test_team_mood_forbidden_for_cs_head" time="1.300" /><testcase classname="tests.test_claret_kb_module.TestClaretSettings" name="test_get_settings" time="0.309" /><testcase classname="tests.test_claret_kb_module.TestClaretSettings" name="test_update_settings" time="0.569" /><testcase classname="tests.test_claret_kb_module.TestOrganizationMap" name="test_org_map_loads" time="0.724" /><testcase classname="tests.test_claret_kb_module.TestOrganizationMap" name="test_org_map_has_departments" time="0.722" /></testsuite></testsuites>