<?xml version="1.0" encoding="utf-8"?><testsuites name="pytest tests"><testsuite name="pytest" errors="0" failures="0" skipped="0" tests="19" time="9.093" timestamp="2026-03-15T20:35:32.019874+00:00" hostname="agent-env-7e1bfced-faf0-4d95-80cd-7d3227123a68"><testcase classname="tests.test_role_dashboards.TestSalesAgentClosingsEndpoint" name="test_sales_agent_closings_as_super_admin" time="0.604" /><testcase classname="tests.test_role_dashboards.TestSalesAgentClosingsEndpoint" name="test_sales_agent_closings_as_sales_agent" time="0.503" /><testcase classname="tests.test_role_dashboards.TestSalesAgentClosingsEndpoint" name="test_sales_agent_closings_as_team_leader" time="0.466" /><testcase classname="tests.test_role_dashboards.TestSalesAgentClosingsEndpoint" name="test_sales_agent_closings_as_cs_agent" time="0.470" /><testcase classname="tests.test_role_dashboards.TestCSDashboardEndpoints" name="test_cs_dashboard_stats_as_cs_agent_individual" time="0.476" /><testcase classname="tests.test_role_dashboards.TestCSDashboardEndpoints" name="test_cs_dashboard_stats_as_cs_head_team" time="0.456" /><testcase classname="tests.test_role_dashboards.TestCSDashboardEndpoints" name="test_cs_dashboard_agent_revenue" time="0.462" /><testcase classname="tests.test_role_dashboards.TestCSDashboardEndpoints" name="test_cs_dashboard_leaderboard" time="0.451" /><testcase classname="tests.test_role_dashboards.TestCSDashboardEndpoints" name="test_cs_dashboard_monthly_trend" time="0.469" /><testcase classname="tests.test_role_dashboards.TestSalesDashboardEndpoints" name="test_sales_filtered_stats_as_sales_agent" time="0.460" /><testcase classname="tests.test_role_dashboards.TestSalesDashboardEndpoints" name="test_sales_filtered_stats_as_team_leader" time="0.469" /><testcase classname="tests.test_role_dashboards.TestSalesDashboardEndpoints" name="test_sales_team_revenue" time="0.449" /><testcase classname="tests.test_role_dashboards.TestSalesDashboardEndpoints" name="test_sales_leaderboard" time="0.479" /><testcase classname="tests.test_role_dashboards.TestSalesDashboardEndpoints" name="test_lead_funnel" time="0.470" /><testcase classname="tests.test_role_dashboards.TestUserAuthentication" name="test_cs_agent_login" time="0.463" /><testcase classname="tests.test_role_dashboards.TestUserAuthentication" name="test_cs_head_login" time="0.474" /><testcase classname="tests.test_role_dashboards.TestUserAuthentication" name="test_sales_agent_login" time="0.449" /><testcase classname="tests.test_role_dashboards.TestUserAuthentication" name="test_team_leader_login" time="0.471" /><testcase classname="tests.test_role_dashboards.TestUserAuthentication" name="test_super_admin_login" time="0.460" /></testsuite></testsuites>