<?xml version="1.0" encoding="utf-8"?><testsuites name="pytest tests"><testsuite name="pytest" errors="0" failures="0" skipped="0" tests="11" time="2.861" timestamp="2026-03-01T21:32:29.780207+00:00" hostname="agent-env-d2b1cf52-9d8d-4597-a65b-bb1b49f3ab6e"><testcase classname="backend.tests.test_finance_verification_flow.TestFinanceVerificationFlow" name="test_01_get_courses_for_enrollment" time="0.513" /><testcase classname="backend.tests.test_finance_verification_flow.TestFinanceVerificationFlow" name="test_02_create_lead_for_enrollment" time="0.249" /><testcase classname="backend.tests.test_finance_verification_flow.TestFinanceVerificationFlow" name="test_03_enroll_lead_with_payment_details" time="0.111" /><testcase classname="backend.tests.test_finance_verification_flow.TestFinanceVerificationFlow" name="test_04_finance_verification_created_with_all_fields" time="0.134" /><testcase classname="backend.tests.test_finance_verification_flow.TestFinanceVerificationFlow" name="test_05_get_verification_detail" time="0.125" /><testcase classname="backend.tests.test_finance_verification_flow.TestFinanceVerificationFlow" name="test_06_verify_requires_transaction_reference" time="0.151" /><testcase classname="backend.tests.test_finance_verification_flow.TestFinanceVerificationFlow" name="test_07_verify_with_transaction_reference" time="0.117" /><testcase classname="backend.tests.test_finance_verification_flow.TestFinanceVerificationFlow" name="test_08_split_payment_enrollment" time="0.494" /><testcase classname="backend.tests.test_finance_verification_flow.TestFinanceVerificationFlow" name="test_09_finance_transactions_api" time="0.109" /><testcase classname="backend.tests.test_finance_verification_flow.TestFinanceVerificationFlow" name="test_99_cleanup_test_data" time="0.337" /><testcase classname="backend.tests.test_finance_verification_flow.TestFinanceVerificationsPageData" name="test_verification_has_all_ui_required_fields" time="0.447" /></testsuite></testsuites>