<?xml version="1.0" encoding="utf-8"?><testsuites name="pytest tests"><testsuite name="pytest" errors="0" failures="1" skipped="2" tests="20" time="279.905" timestamp="2026-03-25T09:14:26.642463+00:00" hostname="agent-env-3809a920-e363-4853-ae5a-deead2c7e952"><testcase classname="backend.tests.test_commission_transactions.TestCommissionTransactions" name="test_generate_transactions_ceo_only" time="1.046" /><testcase classname="backend.tests.test_commission_transactions.TestCommissionTransactions" name="test_generate_transactions_success" time="60.784"><failure message="AssertionError: Generate transactions failed: The preview environment is not responding. It may be starting up.&#10;  &#10;assert 502 == 200&#10; +  where 502 = &lt;Response [502]&gt;.status_code">backend/tests/test_commission_transactions.py:78: in test_generate_transactions_success
    assert response.status_code == 200, f"Generate transactions failed: {response.text}"
E   AssertionError: Generate transactions failed: The preview environment is not responding. It may be starting up.
E     
E   assert 502 == 200
E    +  where 502 = &lt;Response [502]&gt;.status_code</failure></testcase><testcase classname="backend.tests.test_commission_transactions.TestCommissionTransactions" name="test_get_transactions_ceo" time="1.529" /><testcase classname="backend.tests.test_commission_transactions.TestCommissionTransactions" name="test_get_transactions_filter_by_department" time="1.983" /><testcase classname="backend.tests.test_commission_transactions.TestCommissionTransactions" name="test_get_transactions_filter_by_status" time="1.036" /><testcase classname="backend.tests.test_commission_transactions.TestCommissionTransactions" name="test_get_transactions_non_ceo_sees_own_only" time="1.247" /><testcase classname="backend.tests.test_commission_transactions.TestCommissionTransactions" name="test_approve_single_transaction_ceo_only" time="1.072"><skipped type="pytest.skip" message="No pending transactions to test">/app/backend/tests/test_commission_transactions.py:147: No pending transactions to test</skipped></testcase><testcase classname="backend.tests.test_commission_transactions.TestCommissionTransactions" name="test_approve_single_transaction_success" time="1.002"><skipped type="pytest.skip" message="No pending transactions to test">/app/backend/tests/test_commission_transactions.py:165: No pending transactions to test</skipped></testcase><testcase classname="backend.tests.test_commission_transactions.TestCommissionTransactions" name="test_approve_nonexistent_transaction" time="1.000" /><testcase classname="backend.tests.test_commission_transactions.TestCommissionTransactions" name="test_bulk_approve_ceo_only" time="0.794" /><testcase classname="backend.tests.test_commission_transactions.TestCommissionTransactions" name="test_bulk_approve_by_department" time="61.327" /><testcase classname="backend.tests.test_commission_transactions.TestCommissionTransactions" name="test_bulk_approve_all_pending" time="1.083" /><testcase classname="backend.tests.test_commission_transactions.TestCommissionTransactions" name="test_edit_transaction_ceo_only" time="2.635" /><testcase classname="backend.tests.test_commission_transactions.TestCommissionTransactions" name="test_edit_transaction_success" time="64.690" /><testcase classname="backend.tests.test_commission_transactions.TestCommissionTransactions" name="test_edit_nonexistent_transaction" time="1.097" /><testcase classname="backend.tests.test_commission_transactions.TestTLCommissionDuplicationFix" name="test_ceo_dashboard_tl_earned_only_from_tl_sm" time="4.672" /><testcase classname="backend.tests.test_commission_transactions.TestTLCommissionDuplicationFix" name="test_sales_commissions_have_is_tl_or_sm_flag" time="4.232" /><testcase classname="backend.tests.test_commission_transactions.TestTLCommissionDuplicationFix" name="test_tl_pending_only_from_tl_sm" time="4.937" /><testcase classname="backend.tests.test_commission_transactions.TestTransactionDataStructure" name="test_transaction_has_required_fields" time="61.951" /><testcase classname="backend.tests.test_commission_transactions.TestTransactionDataStructure" name="test_transaction_summary_structure" time="1.700" /></testsuite></testsuites>