<?xml version="1.0" encoding="utf-8"?><testsuites name="pytest tests"><testsuite name="pytest" errors="0" failures="0" skipped="0" tests="11" time="60.514" timestamp="2026-03-27T05:55:28.549834+00:00" hostname="agent-env-3809a920-e363-4853-ae5a-deead2c7e952"><testcase classname="backend.tests.test_iteration_89_features.TestPayrollAttendanceValidation" name="test_payroll_run_returns_warning_when_no_attendance" time="25.987" /><testcase classname="backend.tests.test_iteration_89_features.TestPayrollAttendanceValidation" name="test_payroll_run_with_current_month" time="25.394" /><testcase classname="backend.tests.test_iteration_89_features.TestNetPayChartScatterData" name="test_scatter_data_returns_correct_fields" time="2.722" /><testcase classname="backend.tests.test_iteration_89_features.TestNetPayChartScatterData" name="test_scatter_data_base_salary_from_hr_employees" time="2.338" /><testcase classname="backend.tests.test_iteration_89_features.TestOrganizationMap" name="test_organization_map_returns_ceo" time="0.757" /><testcase classname="backend.tests.test_iteration_89_features.TestOrganizationMap" name="test_organization_map_returns_departments" time="0.738" /><testcase classname="backend.tests.test_iteration_89_features.TestOrganizationMap" name="test_organization_map_returns_approval_matrix" time="0.745" /><testcase classname="backend.tests.test_iteration_89_features.TestOrganizationMap" name="test_organization_map_returns_stats" time="0.733" /><testcase classname="backend.tests.test_iteration_89_features.TestOrganizationMap" name="test_organization_map_accessible_by_hr" time="1.045" /><testcase classname="backend.tests.test_iteration_89_features.TestOrganizationMapFrontendRoute" name="test_organization_route_in_app_js" time="0.000" /><testcase classname="backend.tests.test_iteration_89_features.TestOrganizationMapFrontendRoute" name="test_organization_link_in_sidebar" time="0.001" /></testsuite></testsuites>